000 (7861609.000.000) 05/18 09:33:23 Job submitted from host: <137.138.76.70:9618?addrs=137.138.76.70-9618&alias=bigbird11.cern.ch&noUDP&sock=schedd_1756_0c65_15>
...
040 (7861609.000.000) 05/18 09:35:54 Started transferring input files
	Transferring to host: <128.142.75.17:9618?addrs=128.142.75.17-9618+[2001-1458-301-75--100-120]-9618&alias=b7s11n1761.cern.ch&noUDP&sock=slot1_2_4873_381f_21597>
...
040 (7861609.000.000) 05/18 09:35:54 Finished transferring input files
...
001 (7861609.000.000) 05/18 09:35:54 Job executing on host: <128.142.75.17:9618?addrs=128.142.75.17-9618+[2001-1458-301-75--100-120]-9618&alias=b7s11n1761.cern.ch&noUDP&sock=startd_3923_6e1f>
...
006 (7861609.000.000) 05/18 09:36:03 Image size of job updated: 126248
	45  -  MemoryUsage of job (MB)
	45888  -  ResidentSetSize of job (KB)
...
006 (7861609.000.000) 05/18 09:40:26 Image size of job updated: 895468
	45  -  MemoryUsage of job (MB)
	45888  -  ResidentSetSize of job (KB)
...
040 (7861609.000.000) 05/18 09:40:26 Started transferring output files
...
040 (7861609.000.000) 05/18 09:40:26 Finished transferring output files
...
005 (7861609.000.000) 05/18 09:40:26 Job terminated.
	(1) Normal termination (return value 0)
		Usr 0 00:00:06, Sys 0 00:00:01  -  Run Remote Usage
		Usr 0 00:00:00, Sys 0 00:00:00  -  Run Local Usage
		Usr 0 00:00:06, Sys 0 00:00:01  -  Total Remote Usage
		Usr 0 00:00:00, Sys 0 00:00:00  -  Total Local Usage
	2672  -  Run Bytes Sent By Job
	43197  -  Run Bytes Received By Job
	2672  -  Total Bytes Sent By Job
	43197  -  Total Bytes Received By Job
	Partitionable Resources :    Usage  Request Allocated 
	   Cpus                 :     0.01        4         4 
	   Disk (KB)            :    73          45    180836 
	   Memory (MB)          :    45        8000      8000 
...
