000 (7870896.000.000) 05/19 06:11:33 Job submitted from host: <137.138.76.70:9618?addrs=137.138.76.70-9618&alias=bigbird11.cern.ch&noUDP&sock=schedd_1756_0c65_15>
...
040 (7870896.000.000) 05/19 06:13:40 Started transferring input files
	Transferring to host: <128.142.81.156:9618?addrs=128.142.81.156-9618+[2001-1458-301-f5--100-484]-9618&alias=b7s13n1519.cern.ch&noUDP&sock=slot1_2_9027_1688_68690>
...
040 (7870896.000.000) 05/19 06:13:40 Finished transferring input files
...
001 (7870896.000.000) 05/19 06:13:40 Job executing on host: <128.142.81.156:9618?addrs=128.142.81.156-9618+[2001-1458-301-f5--100-484]-9618&alias=b7s13n1519.cern.ch&noUDP&sock=startd_16736_151a>
...
006 (7870896.000.000) 05/19 06:13:49 Image size of job updated: 120408
	52  -  MemoryUsage of job (MB)
	52920  -  ResidentSetSize of job (KB)
...
006 (7870896.000.000) 05/19 06:18:50 Image size of job updated: 891884
	65  -  MemoryUsage of job (MB)
	65548  -  ResidentSetSize of job (KB)
...
006 (7870896.000.000) 05/19 06:28:51 Image size of job updated: 891884
	67  -  MemoryUsage of job (MB)
	68324  -  ResidentSetSize of job (KB)
...
006 (7870896.000.000) 05/19 06:43:53 Image size of job updated: 893164
	67  -  MemoryUsage of job (MB)
	68324  -  ResidentSetSize of job (KB)
...
006 (7870896.000.000) 05/19 07:08:54 Image size of job updated: 893184
	67  -  MemoryUsage of job (MB)
	68324  -  ResidentSetSize of job (KB)
...
006 (7870896.000.000) 05/19 07:13:55 Image size of job updated: 895136
	72  -  MemoryUsage of job (MB)
	73560  -  ResidentSetSize of job (KB)
...
006 (7870896.000.000) 05/19 07:18:56 Image size of job updated: 895136
	73  -  MemoryUsage of job (MB)
	74496  -  ResidentSetSize of job (KB)
...
006 (7870896.000.000) 05/19 07:23:56 Image size of job updated: 895136
	74  -  MemoryUsage of job (MB)
	74880  -  ResidentSetSize of job (KB)
...
006 (7870896.000.000) 05/19 07:28:56 Image size of job updated: 895136
	74  -  MemoryUsage of job (MB)
	75048  -  ResidentSetSize of job (KB)
...
006 (7870896.000.000) 05/19 07:33:57 Image size of job updated: 895136
	74  -  MemoryUsage of job (MB)
	75100  -  ResidentSetSize of job (KB)
...
006 (7870896.000.000) 05/19 07:38:58 Image size of job updated: 895136
	74  -  MemoryUsage of job (MB)
	75152  -  ResidentSetSize of job (KB)
...
006 (7870896.000.000) 05/19 07:43:58 Image size of job updated: 895136
	74  -  MemoryUsage of job (MB)
	75200  -  ResidentSetSize of job (KB)
...
006 (7870896.000.000) 05/19 07:48:58 Image size of job updated: 895136
	74  -  MemoryUsage of job (MB)
	75240  -  ResidentSetSize of job (KB)
...
006 (7870896.000.000) 05/19 07:54:00 Image size of job updated: 895136
	74  -  MemoryUsage of job (MB)
	75332  -  ResidentSetSize of job (KB)
...
006 (7870896.000.000) 05/19 07:59:00 Image size of job updated: 895136
	74  -  MemoryUsage of job (MB)
	75376  -  ResidentSetSize of job (KB)
...
006 (7870896.000.000) 05/19 08:04:00 Image size of job updated: 895136
	74  -  MemoryUsage of job (MB)
	75428  -  ResidentSetSize of job (KB)
...
006 (7870896.000.000) 05/19 08:09:01 Image size of job updated: 895920
	74  -  MemoryUsage of job (MB)
	75572  -  ResidentSetSize of job (KB)
...
006 (7870896.000.000) 05/19 08:14:02 Image size of job updated: 895920
	74  -  MemoryUsage of job (MB)
	75628  -  ResidentSetSize of job (KB)
...
006 (7870896.000.000) 05/19 08:19:02 Image size of job updated: 895920
	74  -  MemoryUsage of job (MB)
	75640  -  ResidentSetSize of job (KB)
...
006 (7870896.000.000) 05/19 08:24:02 Image size of job updated: 895920
	75  -  MemoryUsage of job (MB)
	76620  -  ResidentSetSize of job (KB)
...
006 (7870896.000.000) 05/19 08:29:03 Image size of job updated: 895920
	75  -  MemoryUsage of job (MB)
	76664  -  ResidentSetSize of job (KB)
...
006 (7870896.000.000) 05/19 08:34:04 Image size of job updated: 895920
	75  -  MemoryUsage of job (MB)
	76720  -  ResidentSetSize of job (KB)
...
006 (7870896.000.000) 05/19 08:39:04 Image size of job updated: 895920
	75  -  MemoryUsage of job (MB)
	76800  -  ResidentSetSize of job (KB)
...
006 (7870896.000.000) 05/19 08:44:04 Image size of job updated: 895920
	76  -  MemoryUsage of job (MB)
	76816  -  ResidentSetSize of job (KB)
...
006 (7870896.000.000) 05/19 08:49:05 Image size of job updated: 895920
	76  -  MemoryUsage of job (MB)
	76948  -  ResidentSetSize of job (KB)
...
006 (7870896.000.000) 05/19 08:54:06 Image size of job updated: 895920
	76  -  MemoryUsage of job (MB)
	76996  -  ResidentSetSize of job (KB)
...
006 (7870896.000.000) 05/19 08:59:06 Image size of job updated: 895920
	76  -  MemoryUsage of job (MB)
	77036  -  ResidentSetSize of job (KB)
...
006 (7870896.000.000) 05/19 09:04:06 Image size of job updated: 895920
	76  -  MemoryUsage of job (MB)
	77080  -  ResidentSetSize of job (KB)
...
006 (7870896.000.000) 05/19 09:09:07 Image size of job updated: 895920
	76  -  MemoryUsage of job (MB)
	77132  -  ResidentSetSize of job (KB)
...
006 (7870896.000.000) 05/19 09:14:07 Image size of job updated: 895920
	76  -  MemoryUsage of job (MB)
	77172  -  ResidentSetSize of job (KB)
...
006 (7870896.000.000) 05/19 09:19:07 Image size of job updated: 895920
	76  -  MemoryUsage of job (MB)
	77204  -  ResidentSetSize of job (KB)
...
006 (7870896.000.000) 05/19 09:24:08 Image size of job updated: 895920
	76  -  MemoryUsage of job (MB)
	77244  -  ResidentSetSize of job (KB)
...
040 (7870896.000.000) 05/19 09:24:29 Started transferring output files
...
040 (7870896.000.000) 05/19 09:24:29 Finished transferring output files
...
005 (7870896.000.000) 05/19 09:24:30 Job terminated.
	(1) Normal termination (return value 0)
		Usr 0 00:01:21, Sys 0 00:00:12  -  Run Remote Usage
		Usr 0 00:00:00, Sys 0 00:00:00  -  Run Local Usage
		Usr 0 00:01:21, Sys 0 00:00:12  -  Total Remote Usage
		Usr 0 00:00:00, Sys 0 00:00:00  -  Total Local Usage
	10132  -  Run Bytes Sent By Job
	127565  -  Run Bytes Received By Job
	10132  -  Total Bytes Sent By Job
	127565  -  Total Bytes Received By Job
	Partitionable Resources :    Usage  Request Allocated 
	   Cpus                 :     0.01        4         4 
	   Disk (KB)            :   157         150    225202 
	   Memory (MB)          :    76        8000      8000 
...
