000 (7861664.000.000) 05/18 09:53:01 Job submitted from host: <137.138.76.70:9618?addrs=137.138.76.70-9618&alias=bigbird11.cern.ch&noUDP&sock=schedd_1756_0c65_15>
...
040 (7861664.000.000) 05/18 09:54:12 Started transferring input files
	Transferring to host: <128.142.80.75:9618?addrs=128.142.80.75-9618+[2001-1458-301-f5--100-300]-9618&alias=b7s13n8053.cern.ch&noUDP&sock=slot1_1_4704_24b8_16268>
...
040 (7861664.000.000) 05/18 09:54:13 Finished transferring input files
...
001 (7861664.000.000) 05/18 09:54:13 Job executing on host: <128.142.80.75:9618?addrs=128.142.80.75-9618+[2001-1458-301-f5--100-300]-9618&alias=b7s13n8053.cern.ch&noUDP&sock=startd_3861_e740>
...
006 (7861664.000.000) 05/18 09:54:21 Image size of job updated: 67472
	52  -  MemoryUsage of job (MB)
	52948  -  ResidentSetSize of job (KB)
...
006 (7861664.000.000) 05/18 09:59:21 Image size of job updated: 892280
	70  -  MemoryUsage of job (MB)
	70984  -  ResidentSetSize of job (KB)
...
006 (7861664.000.000) 05/18 10:09:22 Image size of job updated: 893108
	70  -  MemoryUsage of job (MB)
	70984  -  ResidentSetSize of job (KB)
...
006 (7861664.000.000) 05/18 10:19:23 Image size of job updated: 893108
	71  -  MemoryUsage of job (MB)
	71936  -  ResidentSetSize of job (KB)
...
006 (7861664.000.000) 05/18 10:24:23 Image size of job updated: 893108
	71  -  MemoryUsage of job (MB)
	71976  -  ResidentSetSize of job (KB)
...
006 (7861664.000.000) 05/18 10:29:24 Image size of job updated: 893108
	71  -  MemoryUsage of job (MB)
	72028  -  ResidentSetSize of job (KB)
...
006 (7861664.000.000) 05/18 10:34:25 Image size of job updated: 894540
	71  -  MemoryUsage of job (MB)
	72096  -  ResidentSetSize of job (KB)
...
006 (7861664.000.000) 05/18 10:39:25 Image size of job updated: 894540
	71  -  MemoryUsage of job (MB)
	72156  -  ResidentSetSize of job (KB)
...
006 (7861664.000.000) 05/18 11:34:31 Image size of job updated: 894540
	72  -  MemoryUsage of job (MB)
	73336  -  ResidentSetSize of job (KB)
...
006 (7861664.000.000) 05/18 11:39:31 Image size of job updated: 895144
	72  -  MemoryUsage of job (MB)
	73500  -  ResidentSetSize of job (KB)
...
006 (7861664.000.000) 05/18 11:44:31 Image size of job updated: 895144
	72  -  MemoryUsage of job (MB)
	73600  -  ResidentSetSize of job (KB)
...
006 (7861664.000.000) 05/18 11:49:32 Image size of job updated: 895144
	72  -  MemoryUsage of job (MB)
	73672  -  ResidentSetSize of job (KB)
...
006 (7861664.000.000) 05/18 11:54:33 Image size of job updated: 895144
	72  -  MemoryUsage of job (MB)
	73708  -  ResidentSetSize of job (KB)
...
006 (7861664.000.000) 05/18 11:59:33 Image size of job updated: 895144
	73  -  MemoryUsage of job (MB)
	73768  -  ResidentSetSize of job (KB)
...
006 (7861664.000.000) 05/18 12:04:33 Image size of job updated: 895144
	73  -  MemoryUsage of job (MB)
	73844  -  ResidentSetSize of job (KB)
...
006 (7861664.000.000) 05/18 12:09:34 Image size of job updated: 895144
	73  -  MemoryUsage of job (MB)
	73880  -  ResidentSetSize of job (KB)
...
006 (7861664.000.000) 05/18 12:19:35 Image size of job updated: 895152
	73  -  MemoryUsage of job (MB)
	73932  -  ResidentSetSize of job (KB)
...
040 (7861664.000.000) 05/18 12:24:12 Started transferring output files
...
040 (7861664.000.000) 05/18 12:24:12 Finished transferring output files
...
005 (7861664.000.000) 05/18 12:24:12 Job terminated.
	(1) Normal termination (return value 0)
		Usr 0 00:01:27, Sys 0 00:00:11  -  Run Remote Usage
		Usr 0 00:00:00, Sys 0 00:00:00  -  Run Local Usage
		Usr 0 00:01:27, Sys 0 00:00:11  -  Total Remote Usage
		Usr 0 00:00:00, Sys 0 00:00:00  -  Total Local Usage
	8950  -  Run Bytes Sent By Job
	53509  -  Run Bytes Received By Job
	8950  -  Total Bytes Sent By Job
	53509  -  Total Bytes Received By Job
	Partitionable Resources :    Usage  Request Allocated 
	   Cpus                 :     0.06        4         4 
	   Disk (KB)            :    90          75    285483 
	   Memory (MB)          :    73        8000      8000 
...
