000 (7864614.000.000) 05/18 17:16:19 Job submitted from host: <137.138.76.70:9618?addrs=137.138.76.70-9618&alias=bigbird11.cern.ch&noUDP&sock=schedd_1756_0c65_15>
...
040 (7864614.000.000) 05/18 17:17:30 Started transferring input files
	Transferring to host: <188.184.198.38:9618?addrs=188.184.198.38-9618+[2001-1458-301-c1--100-448]-9618&alias=b7g52n9745.cern.ch&noUDP&sock=slot1_10_6881_0971_29785>
...
040 (7864614.000.000) 05/18 17:17:30 Finished transferring input files
...
001 (7864614.000.000) 05/18 17:17:30 Job executing on host: <188.184.198.38:9618?addrs=188.184.198.38-9618+[2001-1458-301-c1--100-448]-9618&alias=b7g52n9745.cern.ch&noUDP&sock=startd_5472_ea53>
...
006 (7864614.000.000) 05/18 17:17:39 Image size of job updated: 663284
	55  -  MemoryUsage of job (MB)
	56192  -  ResidentSetSize of job (KB)
...
006 (7864614.000.000) 05/18 17:22:40 Image size of job updated: 894824
	63  -  MemoryUsage of job (MB)
	64484  -  ResidentSetSize of job (KB)
...
006 (7864614.000.000) 05/18 17:27:40 Image size of job updated: 895164
	63  -  MemoryUsage of job (MB)
	64484  -  ResidentSetSize of job (KB)
...
006 (7864614.000.000) 05/18 17:32:40 Image size of job updated: 895468
	63  -  MemoryUsage of job (MB)
	64484  -  ResidentSetSize of job (KB)
...
006 (7864614.000.000) 05/18 17:37:41 Image size of job updated: 895468
	63  -  MemoryUsage of job (MB)
	64496  -  ResidentSetSize of job (KB)
...
006 (7864614.000.000) 05/18 17:47:41 Image size of job updated: 895896
	63  -  MemoryUsage of job (MB)
	64496  -  ResidentSetSize of job (KB)
...
006 (7864614.000.000) 05/18 17:52:42 Image size of job updated: 895940
	64  -  MemoryUsage of job (MB)
	64784  -  ResidentSetSize of job (KB)
...
006 (7864614.000.000) 05/18 17:57:43 Image size of job updated: 895992
	64  -  MemoryUsage of job (MB)
	64784  -  ResidentSetSize of job (KB)
...
006 (7864614.000.000) 05/18 18:02:43 Image size of job updated: 895992
	64  -  MemoryUsage of job (MB)
	64788  -  ResidentSetSize of job (KB)
...
006 (7864614.000.000) 05/18 18:12:44 Image size of job updated: 896580
	64  -  MemoryUsage of job (MB)
	64788  -  ResidentSetSize of job (KB)
...
006 (7864614.000.000) 05/18 18:17:44 Image size of job updated: 896580
	70  -  MemoryUsage of job (MB)
	71576  -  ResidentSetSize of job (KB)
...
006 (7864614.000.000) 05/18 18:22:44 Image size of job updated: 896584
	70  -  MemoryUsage of job (MB)
	71576  -  ResidentSetSize of job (KB)
...
006 (7864614.000.000) 05/18 18:32:46 Image size of job updated: 896592
	70  -  MemoryUsage of job (MB)
	71576  -  ResidentSetSize of job (KB)
...
006 (7864614.000.000) 05/18 18:57:48 Image size of job updated: 896608
	70  -  MemoryUsage of job (MB)
	71576  -  ResidentSetSize of job (KB)
...
006 (7864614.000.000) 05/18 19:02:48 Image size of job updated: 897608
	73  -  MemoryUsage of job (MB)
	74624  -  ResidentSetSize of job (KB)
...
006 (7864614.000.000) 05/18 19:07:49 Image size of job updated: 897608
	74  -  MemoryUsage of job (MB)
	74768  -  ResidentSetSize of job (KB)
...
006 (7864614.000.000) 05/18 19:12:50 Image size of job updated: 897608
	74  -  MemoryUsage of job (MB)
	74916  -  ResidentSetSize of job (KB)
...
006 (7864614.000.000) 05/18 19:17:50 Image size of job updated: 897608
	74  -  MemoryUsage of job (MB)
	75184  -  ResidentSetSize of job (KB)
...
006 (7864614.000.000) 05/18 19:22:50 Image size of job updated: 897608
	74  -  MemoryUsage of job (MB)
	75252  -  ResidentSetSize of job (KB)
...
006 (7864614.000.000) 05/18 19:27:51 Image size of job updated: 897608
	74  -  MemoryUsage of job (MB)
	75304  -  ResidentSetSize of job (KB)
...
006 (7864614.000.000) 05/18 19:32:51 Image size of job updated: 897936
	74  -  MemoryUsage of job (MB)
	75540  -  ResidentSetSize of job (KB)
...
006 (7864614.000.000) 05/18 19:37:51 Image size of job updated: 897936
	74  -  MemoryUsage of job (MB)
	75680  -  ResidentSetSize of job (KB)
...
006 (7864614.000.000) 05/18 19:42:51 Image size of job updated: 897936
	75  -  MemoryUsage of job (MB)
	75812  -  ResidentSetSize of job (KB)
...
006 (7864614.000.000) 05/18 19:47:52 Image size of job updated: 897936
	75  -  MemoryUsage of job (MB)
	75884  -  ResidentSetSize of job (KB)
...
006 (7864614.000.000) 05/18 19:52:52 Image size of job updated: 897936
	75  -  MemoryUsage of job (MB)
	76112  -  ResidentSetSize of job (KB)
...
006 (7864614.000.000) 05/18 19:57:52 Image size of job updated: 897936
	75  -  MemoryUsage of job (MB)
	76164  -  ResidentSetSize of job (KB)
...
006 (7864614.000.000) 05/18 20:02:53 Image size of job updated: 897936
	75  -  MemoryUsage of job (MB)
	76216  -  ResidentSetSize of job (KB)
...
006 (7864614.000.000) 05/18 20:07:54 Image size of job updated: 897936
	75  -  MemoryUsage of job (MB)
	76308  -  ResidentSetSize of job (KB)
...
006 (7864614.000.000) 05/18 20:12:54 Image size of job updated: 897936
	75  -  MemoryUsage of job (MB)
	76368  -  ResidentSetSize of job (KB)
...
006 (7864614.000.000) 05/18 20:17:54 Image size of job updated: 897936
	75  -  MemoryUsage of job (MB)
	76412  -  ResidentSetSize of job (KB)
...
006 (7864614.000.000) 05/18 20:22:55 Image size of job updated: 898964
	75  -  MemoryUsage of job (MB)
	76576  -  ResidentSetSize of job (KB)
...
006 (7864614.000.000) 05/18 20:27:56 Image size of job updated: 898964
	75  -  MemoryUsage of job (MB)
	76696  -  ResidentSetSize of job (KB)
...
006 (7864614.000.000) 05/18 20:32:56 Image size of job updated: 898964
	75  -  MemoryUsage of job (MB)
	76764  -  ResidentSetSize of job (KB)
...
006 (7864614.000.000) 05/18 20:37:56 Image size of job updated: 898964
	79  -  MemoryUsage of job (MB)
	80092  -  ResidentSetSize of job (KB)
...
006 (7864614.000.000) 05/18 20:42:57 Image size of job updated: 898964
	79  -  MemoryUsage of job (MB)
	80148  -  ResidentSetSize of job (KB)
...
006 (7864614.000.000) 05/18 20:47:58 Image size of job updated: 900992
	79  -  MemoryUsage of job (MB)
	80148  -  ResidentSetSize of job (KB)
...
006 (7864614.000.000) 05/18 23:28:12 Image size of job updated: 900992
	80  -  MemoryUsage of job (MB)
	81496  -  ResidentSetSize of job (KB)
...
006 (7864614.000.000) 05/18 23:33:13 Image size of job updated: 900992
	80  -  MemoryUsage of job (MB)
	81568  -  ResidentSetSize of job (KB)
...
006 (7864614.000.000) 05/18 23:38:13 Image size of job updated: 900992
	80  -  MemoryUsage of job (MB)
	81624  -  ResidentSetSize of job (KB)
...
006 (7864614.000.000) 05/18 23:43:13 Image size of job updated: 900992
	80  -  MemoryUsage of job (MB)
	81680  -  ResidentSetSize of job (KB)
...
006 (7864614.000.000) 05/18 23:48:14 Image size of job updated: 900992
	80  -  MemoryUsage of job (MB)
	81740  -  ResidentSetSize of job (KB)
...
006 (7864614.000.000) 05/18 23:53:15 Image size of job updated: 900992
	80  -  MemoryUsage of job (MB)
	81788  -  ResidentSetSize of job (KB)
...
006 (7864614.000.000) 05/18 23:58:15 Image size of job updated: 900992
	80  -  MemoryUsage of job (MB)
	81848  -  ResidentSetSize of job (KB)
...
006 (7864614.000.000) 05/19 00:03:16 Image size of job updated: 905088
	80  -  MemoryUsage of job (MB)
	81904  -  ResidentSetSize of job (KB)
...
006 (7864614.000.000) 05/19 00:08:17 Image size of job updated: 905088
	81  -  MemoryUsage of job (MB)
	81960  -  ResidentSetSize of job (KB)
...
006 (7864614.000.000) 05/19 00:13:18 Image size of job updated: 905088
	81  -  MemoryUsage of job (MB)
	82016  -  ResidentSetSize of job (KB)
...
006 (7864614.000.000) 05/19 00:18:18 Image size of job updated: 905088
	81  -  MemoryUsage of job (MB)
	82064  -  ResidentSetSize of job (KB)
...
006 (7864614.000.000) 05/19 00:23:19 Image size of job updated: 905088
	81  -  MemoryUsage of job (MB)
	82128  -  ResidentSetSize of job (KB)
...
006 (7864614.000.000) 05/19 00:28:20 Image size of job updated: 905088
	81  -  MemoryUsage of job (MB)
	82184  -  ResidentSetSize of job (KB)
...
006 (7864614.000.000) 05/19 00:33:20 Image size of job updated: 906232
	81  -  MemoryUsage of job (MB)
	82184  -  ResidentSetSize of job (KB)
...
006 (7864614.000.000) 05/19 00:43:21 Image size of job updated: 906268
	81  -  MemoryUsage of job (MB)
	82184  -  ResidentSetSize of job (KB)
...
006 (7864614.000.000) 05/19 00:58:23 Image size of job updated: 906292
	81  -  MemoryUsage of job (MB)
	82184  -  ResidentSetSize of job (KB)
...
006 (7864614.000.000) 05/19 01:13:24 Image size of job updated: 906292
	81  -  MemoryUsage of job (MB)
	82440  -  ResidentSetSize of job (KB)
...
006 (7864614.000.000) 05/19 01:23:26 Image size of job updated: 906304
	81  -  MemoryUsage of job (MB)
	82476  -  ResidentSetSize of job (KB)
...
006 (7864614.000.000) 05/19 01:38:28 Image size of job updated: 906304
	81  -  MemoryUsage of job (MB)
	82600  -  ResidentSetSize of job (KB)
...
006 (7864614.000.000) 05/19 01:43:28 Image size of job updated: 906304
	81  -  MemoryUsage of job (MB)
	82704  -  ResidentSetSize of job (KB)
...
006 (7864614.000.000) 05/19 01:53:29 Image size of job updated: 906380
	81  -  MemoryUsage of job (MB)
	82704  -  ResidentSetSize of job (KB)
...
006 (7864614.000.000) 05/19 01:58:30 Image size of job updated: 906380
	81  -  MemoryUsage of job (MB)
	82916  -  ResidentSetSize of job (KB)
...
006 (7864614.000.000) 05/19 02:18:32 Image size of job updated: 906384
	81  -  MemoryUsage of job (MB)
	82940  -  ResidentSetSize of job (KB)
...
006 (7864614.000.000) 05/19 02:23:32 Image size of job updated: 906384
	82  -  MemoryUsage of job (MB)
	83140  -  ResidentSetSize of job (KB)
...
006 (7864614.000.000) 05/19 02:48:35 Image size of job updated: 906384
	82  -  MemoryUsage of job (MB)
	83232  -  ResidentSetSize of job (KB)
...
006 (7864614.000.000) 05/19 02:53:35 Image size of job updated: 907544
	82  -  MemoryUsage of job (MB)
	83284  -  ResidentSetSize of job (KB)
...
006 (7864614.000.000) 05/19 02:58:35 Image size of job updated: 907564
	82  -  MemoryUsage of job (MB)
	83380  -  ResidentSetSize of job (KB)
...
006 (7864614.000.000) 05/19 03:03:36 Image size of job updated: 907568
	82  -  MemoryUsage of job (MB)
	83380  -  ResidentSetSize of job (KB)
...
006 (7864614.000.000) 05/19 03:08:37 Image size of job updated: 907568
	82  -  MemoryUsage of job (MB)
	83444  -  ResidentSetSize of job (KB)
...
006 (7864614.000.000) 05/19 03:13:37 Image size of job updated: 907572
	82  -  MemoryUsage of job (MB)
	83536  -  ResidentSetSize of job (KB)
...
006 (7864614.000.000) 05/19 03:23:39 Image size of job updated: 907572
	82  -  MemoryUsage of job (MB)
	83612  -  ResidentSetSize of job (KB)
...
006 (7864614.000.000) 05/19 03:33:39 Image size of job updated: 907572
	82  -  MemoryUsage of job (MB)
	83640  -  ResidentSetSize of job (KB)
...
006 (7864614.000.000) 05/19 03:38:40 Image size of job updated: 907572
	82  -  MemoryUsage of job (MB)
	83676  -  ResidentSetSize of job (KB)
...
006 (7864614.000.000) 05/19 03:43:40 Image size of job updated: 907572
	82  -  MemoryUsage of job (MB)
	83716  -  ResidentSetSize of job (KB)
...
006 (7864614.000.000) 05/19 03:48:40 Image size of job updated: 907576
	82  -  MemoryUsage of job (MB)
	83808  -  ResidentSetSize of job (KB)
...
006 (7864614.000.000) 05/19 03:53:41 Image size of job updated: 907580
	82  -  MemoryUsage of job (MB)
	83808  -  ResidentSetSize of job (KB)
...
006 (7864614.000.000) 05/19 03:58:42 Image size of job updated: 907580
	82  -  MemoryUsage of job (MB)
	83872  -  ResidentSetSize of job (KB)
...
006 (7864614.000.000) 05/19 04:03:42 Image size of job updated: 907580
	82  -  MemoryUsage of job (MB)
	83940  -  ResidentSetSize of job (KB)
...
006 (7864614.000.000) 05/19 04:13:44 Image size of job updated: 907592
	83  -  MemoryUsage of job (MB)
	84000  -  ResidentSetSize of job (KB)
...
006 (7864614.000.000) 05/19 04:18:44 Image size of job updated: 907592
	83  -  MemoryUsage of job (MB)
	84032  -  ResidentSetSize of job (KB)
...
006 (7864614.000.000) 05/19 04:23:44 Image size of job updated: 907592
	83  -  MemoryUsage of job (MB)
	84084  -  ResidentSetSize of job (KB)
...
006 (7864614.000.000) 05/19 04:28:45 Image size of job updated: 907592
	83  -  MemoryUsage of job (MB)
	84088  -  ResidentSetSize of job (KB)
...
006 (7864614.000.000) 05/19 04:38:45 Image size of job updated: 907592
	83  -  MemoryUsage of job (MB)
	84240  -  ResidentSetSize of job (KB)
...
006 (7864614.000.000) 05/19 04:43:46 Image size of job updated: 907600
	83  -  MemoryUsage of job (MB)
	84300  -  ResidentSetSize of job (KB)
...
006 (7864614.000.000) 05/19 04:48:47 Image size of job updated: 907600
	83  -  MemoryUsage of job (MB)
	84308  -  ResidentSetSize of job (KB)
...
006 (7864614.000.000) 05/19 04:58:47 Image size of job updated: 907600
	83  -  MemoryUsage of job (MB)
	84424  -  ResidentSetSize of job (KB)
...
006 (7864614.000.000) 05/19 05:03:48 Image size of job updated: 907600
	83  -  MemoryUsage of job (MB)
	84480  -  ResidentSetSize of job (KB)
...
006 (7864614.000.000) 05/19 05:08:49 Image size of job updated: 907600
	83  -  MemoryUsage of job (MB)
	84488  -  ResidentSetSize of job (KB)
...
006 (7864614.000.000) 05/19 05:13:49 Image size of job updated: 907600
	83  -  MemoryUsage of job (MB)
	84580  -  ResidentSetSize of job (KB)
...
006 (7864614.000.000) 05/19 05:18:49 Image size of job updated: 907600
	83  -  MemoryUsage of job (MB)
	84632  -  ResidentSetSize of job (KB)
...
006 (7864614.000.000) 05/19 05:23:50 Image size of job updated: 907620
	83  -  MemoryUsage of job (MB)
	84692  -  ResidentSetSize of job (KB)
...
006 (7864614.000.000) 05/19 05:28:51 Image size of job updated: 907620
	83  -  MemoryUsage of job (MB)
	84748  -  ResidentSetSize of job (KB)
...
006 (7864614.000.000) 05/19 05:33:51 Image size of job updated: 907620
	83  -  MemoryUsage of job (MB)
	84808  -  ResidentSetSize of job (KB)
...
006 (7864614.000.000) 05/19 05:38:52 Image size of job updated: 907620
	83  -  MemoryUsage of job (MB)
	84848  -  ResidentSetSize of job (KB)
...
006 (7864614.000.000) 05/19 05:43:53 Image size of job updated: 907620
	83  -  MemoryUsage of job (MB)
	84908  -  ResidentSetSize of job (KB)
...
006 (7864614.000.000) 05/19 05:48:53 Image size of job updated: 907620
	83  -  MemoryUsage of job (MB)
	84968  -  ResidentSetSize of job (KB)
...
006 (7864614.000.000) 05/19 05:58:54 Image size of job updated: 907620
	84  -  MemoryUsage of job (MB)
	85044  -  ResidentSetSize of job (KB)
...
006 (7864614.000.000) 05/19 06:03:55 Image size of job updated: 907620
	84  -  MemoryUsage of job (MB)
	85084  -  ResidentSetSize of job (KB)
...
006 (7864614.000.000) 05/19 06:08:55 Image size of job updated: 907620
	84  -  MemoryUsage of job (MB)
	85128  -  ResidentSetSize of job (KB)
...
006 (7864614.000.000) 05/19 06:18:56 Image size of job updated: 907620
	84  -  MemoryUsage of job (MB)
	85172  -  ResidentSetSize of job (KB)
...
006 (7864614.000.000) 05/19 06:23:56 Image size of job updated: 907620
	84  -  MemoryUsage of job (MB)
	85280  -  ResidentSetSize of job (KB)
...
006 (7864614.000.000) 05/19 06:33:57 Image size of job updated: 907620
	84  -  MemoryUsage of job (MB)
	85380  -  ResidentSetSize of job (KB)
...
006 (7864614.000.000) 05/19 06:38:58 Image size of job updated: 907620
	84  -  MemoryUsage of job (MB)
	85436  -  ResidentSetSize of job (KB)
...
006 (7864614.000.000) 05/19 06:43:59 Image size of job updated: 907620
	84  -  MemoryUsage of job (MB)
	85484  -  ResidentSetSize of job (KB)
...
006 (7864614.000.000) 05/19 06:48:59 Image size of job updated: 907620
	84  -  MemoryUsage of job (MB)
	85552  -  ResidentSetSize of job (KB)
...
006 (7864614.000.000) 05/19 06:53:59 Image size of job updated: 907620
	84  -  MemoryUsage of job (MB)
	85608  -  ResidentSetSize of job (KB)
...
006 (7864614.000.000) 05/19 06:59:00 Image size of job updated: 915752
	84  -  MemoryUsage of job (MB)
	85700  -  ResidentSetSize of job (KB)
...
006 (7864614.000.000) 05/19 07:04:01 Image size of job updated: 915752
	84  -  MemoryUsage of job (MB)
	85792  -  ResidentSetSize of job (KB)
...
006 (7864614.000.000) 05/19 07:09:01 Image size of job updated: 915752
	84  -  MemoryUsage of job (MB)
	85856  -  ResidentSetSize of job (KB)
...
006 (7864614.000.000) 05/19 07:14:01 Image size of job updated: 915752
	84  -  MemoryUsage of job (MB)
	85928  -  ResidentSetSize of job (KB)
...
006 (7864614.000.000) 05/19 07:19:02 Image size of job updated: 915752
	84  -  MemoryUsage of job (MB)
	85984  -  ResidentSetSize of job (KB)
...
006 (7864614.000.000) 05/19 07:24:03 Image size of job updated: 915752
	85  -  MemoryUsage of job (MB)
	86036  -  ResidentSetSize of job (KB)
...
006 (7864614.000.000) 05/19 07:29:04 Image size of job updated: 915752
	85  -  MemoryUsage of job (MB)
	86084  -  ResidentSetSize of job (KB)
...
006 (7864614.000.000) 05/19 07:34:04 Image size of job updated: 915752
	85  -  MemoryUsage of job (MB)
	86136  -  ResidentSetSize of job (KB)
...
006 (7864614.000.000) 05/19 07:39:04 Image size of job updated: 915752
	85  -  MemoryUsage of job (MB)
	86188  -  ResidentSetSize of job (KB)
...
006 (7864614.000.000) 05/19 07:44:05 Image size of job updated: 915752
	85  -  MemoryUsage of job (MB)
	86268  -  ResidentSetSize of job (KB)
...
006 (7864614.000.000) 05/19 07:49:06 Image size of job updated: 915752
	85  -  MemoryUsage of job (MB)
	86316  -  ResidentSetSize of job (KB)
...
006 (7864614.000.000) 05/19 07:54:06 Image size of job updated: 915752
	85  -  MemoryUsage of job (MB)
	86384  -  ResidentSetSize of job (KB)
...
006 (7864614.000.000) 05/19 07:59:06 Image size of job updated: 915752
	89  -  MemoryUsage of job (MB)
	90172  -  ResidentSetSize of job (KB)
...
006 (7864614.000.000) 05/19 08:04:07 Image size of job updated: 915752
	89  -  MemoryUsage of job (MB)
	90264  -  ResidentSetSize of job (KB)
...
006 (7864614.000.000) 05/19 08:09:08 Image size of job updated: 915752
	89  -  MemoryUsage of job (MB)
	90316  -  ResidentSetSize of job (KB)
...
006 (7864614.000.000) 05/19 08:14:09 Image size of job updated: 915752
	89  -  MemoryUsage of job (MB)
	90364  -  ResidentSetSize of job (KB)
...
006 (7864614.000.000) 05/19 08:19:09 Image size of job updated: 915752
	89  -  MemoryUsage of job (MB)
	90432  -  ResidentSetSize of job (KB)
...
006 (7864614.000.000) 05/19 08:24:09 Image size of job updated: 915752
	89  -  MemoryUsage of job (MB)
	90484  -  ResidentSetSize of job (KB)
...
006 (7864614.000.000) 05/19 08:29:10 Image size of job updated: 915752
	89  -  MemoryUsage of job (MB)
	90528  -  ResidentSetSize of job (KB)
...
006 (7864614.000.000) 05/19 08:34:11 Image size of job updated: 915752
	89  -  MemoryUsage of job (MB)
	90580  -  ResidentSetSize of job (KB)
...
006 (7864614.000.000) 05/19 08:39:11 Image size of job updated: 915752
	89  -  MemoryUsage of job (MB)
	90628  -  ResidentSetSize of job (KB)
...
006 (7864614.000.000) 05/19 08:44:11 Image size of job updated: 915752
	89  -  MemoryUsage of job (MB)
	90680  -  ResidentSetSize of job (KB)
...
006 (7864614.000.000) 05/19 08:49:12 Image size of job updated: 915752
	89  -  MemoryUsage of job (MB)
	90740  -  ResidentSetSize of job (KB)
...
006 (7864614.000.000) 05/19 08:54:13 Image size of job updated: 915752
	89  -  MemoryUsage of job (MB)
	90796  -  ResidentSetSize of job (KB)
...
006 (7864614.000.000) 05/19 08:59:13 Image size of job updated: 915752
	89  -  MemoryUsage of job (MB)
	90848  -  ResidentSetSize of job (KB)
...
006 (7864614.000.000) 05/19 09:04:13 Image size of job updated: 915752
	89  -  MemoryUsage of job (MB)
	90892  -  ResidentSetSize of job (KB)
...
006 (7864614.000.000) 05/19 09:09:14 Image size of job updated: 915752
	89  -  MemoryUsage of job (MB)
	90944  -  ResidentSetSize of job (KB)
...
006 (7864614.000.000) 05/19 09:14:15 Image size of job updated: 915752
	89  -  MemoryUsage of job (MB)
	90992  -  ResidentSetSize of job (KB)
...
006 (7864614.000.000) 05/19 09:19:15 Image size of job updated: 915752
	89  -  MemoryUsage of job (MB)
	91048  -  ResidentSetSize of job (KB)
...
006 (7864614.000.000) 05/19 09:24:16 Image size of job updated: 915752
	89  -  MemoryUsage of job (MB)
	91100  -  ResidentSetSize of job (KB)
...
006 (7864614.000.000) 05/19 09:29:18 Image size of job updated: 915752
	90  -  MemoryUsage of job (MB)
	91164  -  ResidentSetSize of job (KB)
...
006 (7864614.000.000) 05/19 09:34:18 Image size of job updated: 915752
	90  -  MemoryUsage of job (MB)
	91216  -  ResidentSetSize of job (KB)
...
006 (7864614.000.000) 05/19 09:39:18 Image size of job updated: 915752
	90  -  MemoryUsage of job (MB)
	91272  -  ResidentSetSize of job (KB)
...
006 (7864614.000.000) 05/19 09:44:19 Image size of job updated: 915752
	90  -  MemoryUsage of job (MB)
	91320  -  ResidentSetSize of job (KB)
...
006 (7864614.000.000) 05/19 09:49:20 Image size of job updated: 915752
	90  -  MemoryUsage of job (MB)
	91376  -  ResidentSetSize of job (KB)
...
006 (7864614.000.000) 05/19 09:54:20 Image size of job updated: 916976
	90  -  MemoryUsage of job (MB)
	91448  -  ResidentSetSize of job (KB)
...
006 (7864614.000.000) 05/19 09:59:20 Image size of job updated: 916976
	90  -  MemoryUsage of job (MB)
	91508  -  ResidentSetSize of job (KB)
...
006 (7864614.000.000) 05/19 10:04:21 Image size of job updated: 916976
	90  -  MemoryUsage of job (MB)
	91552  -  ResidentSetSize of job (KB)
...
006 (7864614.000.000) 05/19 10:09:22 Image size of job updated: 916976
	90  -  MemoryUsage of job (MB)
	91624  -  ResidentSetSize of job (KB)
...
006 (7864614.000.000) 05/19 10:14:22 Image size of job updated: 916976
	90  -  MemoryUsage of job (MB)
	91680  -  ResidentSetSize of job (KB)
...
006 (7864614.000.000) 05/19 10:19:22 Image size of job updated: 916976
	90  -  MemoryUsage of job (MB)
	91740  -  ResidentSetSize of job (KB)
...
006 (7864614.000.000) 05/19 10:24:23 Image size of job updated: 916976
	92  -  MemoryUsage of job (MB)
	93808  -  ResidentSetSize of job (KB)
...
006 (7864614.000.000) 05/19 10:34:24 Image size of job updated: 916976
	92  -  MemoryUsage of job (MB)
	93812  -  ResidentSetSize of job (KB)
...
006 (7864614.000.000) 05/19 10:39:24 Image size of job updated: 916976
	92  -  MemoryUsage of job (MB)
	93816  -  ResidentSetSize of job (KB)
...
006 (7864614.000.000) 05/19 10:49:26 Image size of job updated: 916976
	92  -  MemoryUsage of job (MB)
	93820  -  ResidentSetSize of job (KB)
...
006 (7864614.000.000) 05/19 11:04:27 Image size of job updated: 916976
	92  -  MemoryUsage of job (MB)
	93828  -  ResidentSetSize of job (KB)
...
006 (7864614.000.000) 05/19 11:09:28 Image size of job updated: 916976
	92  -  MemoryUsage of job (MB)
	93836  -  ResidentSetSize of job (KB)
...
006 (7864614.000.000) 05/19 11:24:29 Image size of job updated: 916976
	92  -  MemoryUsage of job (MB)
	93840  -  ResidentSetSize of job (KB)
...
006 (7864614.000.000) 05/19 11:54:31 Image size of job updated: 916976
	92  -  MemoryUsage of job (MB)
	93848  -  ResidentSetSize of job (KB)
...
006 (7864614.000.000) 05/19 11:59:32 Image size of job updated: 916976
	92  -  MemoryUsage of job (MB)
	93852  -  ResidentSetSize of job (KB)
...
006 (7864614.000.000) 05/19 12:39:36 Image size of job updated: 916976
	92  -  MemoryUsage of job (MB)
	93856  -  ResidentSetSize of job (KB)
...
006 (7864614.000.000) 05/19 12:59:39 Image size of job updated: 916976
	92  -  MemoryUsage of job (MB)
	93860  -  ResidentSetSize of job (KB)
...
006 (7864614.000.000) 05/19 13:04:39 Image size of job updated: 916976
	92  -  MemoryUsage of job (MB)
	93864  -  ResidentSetSize of job (KB)
...
006 (7864614.000.000) 05/19 13:09:39 Image size of job updated: 916976
	92  -  MemoryUsage of job (MB)
	93876  -  ResidentSetSize of job (KB)
...
006 (7864614.000.000) 05/19 13:14:40 Image size of job updated: 916976
	92  -  MemoryUsage of job (MB)
	93880  -  ResidentSetSize of job (KB)
...
006 (7864614.000.000) 05/19 13:19:41 Image size of job updated: 916976
	92  -  MemoryUsage of job (MB)
	93892  -  ResidentSetSize of job (KB)
...
006 (7864614.000.000) 05/19 13:29:41 Image size of job updated: 916976
	92  -  MemoryUsage of job (MB)
	93924  -  ResidentSetSize of job (KB)
...
006 (7864614.000.000) 05/19 13:39:43 Image size of job updated: 916976
	92  -  MemoryUsage of job (MB)
	93944  -  ResidentSetSize of job (KB)
...
006 (7864614.000.000) 05/19 13:44:43 Image size of job updated: 916976
	92  -  MemoryUsage of job (MB)
	93996  -  ResidentSetSize of job (KB)
...
