000 (7864618.000.000) 05/18 17:22:19 Job submitted from host: <137.138.76.70:9618?addrs=137.138.76.70-9618&alias=bigbird11.cern.ch&noUDP&sock=schedd_1756_0c65_15>
...
040 (7864618.000.000) 05/18 17:24:11 Started transferring input files
	Transferring to host: <128.142.83.12:9618?addrs=128.142.83.12-9618+[2001-1458-301-f5--100-474]-9618&alias=b7s13n5992.cern.ch&noUDP&sock=slot1_2_5513_2839_21984>
...
040 (7864618.000.000) 05/18 17:24:11 Finished transferring input files
...
001 (7864618.000.000) 05/18 17:24:11 Job executing on host: <128.142.83.12:9618?addrs=128.142.83.12-9618+[2001-1458-301-f5--100-474]-9618&alias=b7s13n5992.cern.ch&noUDP&sock=startd_4296_46f3>
...
006 (7864618.000.000) 05/18 17:24:19 Image size of job updated: 588988
	52  -  MemoryUsage of job (MB)
	52956  -  ResidentSetSize of job (KB)
...
006 (7864618.000.000) 05/18 17:29:19 Image size of job updated: 884992
	63  -  MemoryUsage of job (MB)
	63912  -  ResidentSetSize of job (KB)
...
006 (7864618.000.000) 05/18 17:34:19 Image size of job updated: 886980
	63  -  MemoryUsage of job (MB)
	63912  -  ResidentSetSize of job (KB)
...
006 (7864618.000.000) 05/18 17:39:20 Image size of job updated: 887052
	69  -  MemoryUsage of job (MB)
	70504  -  ResidentSetSize of job (KB)
...
006 (7864618.000.000) 05/18 17:44:21 Image size of job updated: 893232
	69  -  MemoryUsage of job (MB)
	70544  -  ResidentSetSize of job (KB)
...
006 (7864618.000.000) 05/18 17:49:21 Image size of job updated: 893232
	70  -  MemoryUsage of job (MB)
	71184  -  ResidentSetSize of job (KB)
...
006 (7864618.000.000) 05/18 18:24:24 Image size of job updated: 893948
	71  -  MemoryUsage of job (MB)
	72280  -  ResidentSetSize of job (KB)
...
006 (7864618.000.000) 05/18 18:29:24 Image size of job updated: 893948
	71  -  MemoryUsage of job (MB)
	72344  -  ResidentSetSize of job (KB)
...
006 (7864618.000.000) 05/18 18:34:25 Image size of job updated: 893948
	72  -  MemoryUsage of job (MB)
	73120  -  ResidentSetSize of job (KB)
...
006 (7864618.000.000) 05/18 18:39:25 Image size of job updated: 893948
	72  -  MemoryUsage of job (MB)
	73244  -  ResidentSetSize of job (KB)
...
006 (7864618.000.000) 05/18 18:44:25 Image size of job updated: 893948
	72  -  MemoryUsage of job (MB)
	73300  -  ResidentSetSize of job (KB)
...
006 (7864618.000.000) 05/18 18:49:26 Image size of job updated: 893948
	72  -  MemoryUsage of job (MB)
	73344  -  ResidentSetSize of job (KB)
...
006 (7864618.000.000) 05/18 18:54:27 Image size of job updated: 893948
	72  -  MemoryUsage of job (MB)
	73396  -  ResidentSetSize of job (KB)
...
006 (7864618.000.000) 05/18 18:59:27 Image size of job updated: 893948
	72  -  MemoryUsage of job (MB)
	73452  -  ResidentSetSize of job (KB)
...
006 (7864618.000.000) 05/18 19:04:27 Image size of job updated: 893948
	72  -  MemoryUsage of job (MB)
	73516  -  ResidentSetSize of job (KB)
...
006 (7864618.000.000) 05/18 19:09:28 Image size of job updated: 893948
	72  -  MemoryUsage of job (MB)
	73580  -  ResidentSetSize of job (KB)
...
006 (7864618.000.000) 05/18 19:14:28 Image size of job updated: 893948
	72  -  MemoryUsage of job (MB)
	73628  -  ResidentSetSize of job (KB)
...
006 (7864618.000.000) 05/18 19:29:30 Image size of job updated: 895632
	73  -  MemoryUsage of job (MB)
	74408  -  ResidentSetSize of job (KB)
...
006 (7864618.000.000) 05/18 19:34:30 Image size of job updated: 895636
	73  -  MemoryUsage of job (MB)
	74408  -  ResidentSetSize of job (KB)
...
006 (7864618.000.000) 05/18 19:54:32 Image size of job updated: 895664
	73  -  MemoryUsage of job (MB)
	74408  -  ResidentSetSize of job (KB)
...
006 (7864618.000.000) 05/18 20:09:34 Image size of job updated: 895664
	73  -  MemoryUsage of job (MB)
	74412  -  ResidentSetSize of job (KB)
...
006 (7864618.000.000) 05/18 20:14:34 Image size of job updated: 895684
	73  -  MemoryUsage of job (MB)
	74412  -  ResidentSetSize of job (KB)
...
006 (7864618.000.000) 05/18 20:29:36 Image size of job updated: 895684
	73  -  MemoryUsage of job (MB)
	74420  -  ResidentSetSize of job (KB)
...
006 (7864618.000.000) 05/18 20:34:36 Image size of job updated: 895684
	73  -  MemoryUsage of job (MB)
	74432  -  ResidentSetSize of job (KB)
...
006 (7864618.000.000) 05/18 21:04:40 Image size of job updated: 895692
	73  -  MemoryUsage of job (MB)
	74432  -  ResidentSetSize of job (KB)
...
006 (7864618.000.000) 05/18 21:14:42 Image size of job updated: 895760
	73  -  MemoryUsage of job (MB)
	74432  -  ResidentSetSize of job (KB)
...
006 (7864618.000.000) 05/18 21:19:42 Image size of job updated: 899732
	73  -  MemoryUsage of job (MB)
	74432  -  ResidentSetSize of job (KB)
...
006 (7864618.000.000) 05/18 21:24:42 Image size of job updated: 899748
	73  -  MemoryUsage of job (MB)
	74432  -  ResidentSetSize of job (KB)
...
006 (7864618.000.000) 05/18 21:29:43 Image size of job updated: 899748
	75  -  MemoryUsage of job (MB)
	76612  -  ResidentSetSize of job (KB)
...
006 (7864618.000.000) 05/18 21:34:44 Image size of job updated: 899748
	75  -  MemoryUsage of job (MB)
	76644  -  ResidentSetSize of job (KB)
...
006 (7864618.000.000) 05/18 21:44:44 Image size of job updated: 899748
	75  -  MemoryUsage of job (MB)
	76760  -  ResidentSetSize of job (KB)
...
006 (7864618.000.000) 05/18 21:54:46 Image size of job updated: 899808
	75  -  MemoryUsage of job (MB)
	76760  -  ResidentSetSize of job (KB)
...
006 (7864618.000.000) 05/18 21:59:46 Image size of job updated: 899808
	76  -  MemoryUsage of job (MB)
	76904  -  ResidentSetSize of job (KB)
...
006 (7864618.000.000) 05/18 22:14:48 Image size of job updated: 899808
	76  -  MemoryUsage of job (MB)
	77040  -  ResidentSetSize of job (KB)
...
006 (7864618.000.000) 05/18 22:19:48 Image size of job updated: 899816
	76  -  MemoryUsage of job (MB)
	77040  -  ResidentSetSize of job (KB)
...
006 (7864618.000.000) 05/18 22:39:50 Image size of job updated: 899816
	76  -  MemoryUsage of job (MB)
	77252  -  ResidentSetSize of job (KB)
...
006 (7864618.000.000) 05/18 22:54:51 Image size of job updated: 899816
	76  -  MemoryUsage of job (MB)
	77384  -  ResidentSetSize of job (KB)
...
006 (7864618.000.000) 05/18 23:04:53 Image size of job updated: 899816
	76  -  MemoryUsage of job (MB)
	77480  -  ResidentSetSize of job (KB)
...
006 (7864618.000.000) 05/18 23:29:54 Image size of job updated: 899816
	76  -  MemoryUsage of job (MB)
	77716  -  ResidentSetSize of job (KB)
...
006 (7864618.000.000) 05/18 23:39:56 Image size of job updated: 899816
	76  -  MemoryUsage of job (MB)
	77808  -  ResidentSetSize of job (KB)
...
006 (7864618.000.000) 05/18 23:49:56 Image size of job updated: 899816
	77  -  MemoryUsage of job (MB)
	77912  -  ResidentSetSize of job (KB)
...
006 (7864618.000.000) 05/18 23:59:58 Image size of job updated: 899816
	77  -  MemoryUsage of job (MB)
	77988  -  ResidentSetSize of job (KB)
...
006 (7864618.000.000) 05/19 00:04:58 Image size of job updated: 899816
	77  -  MemoryUsage of job (MB)
	77992  -  ResidentSetSize of job (KB)
...
006 (7864618.000.000) 05/19 00:20:00 Image size of job updated: 899816
	77  -  MemoryUsage of job (MB)
	78184  -  ResidentSetSize of job (KB)
...
006 (7864618.000.000) 05/19 00:30:01 Image size of job updated: 899816
	77  -  MemoryUsage of job (MB)
	78272  -  ResidentSetSize of job (KB)
...
006 (7864618.000.000) 05/19 01:00:06 Image size of job updated: 899816
	77  -  MemoryUsage of job (MB)
	78568  -  ResidentSetSize of job (KB)
...
006 (7864618.000.000) 05/19 01:05:06 Image size of job updated: 903796
	78  -  MemoryUsage of job (MB)
	78868  -  ResidentSetSize of job (KB)
...
006 (7864618.000.000) 05/19 01:10:07 Image size of job updated: 903796
	78  -  MemoryUsage of job (MB)
	78952  -  ResidentSetSize of job (KB)
...
006 (7864618.000.000) 05/19 01:15:08 Image size of job updated: 903796
	78  -  MemoryUsage of job (MB)
	79004  -  ResidentSetSize of job (KB)
...
006 (7864618.000.000) 05/19 01:20:08 Image size of job updated: 903796
	78  -  MemoryUsage of job (MB)
	79092  -  ResidentSetSize of job (KB)
...
006 (7864618.000.000) 05/19 01:25:08 Image size of job updated: 903796
	78  -  MemoryUsage of job (MB)
	79140  -  ResidentSetSize of job (KB)
...
006 (7864618.000.000) 05/19 01:30:09 Image size of job updated: 903796
	78  -  MemoryUsage of job (MB)
	79200  -  ResidentSetSize of job (KB)
...
006 (7864618.000.000) 05/19 01:35:10 Image size of job updated: 903796
	78  -  MemoryUsage of job (MB)
	79260  -  ResidentSetSize of job (KB)
...
006 (7864618.000.000) 05/19 01:40:10 Image size of job updated: 903796
	78  -  MemoryUsage of job (MB)
	79308  -  ResidentSetSize of job (KB)
...
006 (7864618.000.000) 05/19 01:45:10 Image size of job updated: 903796
	78  -  MemoryUsage of job (MB)
	79360  -  ResidentSetSize of job (KB)
...
006 (7864618.000.000) 05/19 01:50:11 Image size of job updated: 903796
	79  -  MemoryUsage of job (MB)
	80308  -  ResidentSetSize of job (KB)
...
006 (7864618.000.000) 05/19 01:55:12 Image size of job updated: 903796
	79  -  MemoryUsage of job (MB)
	80372  -  ResidentSetSize of job (KB)
...
006 (7864618.000.000) 05/19 02:00:12 Image size of job updated: 903796
	79  -  MemoryUsage of job (MB)
	80428  -  ResidentSetSize of job (KB)
...
006 (7864618.000.000) 05/19 02:05:12 Image size of job updated: 903840
	79  -  MemoryUsage of job (MB)
	80428  -  ResidentSetSize of job (KB)
...
006 (7864618.000.000) 05/19 02:15:14 Image size of job updated: 903840
	79  -  MemoryUsage of job (MB)
	80552  -  ResidentSetSize of job (KB)
...
006 (7864618.000.000) 05/19 02:20:14 Image size of job updated: 903840
	79  -  MemoryUsage of job (MB)
	80640  -  ResidentSetSize of job (KB)
...
006 (7864618.000.000) 05/19 02:25:14 Image size of job updated: 903840
	79  -  MemoryUsage of job (MB)
	80788  -  ResidentSetSize of job (KB)
...
006 (7864618.000.000) 05/19 02:30:15 Image size of job updated: 903840
	80  -  MemoryUsage of job (MB)
	80904  -  ResidentSetSize of job (KB)
...
006 (7864618.000.000) 05/19 02:35:16 Image size of job updated: 903840
	80  -  MemoryUsage of job (MB)
	80960  -  ResidentSetSize of job (KB)
...
006 (7864618.000.000) 05/19 02:40:16 Image size of job updated: 903840
	80  -  MemoryUsage of job (MB)
	81024  -  ResidentSetSize of job (KB)
...
006 (7864618.000.000) 05/19 02:45:16 Image size of job updated: 903840
	80  -  MemoryUsage of job (MB)
	81080  -  ResidentSetSize of job (KB)
...
006 (7864618.000.000) 05/19 02:50:17 Image size of job updated: 903840
	80  -  MemoryUsage of job (MB)
	81124  -  ResidentSetSize of job (KB)
...
006 (7864618.000.000) 05/19 02:55:18 Image size of job updated: 903840
	80  -  MemoryUsage of job (MB)
	81184  -  ResidentSetSize of job (KB)
...
006 (7864618.000.000) 05/19 03:00:18 Image size of job updated: 903840
	80  -  MemoryUsage of job (MB)
	81260  -  ResidentSetSize of job (KB)
...
006 (7864618.000.000) 05/19 03:05:18 Image size of job updated: 903840
	80  -  MemoryUsage of job (MB)
	81324  -  ResidentSetSize of job (KB)
...
006 (7864618.000.000) 05/19 03:10:19 Image size of job updated: 903840
	80  -  MemoryUsage of job (MB)
	81372  -  ResidentSetSize of job (KB)
...
006 (7864618.000.000) 05/19 03:15:20 Image size of job updated: 903840
	80  -  MemoryUsage of job (MB)
	81408  -  ResidentSetSize of job (KB)
...
006 (7864618.000.000) 05/19 03:25:20 Image size of job updated: 903844
	80  -  MemoryUsage of job (MB)
	81408  -  ResidentSetSize of job (KB)
...
006 (7864618.000.000) 05/19 03:35:23 Image size of job updated: 903844
	80  -  MemoryUsage of job (MB)
	81852  -  ResidentSetSize of job (KB)
...
006 (7864618.000.000) 05/19 03:40:23 Image size of job updated: 903844
	80  -  MemoryUsage of job (MB)
	81896  -  ResidentSetSize of job (KB)
...
006 (7864618.000.000) 05/19 03:45:23 Image size of job updated: 903844
	81  -  MemoryUsage of job (MB)
	81960  -  ResidentSetSize of job (KB)
...
006 (7864618.000.000) 05/19 03:50:24 Image size of job updated: 903844
	81  -  MemoryUsage of job (MB)
	81988  -  ResidentSetSize of job (KB)
...
006 (7864618.000.000) 05/19 03:55:25 Image size of job updated: 903844
	81  -  MemoryUsage of job (MB)
	82032  -  ResidentSetSize of job (KB)
...
006 (7864618.000.000) 05/19 04:00:25 Image size of job updated: 903844
	81  -  MemoryUsage of job (MB)
	82092  -  ResidentSetSize of job (KB)
...
006 (7864618.000.000) 05/19 04:05:25 Image size of job updated: 903844
	81  -  MemoryUsage of job (MB)
	82164  -  ResidentSetSize of job (KB)
...
006 (7864618.000.000) 05/19 04:10:26 Image size of job updated: 903844
	81  -  MemoryUsage of job (MB)
	82188  -  ResidentSetSize of job (KB)
...
006 (7864618.000.000) 05/19 04:15:27 Image size of job updated: 903844
	81  -  MemoryUsage of job (MB)
	82244  -  ResidentSetSize of job (KB)
...
006 (7864618.000.000) 05/19 04:20:28 Image size of job updated: 903844
	81  -  MemoryUsage of job (MB)
	82280  -  ResidentSetSize of job (KB)
...
006 (7864618.000.000) 05/19 04:25:28 Image size of job updated: 903844
	81  -  MemoryUsage of job (MB)
	82324  -  ResidentSetSize of job (KB)
...
006 (7864618.000.000) 05/19 04:30:28 Image size of job updated: 903844
	81  -  MemoryUsage of job (MB)
	82364  -  ResidentSetSize of job (KB)
...
006 (7864618.000.000) 05/19 04:35:29 Image size of job updated: 903844
	81  -  MemoryUsage of job (MB)
	82420  -  ResidentSetSize of job (KB)
...
006 (7864618.000.000) 05/19 04:40:30 Image size of job updated: 903844
	81  -  MemoryUsage of job (MB)
	82480  -  ResidentSetSize of job (KB)
...
006 (7864618.000.000) 05/19 04:45:30 Image size of job updated: 903844
	81  -  MemoryUsage of job (MB)
	82576  -  ResidentSetSize of job (KB)
...
006 (7864618.000.000) 05/19 04:50:30 Image size of job updated: 903844
	81  -  MemoryUsage of job (MB)
	82612  -  ResidentSetSize of job (KB)
...
006 (7864618.000.000) 05/19 04:55:31 Image size of job updated: 903844
	81  -  MemoryUsage of job (MB)
	82676  -  ResidentSetSize of job (KB)
...
006 (7864618.000.000) 05/19 05:00:32 Image size of job updated: 903844
	81  -  MemoryUsage of job (MB)
	82712  -  ResidentSetSize of job (KB)
...
006 (7864618.000.000) 05/19 05:05:32 Image size of job updated: 903844
	81  -  MemoryUsage of job (MB)
	82760  -  ResidentSetSize of job (KB)
...
006 (7864618.000.000) 05/19 05:10:32 Image size of job updated: 903844
	81  -  MemoryUsage of job (MB)
	82816  -  ResidentSetSize of job (KB)
...
006 (7864618.000.000) 05/19 05:15:33 Image size of job updated: 903844
	81  -  MemoryUsage of job (MB)
	82864  -  ResidentSetSize of job (KB)
...
040 (7864618.000.000) 05/19 05:19:53 Started transferring output files
...
040 (7864618.000.000) 05/19 05:19:54 Finished transferring output files
...
005 (7864618.000.000) 05/19 05:19:54 Job terminated.
	(1) Normal termination (return value 0)
		Usr 0 00:04:59, Sys 0 00:00:47  -  Run Remote Usage
		Usr 0 00:00:00, Sys 0 00:00:00  -  Run Local Usage
		Usr 0 00:04:59, Sys 0 00:00:47  -  Total Remote Usage
		Usr 0 00:00:00, Sys 0 00:00:00  -  Total Local Usage
	31210  -  Run Bytes Sent By Job
	127964  -  Run Bytes Received By Job
	31210  -  Total Bytes Sent By Job
	127964  -  Total Bytes Received By Job
	Partitionable Resources :    Usage  Request Allocated 
	   Cpus                 :     0.04        4         4 
	   Disk (KB)            :   184         150    290054 
	   Memory (MB)          :    81        8000      8000 
...
