000 (7861633.000.000) 05/18 09:48:54 Job submitted from host: <137.138.76.70:9618?addrs=137.138.76.70-9618&alias=bigbird11.cern.ch&noUDP&sock=schedd_1756_0c65_15>
...
040 (7861633.000.000) 05/18 09:51:33 Started transferring input files
	Transferring to host: <128.142.85.191:9618?addrs=128.142.85.191-9618+[2001-1458-301-f6--100-456]-9618&alias=b7s14n1479.cern.ch&noUDP&sock=slot1_10_16696_97a0_75161>
...
040 (7861633.000.000) 05/18 09:51:33 Finished transferring input files
...
001 (7861633.000.000) 05/18 09:51:33 Job executing on host: <128.142.85.191:9618?addrs=128.142.85.191-9618+[2001-1458-301-f6--100-456]-9618&alias=b7s14n1479.cern.ch&noUDP&sock=startd_16707_30db>
...
006 (7861633.000.000) 05/18 09:51:42 Image size of job updated: 85772
	52  -  MemoryUsage of job (MB)
	52956  -  ResidentSetSize of job (KB)
...
006 (7861633.000.000) 05/18 09:56:43 Image size of job updated: 893796
	66  -  MemoryUsage of job (MB)
	66828  -  ResidentSetSize of job (KB)
...
006 (7861633.000.000) 05/18 10:01:44 Image size of job updated: 893820
	69  -  MemoryUsage of job (MB)
	70208  -  ResidentSetSize of job (KB)
...
006 (7861633.000.000) 05/18 10:21:46 Image size of job updated: 895160
	69  -  MemoryUsage of job (MB)
	70208  -  ResidentSetSize of job (KB)
...
006 (7861633.000.000) 05/18 10:31:46 Image size of job updated: 896960
	75  -  MemoryUsage of job (MB)
	76508  -  ResidentSetSize of job (KB)
...
006 (7861633.000.000) 05/18 10:36:47 Image size of job updated: 896996
	75  -  MemoryUsage of job (MB)
	76508  -  ResidentSetSize of job (KB)
...
006 (7861633.000.000) 05/18 10:46:48 Image size of job updated: 897008
	75  -  MemoryUsage of job (MB)
	76608  -  ResidentSetSize of job (KB)
...
006 (7861633.000.000) 05/18 10:56:50 Image size of job updated: 898884
	75  -  MemoryUsage of job (MB)
	76608  -  ResidentSetSize of job (KB)
...
006 (7861633.000.000) 05/18 11:01:50 Image size of job updated: 899036
	82  -  MemoryUsage of job (MB)
	82948  -  ResidentSetSize of job (KB)
...
006 (7861633.000.000) 05/18 11:16:51 Image size of job updated: 899036
	82  -  MemoryUsage of job (MB)
	82952  -  ResidentSetSize of job (KB)
...
006 (7861633.000.000) 05/18 11:26:52 Image size of job updated: 899036
	82  -  MemoryUsage of job (MB)
	82956  -  ResidentSetSize of job (KB)
...
006 (7861633.000.000) 05/18 11:46:55 Image size of job updated: 902240
	82  -  MemoryUsage of job (MB)
	82956  -  ResidentSetSize of job (KB)
...
006 (7861633.000.000) 05/18 12:21:58 Image size of job updated: 902244
	82  -  MemoryUsage of job (MB)
	82956  -  ResidentSetSize of job (KB)
...
006 (7861633.000.000) 05/18 13:02:01 Image size of job updated: 902252
	82  -  MemoryUsage of job (MB)
	82956  -  ResidentSetSize of job (KB)
...
006 (7861633.000.000) 05/18 13:07:02 Image size of job updated: 902252
	85  -  MemoryUsage of job (MB)
	86152  -  ResidentSetSize of job (KB)
...
006 (7861633.000.000) 05/18 13:12:03 Image size of job updated: 905420
	85  -  MemoryUsage of job (MB)
	86152  -  ResidentSetSize of job (KB)
...
006 (7861633.000.000) 05/18 13:27:04 Image size of job updated: 905440
	85  -  MemoryUsage of job (MB)
	86152  -  ResidentSetSize of job (KB)
...
006 (7861633.000.000) 05/18 13:32:04 Image size of job updated: 905460
	85  -  MemoryUsage of job (MB)
	86152  -  ResidentSetSize of job (KB)
...
006 (7861633.000.000) 05/18 13:47:06 Image size of job updated: 909532
	85  -  MemoryUsage of job (MB)
	86152  -  ResidentSetSize of job (KB)
...
006 (7861633.000.000) 05/18 13:52:06 Image size of job updated: 909544
	85  -  MemoryUsage of job (MB)
	86152  -  ResidentSetSize of job (KB)
...
006 (7861633.000.000) 05/18 13:57:07 Image size of job updated: 909552
	85  -  MemoryUsage of job (MB)
	86152  -  ResidentSetSize of job (KB)
...
006 (7861633.000.000) 05/18 14:02:08 Image size of job updated: 909552
	87  -  MemoryUsage of job (MB)
	88360  -  ResidentSetSize of job (KB)
...
006 (7861633.000.000) 05/18 14:07:08 Image size of job updated: 909552
	90  -  MemoryUsage of job (MB)
	91672  -  ResidentSetSize of job (KB)
...
006 (7861633.000.000) 05/18 14:12:08 Image size of job updated: 909552
	90  -  MemoryUsage of job (MB)
	91720  -  ResidentSetSize of job (KB)
...
006 (7861633.000.000) 05/18 14:17:09 Image size of job updated: 909552
	90  -  MemoryUsage of job (MB)
	91760  -  ResidentSetSize of job (KB)
...
006 (7861633.000.000) 05/18 14:22:10 Image size of job updated: 909552
	90  -  MemoryUsage of job (MB)
	91812  -  ResidentSetSize of job (KB)
...
006 (7861633.000.000) 05/18 14:27:10 Image size of job updated: 912580
	90  -  MemoryUsage of job (MB)
	91856  -  ResidentSetSize of job (KB)
...
006 (7861633.000.000) 05/18 14:32:10 Image size of job updated: 912756
	90  -  MemoryUsage of job (MB)
	91856  -  ResidentSetSize of job (KB)
...
006 (7861633.000.000) 05/18 14:52:12 Image size of job updated: 915996
	90  -  MemoryUsage of job (MB)
	91856  -  ResidentSetSize of job (KB)
...
006 (7861633.000.000) 05/18 14:57:13 Image size of job updated: 915996
	94  -  MemoryUsage of job (MB)
	95356  -  ResidentSetSize of job (KB)
...
006 (7861633.000.000) 05/18 15:02:13 Image size of job updated: 915996
	94  -  MemoryUsage of job (MB)
	95408  -  ResidentSetSize of job (KB)
...
006 (7861633.000.000) 05/18 15:07:13 Image size of job updated: 915996
	94  -  MemoryUsage of job (MB)
	95464  -  ResidentSetSize of job (KB)
...
006 (7861633.000.000) 05/18 15:12:14 Image size of job updated: 915996
	94  -  MemoryUsage of job (MB)
	95508  -  ResidentSetSize of job (KB)
...
006 (7861633.000.000) 05/18 15:17:15 Image size of job updated: 915996
	94  -  MemoryUsage of job (MB)
	95564  -  ResidentSetSize of job (KB)
...
006 (7861633.000.000) 05/18 15:22:15 Image size of job updated: 915996
	94  -  MemoryUsage of job (MB)
	95608  -  ResidentSetSize of job (KB)
...
006 (7861633.000.000) 05/18 15:27:16 Image size of job updated: 915996
	94  -  MemoryUsage of job (MB)
	95640  -  ResidentSetSize of job (KB)
...
006 (7861633.000.000) 05/18 15:32:17 Image size of job updated: 915996
	94  -  MemoryUsage of job (MB)
	95684  -  ResidentSetSize of job (KB)
...
006 (7861633.000.000) 05/18 15:37:17 Image size of job updated: 915996
	97  -  MemoryUsage of job (MB)
	98964  -  ResidentSetSize of job (KB)
...
006 (7861633.000.000) 05/18 16:02:20 Image size of job updated: 915996
	97  -  MemoryUsage of job (MB)
	99204  -  ResidentSetSize of job (KB)
...
006 (7861633.000.000) 05/18 16:52:25 Image size of job updated: 915996
	98  -  MemoryUsage of job (MB)
	99680  -  ResidentSetSize of job (KB)
...
006 (7861633.000.000) 05/18 16:57:26 Image size of job updated: 919200
	98  -  MemoryUsage of job (MB)
	99680  -  ResidentSetSize of job (KB)
...
006 (7861633.000.000) 05/18 17:02:27 Image size of job updated: 919200
	98  -  MemoryUsage of job (MB)
	99740  -  ResidentSetSize of job (KB)
...
006 (7861633.000.000) 05/18 17:07:27 Image size of job updated: 919200
	98  -  MemoryUsage of job (MB)
	99804  -  ResidentSetSize of job (KB)
...
006 (7861633.000.000) 05/18 17:12:27 Image size of job updated: 919200
	98  -  MemoryUsage of job (MB)
	99852  -  ResidentSetSize of job (KB)
...
006 (7861633.000.000) 05/18 17:17:28 Image size of job updated: 919200
	98  -  MemoryUsage of job (MB)
	99900  -  ResidentSetSize of job (KB)
...
006 (7861633.000.000) 05/18 17:27:29 Image size of job updated: 923284
	98  -  MemoryUsage of job (MB)
	99900  -  ResidentSetSize of job (KB)
...
006 (7861633.000.000) 05/18 17:32:29 Image size of job updated: 923284
	98  -  MemoryUsage of job (MB)
	100024  -  ResidentSetSize of job (KB)
...
006 (7861633.000.000) 05/18 17:37:30 Image size of job updated: 923312
	98  -  MemoryUsage of job (MB)
	100024  -  ResidentSetSize of job (KB)
...
006 (7861633.000.000) 05/18 17:47:31 Image size of job updated: 923312
	98  -  MemoryUsage of job (MB)
	100160  -  ResidentSetSize of job (KB)
...
006 (7861633.000.000) 05/18 17:52:31 Image size of job updated: 923312
	98  -  MemoryUsage of job (MB)
	100208  -  ResidentSetSize of job (KB)
...
006 (7861633.000.000) 05/18 17:57:32 Image size of job updated: 923312
	98  -  MemoryUsage of job (MB)
	100248  -  ResidentSetSize of job (KB)
...
006 (7861633.000.000) 05/18 18:07:33 Image size of job updated: 923312
	98  -  MemoryUsage of job (MB)
	100340  -  ResidentSetSize of job (KB)
...
006 (7861633.000.000) 05/18 18:22:36 Image size of job updated: 923312
	99  -  MemoryUsage of job (MB)
	100480  -  ResidentSetSize of job (KB)
...
006 (7861633.000.000) 05/18 18:52:38 Image size of job updated: 923312
	102  -  MemoryUsage of job (MB)
	104020  -  ResidentSetSize of job (KB)
...
006 (7861633.000.000) 05/18 18:57:38 Image size of job updated: 923312
	102  -  MemoryUsage of job (MB)
	104064  -  ResidentSetSize of job (KB)
...
006 (7861633.000.000) 05/18 19:02:39 Image size of job updated: 923312
	102  -  MemoryUsage of job (MB)
	104120  -  ResidentSetSize of job (KB)
...
006 (7861633.000.000) 05/18 19:07:40 Image size of job updated: 926348
	102  -  MemoryUsage of job (MB)
	104168  -  ResidentSetSize of job (KB)
...
006 (7861633.000.000) 05/18 19:12:40 Image size of job updated: 926348
	102  -  MemoryUsage of job (MB)
	104188  -  ResidentSetSize of job (KB)
...
006 (7861633.000.000) 05/18 19:17:40 Image size of job updated: 926348
	102  -  MemoryUsage of job (MB)
	104256  -  ResidentSetSize of job (KB)
...
006 (7861633.000.000) 05/18 19:22:41 Image size of job updated: 926348
	102  -  MemoryUsage of job (MB)
	104312  -  ResidentSetSize of job (KB)
...
006 (7861633.000.000) 05/18 19:27:42 Image size of job updated: 926488
	102  -  MemoryUsage of job (MB)
	104312  -  ResidentSetSize of job (KB)
...
006 (7861633.000.000) 05/18 19:32:42 Image size of job updated: 926492
	106  -  MemoryUsage of job (MB)
	107620  -  ResidentSetSize of job (KB)
...
006 (7861633.000.000) 05/18 19:57:44 Image size of job updated: 926504
	106  -  MemoryUsage of job (MB)
	107620  -  ResidentSetSize of job (KB)
...
006 (7861633.000.000) 05/18 20:17:47 Image size of job updated: 926516
	106  -  MemoryUsage of job (MB)
	107620  -  ResidentSetSize of job (KB)
...
006 (7861633.000.000) 05/18 21:37:55 Image size of job updated: 926520
	106  -  MemoryUsage of job (MB)
	107620  -  ResidentSetSize of job (KB)
...
006 (7861633.000.000) 05/18 21:57:57 Image size of job updated: 926520
	107  -  MemoryUsage of job (MB)
	108984  -  ResidentSetSize of job (KB)
...
006 (7861633.000.000) 05/19 00:43:14 Image size of job updated: 934664
	108  -  MemoryUsage of job (MB)
	110568  -  ResidentSetSize of job (KB)
...
006 (7861633.000.000) 05/19 00:48:15 Image size of job updated: 934664
	109  -  MemoryUsage of job (MB)
	110648  -  ResidentSetSize of job (KB)
...
006 (7861633.000.000) 05/19 00:53:16 Image size of job updated: 934664
	109  -  MemoryUsage of job (MB)
	110692  -  ResidentSetSize of job (KB)
...
006 (7861633.000.000) 05/19 00:58:16 Image size of job updated: 934664
	109  -  MemoryUsage of job (MB)
	110736  -  ResidentSetSize of job (KB)
...
006 (7861633.000.000) 05/19 01:03:16 Image size of job updated: 934664
	109  -  MemoryUsage of job (MB)
	110792  -  ResidentSetSize of job (KB)
...
006 (7861633.000.000) 05/19 01:08:17 Image size of job updated: 934664
	109  -  MemoryUsage of job (MB)
	110836  -  ResidentSetSize of job (KB)
...
006 (7861633.000.000) 05/19 01:13:18 Image size of job updated: 934664
	109  -  MemoryUsage of job (MB)
	110892  -  ResidentSetSize of job (KB)
...
006 (7861633.000.000) 05/19 01:18:18 Image size of job updated: 934664
	109  -  MemoryUsage of job (MB)
	110936  -  ResidentSetSize of job (KB)
...
006 (7861633.000.000) 05/19 01:23:18 Image size of job updated: 934664
	109  -  MemoryUsage of job (MB)
	110996  -  ResidentSetSize of job (KB)
...
006 (7861633.000.000) 05/19 01:28:19 Image size of job updated: 934664
	109  -  MemoryUsage of job (MB)
	111040  -  ResidentSetSize of job (KB)
...
006 (7861633.000.000) 05/19 01:33:20 Image size of job updated: 934664
	109  -  MemoryUsage of job (MB)
	111092  -  ResidentSetSize of job (KB)
...
006 (7861633.000.000) 05/19 01:38:20 Image size of job updated: 934664
	109  -  MemoryUsage of job (MB)
	111136  -  ResidentSetSize of job (KB)
...
006 (7861633.000.000) 05/19 01:43:20 Image size of job updated: 934664
	109  -  MemoryUsage of job (MB)
	111196  -  ResidentSetSize of job (KB)
...
006 (7861633.000.000) 05/19 01:48:21 Image size of job updated: 934664
	109  -  MemoryUsage of job (MB)
	111240  -  ResidentSetSize of job (KB)
...
006 (7861633.000.000) 05/19 01:53:22 Image size of job updated: 934664
	109  -  MemoryUsage of job (MB)
	111296  -  ResidentSetSize of job (KB)
...
006 (7861633.000.000) 05/19 01:58:22 Image size of job updated: 934664
	109  -  MemoryUsage of job (MB)
	111352  -  ResidentSetSize of job (KB)
...
006 (7861633.000.000) 05/19 02:03:22 Image size of job updated: 934664
	109  -  MemoryUsage of job (MB)
	111396  -  ResidentSetSize of job (KB)
...
006 (7861633.000.000) 05/19 02:08:23 Image size of job updated: 934664
	109  -  MemoryUsage of job (MB)
	111452  -  ResidentSetSize of job (KB)
...
006 (7861633.000.000) 05/19 02:13:24 Image size of job updated: 934664
	109  -  MemoryUsage of job (MB)
	111508  -  ResidentSetSize of job (KB)
...
006 (7861633.000.000) 05/19 02:18:24 Image size of job updated: 934664
	109  -  MemoryUsage of job (MB)
	111556  -  ResidentSetSize of job (KB)
...
006 (7861633.000.000) 05/19 02:23:24 Image size of job updated: 934664
	109  -  MemoryUsage of job (MB)
	111608  -  ResidentSetSize of job (KB)
...
006 (7861633.000.000) 05/19 02:28:25 Image size of job updated: 934664
	110  -  MemoryUsage of job (MB)
	111660  -  ResidentSetSize of job (KB)
...
006 (7861633.000.000) 05/19 02:33:25 Image size of job updated: 937768
	110  -  MemoryUsage of job (MB)
	111716  -  ResidentSetSize of job (KB)
...
006 (7861633.000.000) 05/19 02:38:25 Image size of job updated: 937920
	113  -  MemoryUsage of job (MB)
	114972  -  ResidentSetSize of job (KB)
...
006 (7861633.000.000) 05/19 02:43:25 Image size of job updated: 937920
	113  -  MemoryUsage of job (MB)
	115032  -  ResidentSetSize of job (KB)
...
006 (7861633.000.000) 05/19 02:48:26 Image size of job updated: 937920
	113  -  MemoryUsage of job (MB)
	115084  -  ResidentSetSize of job (KB)
...
006 (7861633.000.000) 05/19 02:53:27 Image size of job updated: 937920
	113  -  MemoryUsage of job (MB)
	115132  -  ResidentSetSize of job (KB)
...
006 (7861633.000.000) 05/19 02:58:27 Image size of job updated: 937920
	113  -  MemoryUsage of job (MB)
	115200  -  ResidentSetSize of job (KB)
...
006 (7861633.000.000) 05/19 03:03:28 Image size of job updated: 937920
	113  -  MemoryUsage of job (MB)
	115244  -  ResidentSetSize of job (KB)
...
006 (7861633.000.000) 05/19 03:08:29 Image size of job updated: 937920
	113  -  MemoryUsage of job (MB)
	115300  -  ResidentSetSize of job (KB)
...
006 (7861633.000.000) 05/19 03:13:29 Image size of job updated: 937920
	113  -  MemoryUsage of job (MB)
	115340  -  ResidentSetSize of job (KB)
...
006 (7861633.000.000) 05/19 03:18:29 Image size of job updated: 937920
	113  -  MemoryUsage of job (MB)
	115376  -  ResidentSetSize of job (KB)
...
006 (7861633.000.000) 05/19 03:23:30 Image size of job updated: 937920
	113  -  MemoryUsage of job (MB)
	115420  -  ResidentSetSize of job (KB)
...
006 (7861633.000.000) 05/19 03:28:31 Image size of job updated: 937920
	113  -  MemoryUsage of job (MB)
	115448  -  ResidentSetSize of job (KB)
...
006 (7861633.000.000) 05/19 03:33:31 Image size of job updated: 937920
	113  -  MemoryUsage of job (MB)
	115484  -  ResidentSetSize of job (KB)
...
006 (7861633.000.000) 05/19 03:38:32 Image size of job updated: 937920
	113  -  MemoryUsage of job (MB)
	115524  -  ResidentSetSize of job (KB)
...
006 (7861633.000.000) 05/19 03:43:33 Image size of job updated: 937920
	113  -  MemoryUsage of job (MB)
	115564  -  ResidentSetSize of job (KB)
...
006 (7861633.000.000) 05/19 03:48:33 Image size of job updated: 937920
	113  -  MemoryUsage of job (MB)
	115600  -  ResidentSetSize of job (KB)
...
006 (7861633.000.000) 05/19 03:53:33 Image size of job updated: 937920
	113  -  MemoryUsage of job (MB)
	115640  -  ResidentSetSize of job (KB)
...
006 (7861633.000.000) 05/19 03:58:34 Image size of job updated: 937920
	113  -  MemoryUsage of job (MB)
	115676  -  ResidentSetSize of job (KB)
...
006 (7861633.000.000) 05/19 04:03:35 Image size of job updated: 937920
	114  -  MemoryUsage of job (MB)
	115716  -  ResidentSetSize of job (KB)
...
006 (7861633.000.000) 05/19 04:08:35 Image size of job updated: 937920
	114  -  MemoryUsage of job (MB)
	115756  -  ResidentSetSize of job (KB)
...
006 (7861633.000.000) 05/19 04:13:35 Image size of job updated: 937920
	114  -  MemoryUsage of job (MB)
	115784  -  ResidentSetSize of job (KB)
...
006 (7861633.000.000) 05/19 04:18:36 Image size of job updated: 937920
	114  -  MemoryUsage of job (MB)
	115824  -  ResidentSetSize of job (KB)
...
006 (7861633.000.000) 05/19 04:23:37 Image size of job updated: 937920
	114  -  MemoryUsage of job (MB)
	115864  -  ResidentSetSize of job (KB)
...
006 (7861633.000.000) 05/19 04:28:37 Image size of job updated: 937920
	114  -  MemoryUsage of job (MB)
	115904  -  ResidentSetSize of job (KB)
...
006 (7861633.000.000) 05/19 04:33:37 Image size of job updated: 937920
	114  -  MemoryUsage of job (MB)
	115960  -  ResidentSetSize of job (KB)
...
006 (7861633.000.000) 05/19 04:38:38 Image size of job updated: 937920
	114  -  MemoryUsage of job (MB)
	116012  -  ResidentSetSize of job (KB)
...
006 (7861633.000.000) 05/19 04:43:39 Image size of job updated: 937920
	114  -  MemoryUsage of job (MB)
	116060  -  ResidentSetSize of job (KB)
...
006 (7861633.000.000) 05/19 04:48:39 Image size of job updated: 937920
	114  -  MemoryUsage of job (MB)
	116100  -  ResidentSetSize of job (KB)
...
006 (7861633.000.000) 05/19 04:53:39 Image size of job updated: 937920
	114  -  MemoryUsage of job (MB)
	116144  -  ResidentSetSize of job (KB)
...
006 (7861633.000.000) 05/19 04:58:40 Image size of job updated: 937920
	114  -  MemoryUsage of job (MB)
	116180  -  ResidentSetSize of job (KB)
...
006 (7861633.000.000) 05/19 05:03:40 Image size of job updated: 937920
	114  -  MemoryUsage of job (MB)
	116236  -  ResidentSetSize of job (KB)
...
006 (7861633.000.000) 05/19 05:08:40 Image size of job updated: 937920
	114  -  MemoryUsage of job (MB)
	116280  -  ResidentSetSize of job (KB)
...
006 (7861633.000.000) 05/19 05:13:41 Image size of job updated: 937920
	114  -  MemoryUsage of job (MB)
	116336  -  ResidentSetSize of job (KB)
...
006 (7861633.000.000) 05/19 05:18:42 Image size of job updated: 937920
	114  -  MemoryUsage of job (MB)
	116388  -  ResidentSetSize of job (KB)
...
006 (7861633.000.000) 05/19 05:23:42 Image size of job updated: 941136
	117  -  MemoryUsage of job (MB)
	119628  -  ResidentSetSize of job (KB)
...
006 (7861633.000.000) 05/19 05:28:42 Image size of job updated: 941136
	117  -  MemoryUsage of job (MB)
	119684  -  ResidentSetSize of job (KB)
...
006 (7861633.000.000) 05/19 05:33:43 Image size of job updated: 941136
	117  -  MemoryUsage of job (MB)
	119728  -  ResidentSetSize of job (KB)
...
006 (7861633.000.000) 05/19 05:38:44 Image size of job updated: 941136
	118  -  MemoryUsage of job (MB)
	119816  -  ResidentSetSize of job (KB)
...
006 (7861633.000.000) 05/19 05:43:44 Image size of job updated: 941136
	118  -  MemoryUsage of job (MB)
	119872  -  ResidentSetSize of job (KB)
...
006 (7861633.000.000) 05/19 05:48:44 Image size of job updated: 941136
	118  -  MemoryUsage of job (MB)
	119924  -  ResidentSetSize of job (KB)
...
006 (7861633.000.000) 05/19 05:53:45 Image size of job updated: 941136
	118  -  MemoryUsage of job (MB)
	119952  -  ResidentSetSize of job (KB)
...
006 (7861633.000.000) 05/19 05:58:46 Image size of job updated: 941136
	118  -  MemoryUsage of job (MB)
	119992  -  ResidentSetSize of job (KB)
...
006 (7861633.000.000) 05/19 06:03:46 Image size of job updated: 941136
	118  -  MemoryUsage of job (MB)
	120036  -  ResidentSetSize of job (KB)
...
006 (7861633.000.000) 05/19 06:08:46 Image size of job updated: 941136
	118  -  MemoryUsage of job (MB)
	120072  -  ResidentSetSize of job (KB)
...
006 (7861633.000.000) 05/19 06:13:47 Image size of job updated: 941136
	118  -  MemoryUsage of job (MB)
	120112  -  ResidentSetSize of job (KB)
...
006 (7861633.000.000) 05/19 06:18:48 Image size of job updated: 941136
	118  -  MemoryUsage of job (MB)
	120152  -  ResidentSetSize of job (KB)
...
006 (7861633.000.000) 05/19 06:23:48 Image size of job updated: 941136
	118  -  MemoryUsage of job (MB)
	120204  -  ResidentSetSize of job (KB)
...
006 (7861633.000.000) 05/19 06:28:49 Image size of job updated: 941136
	118  -  MemoryUsage of job (MB)
	120248  -  ResidentSetSize of job (KB)
...
006 (7861633.000.000) 05/19 06:33:50 Image size of job updated: 941136
	118  -  MemoryUsage of job (MB)
	120308  -  ResidentSetSize of job (KB)
...
006 (7861633.000.000) 05/19 06:38:50 Image size of job updated: 941136
	118  -  MemoryUsage of job (MB)
	120364  -  ResidentSetSize of job (KB)
...
006 (7861633.000.000) 05/19 06:43:50 Image size of job updated: 941136
	118  -  MemoryUsage of job (MB)
	120408  -  ResidentSetSize of job (KB)
...
006 (7861633.000.000) 05/19 06:48:51 Image size of job updated: 941136
	118  -  MemoryUsage of job (MB)
	120464  -  ResidentSetSize of job (KB)
...
006 (7861633.000.000) 05/19 06:53:52 Image size of job updated: 941136
	118  -  MemoryUsage of job (MB)
	120516  -  ResidentSetSize of job (KB)
...
006 (7861633.000.000) 05/19 06:58:52 Image size of job updated: 941136
	118  -  MemoryUsage of job (MB)
	120560  -  ResidentSetSize of job (KB)
...
006 (7861633.000.000) 05/19 07:03:52 Image size of job updated: 944212
	118  -  MemoryUsage of job (MB)
	120620  -  ResidentSetSize of job (KB)
...
006 (7861633.000.000) 05/19 07:08:53 Image size of job updated: 944364
	121  -  MemoryUsage of job (MB)
	123856  -  ResidentSetSize of job (KB)
...
006 (7861633.000.000) 05/19 07:13:54 Image size of job updated: 944364
	121  -  MemoryUsage of job (MB)
	123900  -  ResidentSetSize of job (KB)
...
006 (7861633.000.000) 05/19 07:18:54 Image size of job updated: 944364
	122  -  MemoryUsage of job (MB)
	123956  -  ResidentSetSize of job (KB)
...
006 (7861633.000.000) 05/19 07:23:54 Image size of job updated: 944364
	122  -  MemoryUsage of job (MB)
	124000  -  ResidentSetSize of job (KB)
...
006 (7861633.000.000) 05/19 07:28:55 Image size of job updated: 944364
	122  -  MemoryUsage of job (MB)
	124044  -  ResidentSetSize of job (KB)
...
006 (7861633.000.000) 05/19 07:33:56 Image size of job updated: 944364
	122  -  MemoryUsage of job (MB)
	124116  -  ResidentSetSize of job (KB)
...
006 (7861633.000.000) 05/19 07:38:56 Image size of job updated: 944364
	122  -  MemoryUsage of job (MB)
	124164  -  ResidentSetSize of job (KB)
...
006 (7861633.000.000) 05/19 07:43:56 Image size of job updated: 944364
	122  -  MemoryUsage of job (MB)
	124216  -  ResidentSetSize of job (KB)
...
006 (7861633.000.000) 05/19 07:48:56 Image size of job updated: 944364
	122  -  MemoryUsage of job (MB)
	124260  -  ResidentSetSize of job (KB)
...
006 (7861633.000.000) 05/19 07:53:57 Image size of job updated: 944364
	122  -  MemoryUsage of job (MB)
	124316  -  ResidentSetSize of job (KB)
...
006 (7861633.000.000) 05/19 07:58:57 Image size of job updated: 944364
	122  -  MemoryUsage of job (MB)
	124360  -  ResidentSetSize of job (KB)
...
006 (7861633.000.000) 05/19 08:03:57 Image size of job updated: 944364
	122  -  MemoryUsage of job (MB)
	124416  -  ResidentSetSize of job (KB)
...
006 (7861633.000.000) 05/19 08:08:58 Image size of job updated: 944364
	122  -  MemoryUsage of job (MB)
	124468  -  ResidentSetSize of job (KB)
...
006 (7861633.000.000) 05/19 08:13:59 Image size of job updated: 944364
	122  -  MemoryUsage of job (MB)
	124512  -  ResidentSetSize of job (KB)
...
006 (7861633.000.000) 05/19 08:18:59 Image size of job updated: 944364
	122  -  MemoryUsage of job (MB)
	124556  -  ResidentSetSize of job (KB)
...
006 (7861633.000.000) 05/19 08:23:59 Image size of job updated: 944364
	122  -  MemoryUsage of job (MB)
	124608  -  ResidentSetSize of job (KB)
...
006 (7861633.000.000) 05/19 08:29:00 Image size of job updated: 944364
	122  -  MemoryUsage of job (MB)
	124656  -  ResidentSetSize of job (KB)
...
006 (7861633.000.000) 05/19 08:34:00 Image size of job updated: 944364
	122  -  MemoryUsage of job (MB)
	124708  -  ResidentSetSize of job (KB)
...
006 (7861633.000.000) 05/19 08:39:00 Image size of job updated: 944364
	122  -  MemoryUsage of job (MB)
	124752  -  ResidentSetSize of job (KB)
...
006 (7861633.000.000) 05/19 08:44:01 Image size of job updated: 944364
	122  -  MemoryUsage of job (MB)
	124808  -  ResidentSetSize of job (KB)
...
006 (7861633.000.000) 05/19 08:49:02 Image size of job updated: 944364
	122  -  MemoryUsage of job (MB)
	124852  -  ResidentSetSize of job (KB)
...
006 (7861633.000.000) 05/19 08:54:02 Image size of job updated: 947580
	126  -  MemoryUsage of job (MB)
	128100  -  ResidentSetSize of job (KB)
...
006 (7861633.000.000) 05/19 08:59:02 Image size of job updated: 947580
	126  -  MemoryUsage of job (MB)
	128148  -  ResidentSetSize of job (KB)
...
006 (7861633.000.000) 05/19 09:04:03 Image size of job updated: 947580
	126  -  MemoryUsage of job (MB)
	128200  -  ResidentSetSize of job (KB)
...
006 (7861633.000.000) 05/19 09:09:04 Image size of job updated: 947580
	126  -  MemoryUsage of job (MB)
	128244  -  ResidentSetSize of job (KB)
...
006 (7861633.000.000) 05/19 09:14:04 Image size of job updated: 947580
	126  -  MemoryUsage of job (MB)
	128288  -  ResidentSetSize of job (KB)
...
006 (7861633.000.000) 05/19 09:19:04 Image size of job updated: 947580
	126  -  MemoryUsage of job (MB)
	128344  -  ResidentSetSize of job (KB)
...
006 (7861633.000.000) 05/19 09:24:05 Image size of job updated: 947580
	126  -  MemoryUsage of job (MB)
	128384  -  ResidentSetSize of job (KB)
...
006 (7861633.000.000) 05/19 09:29:06 Image size of job updated: 947580
	126  -  MemoryUsage of job (MB)
	128436  -  ResidentSetSize of job (KB)
...
006 (7861633.000.000) 05/19 09:34:06 Image size of job updated: 947580
	126  -  MemoryUsage of job (MB)
	128480  -  ResidentSetSize of job (KB)
...
006 (7861633.000.000) 05/19 09:39:07 Image size of job updated: 947580
	126  -  MemoryUsage of job (MB)
	128532  -  ResidentSetSize of job (KB)
...
006 (7861633.000.000) 05/19 09:44:08 Image size of job updated: 947580
	126  -  MemoryUsage of job (MB)
	128576  -  ResidentSetSize of job (KB)
...
006 (7861633.000.000) 05/19 09:49:08 Image size of job updated: 947580
	126  -  MemoryUsage of job (MB)
	128624  -  ResidentSetSize of job (KB)
...
040 (7861633.000.000) 05/19 09:52:02 Started transferring output files
...
040 (7861633.000.000) 05/19 09:52:03 Finished transferring output files
...
009 (7861633.000.000) 05/19 09:52:03 Job was aborted by the user.
	Job removed by SYSTEM_PERIODIC_REMOVE due to wall time exceeded allowed max.
...
