000 (7861631.000.000) 05/18 09:45:52 Job submitted from host: <137.138.76.70:9618?addrs=137.138.76.70-9618&alias=bigbird11.cern.ch&noUDP&sock=schedd_1756_0c65_15>
...
040 (7861631.000.000) 05/18 09:46:46 Started transferring input files
	Transferring to host: <188.184.132.106:9618?addrs=188.184.132.106-9618+[2001-1458-301-a0--100-62]-9618&alias=b7g28n0450.cern.ch&noUDP&sock=slot1_3_5502_6819_29862>
...
040 (7861631.000.000) 05/18 09:46:46 Finished transferring input files
...
001 (7861631.000.000) 05/18 09:46:46 Job executing on host: <188.184.132.106:9618?addrs=188.184.132.106-9618+[2001-1458-301-a0--100-62]-9618&alias=b7g28n0450.cern.ch&noUDP&sock=startd_4675_3d58>
...
006 (7861631.000.000) 05/18 09:46:54 Image size of job updated: 455688
	45  -  MemoryUsage of job (MB)
	45892  -  ResidentSetSize of job (KB)
...
006 (7861631.000.000) 05/18 09:51:54 Image size of job updated: 890352
	64  -  MemoryUsage of job (MB)
	64644  -  ResidentSetSize of job (KB)
...
006 (7861631.000.000) 05/18 09:56:54 Image size of job updated: 895760
	64  -  MemoryUsage of job (MB)
	64644  -  ResidentSetSize of job (KB)
...
006 (7861631.000.000) 05/18 10:01:55 Image size of job updated: 895796
	64  -  MemoryUsage of job (MB)
	64644  -  ResidentSetSize of job (KB)
...
006 (7861631.000.000) 05/18 10:06:55 Image size of job updated: 896668
	73  -  MemoryUsage of job (MB)
	73908  -  ResidentSetSize of job (KB)
...
006 (7861631.000.000) 05/18 10:11:55 Image size of job updated: 896668
	73  -  MemoryUsage of job (MB)
	74052  -  ResidentSetSize of job (KB)
...
006 (7861631.000.000) 05/18 10:16:55 Image size of job updated: 896668
	74  -  MemoryUsage of job (MB)
	74948  -  ResidentSetSize of job (KB)
...
006 (7861631.000.000) 05/18 10:21:56 Image size of job updated: 896888
	74  -  MemoryUsage of job (MB)
	74948  -  ResidentSetSize of job (KB)
...
006 (7861631.000.000) 05/18 10:26:57 Image size of job updated: 896900
	74  -  MemoryUsage of job (MB)
	74948  -  ResidentSetSize of job (KB)
...
006 (7861631.000.000) 05/18 10:41:59 Image size of job updated: 896904
	74  -  MemoryUsage of job (MB)
	74948  -  ResidentSetSize of job (KB)
...
006 (7861631.000.000) 05/18 10:51:59 Image size of job updated: 897972
	74  -  MemoryUsage of job (MB)
	74980  -  ResidentSetSize of job (KB)
...
006 (7861631.000.000) 05/18 10:56:59 Image size of job updated: 897972
	74  -  MemoryUsage of job (MB)
	75184  -  ResidentSetSize of job (KB)
...
006 (7861631.000.000) 05/18 11:02:00 Image size of job updated: 897972
	74  -  MemoryUsage of job (MB)
	75284  -  ResidentSetSize of job (KB)
...
006 (7861631.000.000) 05/18 11:07:00 Image size of job updated: 897972
	74  -  MemoryUsage of job (MB)
	75376  -  ResidentSetSize of job (KB)
...
006 (7861631.000.000) 05/18 11:12:00 Image size of job updated: 897972
	74  -  MemoryUsage of job (MB)
	75528  -  ResidentSetSize of job (KB)
...
006 (7861631.000.000) 05/18 11:17:01 Image size of job updated: 897972
	74  -  MemoryUsage of job (MB)
	75612  -  ResidentSetSize of job (KB)
...
006 (7861631.000.000) 05/18 11:22:02 Image size of job updated: 897972
	74  -  MemoryUsage of job (MB)
	75724  -  ResidentSetSize of job (KB)
...
006 (7861631.000.000) 05/18 11:27:02 Image size of job updated: 897972
	75  -  MemoryUsage of job (MB)
	75876  -  ResidentSetSize of job (KB)
...
006 (7861631.000.000) 05/18 11:32:02 Image size of job updated: 897972
	76  -  MemoryUsage of job (MB)
	77460  -  ResidentSetSize of job (KB)
...
006 (7861631.000.000) 05/18 11:37:03 Image size of job updated: 897972
	76  -  MemoryUsage of job (MB)
	77544  -  ResidentSetSize of job (KB)
...
006 (7861631.000.000) 05/18 11:42:04 Image size of job updated: 897972
	76  -  MemoryUsage of job (MB)
	77660  -  ResidentSetSize of job (KB)
...
006 (7861631.000.000) 05/18 11:47:04 Image size of job updated: 897972
	76  -  MemoryUsage of job (MB)
	77788  -  ResidentSetSize of job (KB)
...
006 (7861631.000.000) 05/18 11:52:04 Image size of job updated: 897972
	77  -  MemoryUsage of job (MB)
	77872  -  ResidentSetSize of job (KB)
...
006 (7861631.000.000) 05/18 11:57:05 Image size of job updated: 900912
	77  -  MemoryUsage of job (MB)
	78652  -  ResidentSetSize of job (KB)
...
006 (7861631.000.000) 05/18 12:02:06 Image size of job updated: 900912
	77  -  MemoryUsage of job (MB)
	78784  -  ResidentSetSize of job (KB)
...
006 (7861631.000.000) 05/18 12:07:06 Image size of job updated: 900912
	78  -  MemoryUsage of job (MB)
	78940  -  ResidentSetSize of job (KB)
...
006 (7861631.000.000) 05/18 12:12:06 Image size of job updated: 900912
	78  -  MemoryUsage of job (MB)
	79028  -  ResidentSetSize of job (KB)
...
006 (7861631.000.000) 05/18 12:17:07 Image size of job updated: 900912
	78  -  MemoryUsage of job (MB)
	79080  -  ResidentSetSize of job (KB)
...
006 (7861631.000.000) 05/18 12:22:08 Image size of job updated: 900912
	78  -  MemoryUsage of job (MB)
	79100  -  ResidentSetSize of job (KB)
...
006 (7861631.000.000) 05/18 12:27:08 Image size of job updated: 900912
	78  -  MemoryUsage of job (MB)
	79200  -  ResidentSetSize of job (KB)
...
006 (7861631.000.000) 05/18 12:32:08 Image size of job updated: 900912
	78  -  MemoryUsage of job (MB)
	79308  -  ResidentSetSize of job (KB)
...
006 (7861631.000.000) 05/18 12:37:09 Image size of job updated: 900912
	78  -  MemoryUsage of job (MB)
	79392  -  ResidentSetSize of job (KB)
...
006 (7861631.000.000) 05/18 12:42:10 Image size of job updated: 900912
	78  -  MemoryUsage of job (MB)
	79480  -  ResidentSetSize of job (KB)
...
006 (7861631.000.000) 05/18 12:47:10 Image size of job updated: 900912
	78  -  MemoryUsage of job (MB)
	79548  -  ResidentSetSize of job (KB)
...
006 (7861631.000.000) 05/18 12:52:10 Image size of job updated: 900912
	78  -  MemoryUsage of job (MB)
	79644  -  ResidentSetSize of job (KB)
...
006 (7861631.000.000) 05/18 12:57:11 Image size of job updated: 900912
	78  -  MemoryUsage of job (MB)
	79732  -  ResidentSetSize of job (KB)
...
006 (7861631.000.000) 05/18 13:02:12 Image size of job updated: 900912
	78  -  MemoryUsage of job (MB)
	79816  -  ResidentSetSize of job (KB)
...
006 (7861631.000.000) 05/18 13:07:12 Image size of job updated: 900912
	79  -  MemoryUsage of job (MB)
	79892  -  ResidentSetSize of job (KB)
...
006 (7861631.000.000) 05/18 13:12:12 Image size of job updated: 900912
	79  -  MemoryUsage of job (MB)
	79984  -  ResidentSetSize of job (KB)
...
006 (7861631.000.000) 05/18 13:17:12 Image size of job updated: 902104
	79  -  MemoryUsage of job (MB)
	80108  -  ResidentSetSize of job (KB)
...
006 (7861631.000.000) 05/18 13:22:13 Image size of job updated: 902104
	79  -  MemoryUsage of job (MB)
	80196  -  ResidentSetSize of job (KB)
...
006 (7861631.000.000) 05/18 13:27:14 Image size of job updated: 902104
	79  -  MemoryUsage of job (MB)
	80272  -  ResidentSetSize of job (KB)
...
006 (7861631.000.000) 05/18 13:37:14 Image size of job updated: 902104
	79  -  MemoryUsage of job (MB)
	80320  -  ResidentSetSize of job (KB)
...
006 (7861631.000.000) 05/18 13:42:15 Image size of job updated: 902104
	79  -  MemoryUsage of job (MB)
	80416  -  ResidentSetSize of job (KB)
...
006 (7861631.000.000) 05/18 13:47:16 Image size of job updated: 902104
	79  -  MemoryUsage of job (MB)
	80504  -  ResidentSetSize of job (KB)
...
006 (7861631.000.000) 05/18 13:52:16 Image size of job updated: 902104
	79  -  MemoryUsage of job (MB)
	80632  -  ResidentSetSize of job (KB)
...
006 (7861631.000.000) 05/18 13:57:16 Image size of job updated: 902104
	79  -  MemoryUsage of job (MB)
	80720  -  ResidentSetSize of job (KB)
...
006 (7861631.000.000) 05/18 14:02:17 Image size of job updated: 905020
	79  -  MemoryUsage of job (MB)
	80720  -  ResidentSetSize of job (KB)
...
006 (7861631.000.000) 05/18 14:07:18 Image size of job updated: 906128
	79  -  MemoryUsage of job (MB)
	80720  -  ResidentSetSize of job (KB)
...
006 (7861631.000.000) 05/18 14:17:18 Image size of job updated: 906128
	79  -  MemoryUsage of job (MB)
	80776  -  ResidentSetSize of job (KB)
...
006 (7861631.000.000) 05/18 14:22:19 Image size of job updated: 906128
	79  -  MemoryUsage of job (MB)
	80888  -  ResidentSetSize of job (KB)
...
006 (7861631.000.000) 05/18 14:27:20 Image size of job updated: 906128
	80  -  MemoryUsage of job (MB)
	80988  -  ResidentSetSize of job (KB)
...
006 (7861631.000.000) 05/18 14:32:20 Image size of job updated: 906128
	80  -  MemoryUsage of job (MB)
	81068  -  ResidentSetSize of job (KB)
...
006 (7861631.000.000) 05/18 14:37:20 Image size of job updated: 906128
	80  -  MemoryUsage of job (MB)
	81228  -  ResidentSetSize of job (KB)
...
006 (7861631.000.000) 05/18 14:42:21 Image size of job updated: 906128
	80  -  MemoryUsage of job (MB)
	81300  -  ResidentSetSize of job (KB)
...
006 (7861631.000.000) 05/18 14:47:21 Image size of job updated: 906128
	80  -  MemoryUsage of job (MB)
	81388  -  ResidentSetSize of job (KB)
...
006 (7861631.000.000) 05/18 14:52:21 Image size of job updated: 906128
	80  -  MemoryUsage of job (MB)
	81500  -  ResidentSetSize of job (KB)
...
006 (7861631.000.000) 05/18 14:57:22 Image size of job updated: 906128
	80  -  MemoryUsage of job (MB)
	81604  -  ResidentSetSize of job (KB)
...
006 (7861631.000.000) 05/18 15:02:23 Image size of job updated: 906128
	80  -  MemoryUsage of job (MB)
	81684  -  ResidentSetSize of job (KB)
...
006 (7861631.000.000) 05/18 15:07:23 Image size of job updated: 906128
	80  -  MemoryUsage of job (MB)
	81776  -  ResidentSetSize of job (KB)
...
006 (7861631.000.000) 05/18 15:12:23 Image size of job updated: 906128
	80  -  MemoryUsage of job (MB)
	81892  -  ResidentSetSize of job (KB)
...
006 (7861631.000.000) 05/18 15:17:24 Image size of job updated: 906128
	81  -  MemoryUsage of job (MB)
	81988  -  ResidentSetSize of job (KB)
...
006 (7861631.000.000) 05/18 15:22:25 Image size of job updated: 906312
	81  -  MemoryUsage of job (MB)
	82124  -  ResidentSetSize of job (KB)
...
006 (7861631.000.000) 05/18 15:27:25 Image size of job updated: 906312
	81  -  MemoryUsage of job (MB)
	82204  -  ResidentSetSize of job (KB)
...
006 (7861631.000.000) 05/18 15:32:25 Image size of job updated: 906312
	81  -  MemoryUsage of job (MB)
	82288  -  ResidentSetSize of job (KB)
...
006 (7861631.000.000) 05/18 15:37:25 Image size of job updated: 906312
	81  -  MemoryUsage of job (MB)
	82440  -  ResidentSetSize of job (KB)
...
006 (7861631.000.000) 05/18 15:42:26 Image size of job updated: 906312
	81  -  MemoryUsage of job (MB)
	82528  -  ResidentSetSize of job (KB)
...
006 (7861631.000.000) 05/18 15:47:27 Image size of job updated: 906312
	81  -  MemoryUsage of job (MB)
	82628  -  ResidentSetSize of job (KB)
...
006 (7861631.000.000) 05/18 15:52:27 Image size of job updated: 906312
	81  -  MemoryUsage of job (MB)
	82732  -  ResidentSetSize of job (KB)
...
006 (7861631.000.000) 05/18 15:57:28 Image size of job updated: 906312
	81  -  MemoryUsage of job (MB)
	82812  -  ResidentSetSize of job (KB)
...
006 (7861631.000.000) 05/18 16:02:29 Image size of job updated: 906312
	81  -  MemoryUsage of job (MB)
	82896  -  ResidentSetSize of job (KB)
...
006 (7861631.000.000) 05/18 16:07:30 Image size of job updated: 906312
	82  -  MemoryUsage of job (MB)
	82980  -  ResidentSetSize of job (KB)
...
006 (7861631.000.000) 05/18 16:12:30 Image size of job updated: 906312
	82  -  MemoryUsage of job (MB)
	83092  -  ResidentSetSize of job (KB)
...
006 (7861631.000.000) 05/18 16:17:31 Image size of job updated: 906312
	82  -  MemoryUsage of job (MB)
	83172  -  ResidentSetSize of job (KB)
...
006 (7861631.000.000) 05/18 16:22:32 Image size of job updated: 906312
	82  -  MemoryUsage of job (MB)
	83256  -  ResidentSetSize of job (KB)
...
006 (7861631.000.000) 05/18 16:27:32 Image size of job updated: 906312
	82  -  MemoryUsage of job (MB)
	83340  -  ResidentSetSize of job (KB)
...
006 (7861631.000.000) 05/18 16:32:32 Image size of job updated: 906312
	82  -  MemoryUsage of job (MB)
	83448  -  ResidentSetSize of job (KB)
...
006 (7861631.000.000) 05/18 16:37:33 Image size of job updated: 906312
	82  -  MemoryUsage of job (MB)
	83604  -  ResidentSetSize of job (KB)
...
006 (7861631.000.000) 05/18 16:42:34 Image size of job updated: 906312
	86  -  MemoryUsage of job (MB)
	87152  -  ResidentSetSize of job (KB)
...
006 (7861631.000.000) 05/18 16:47:34 Image size of job updated: 906312
	86  -  MemoryUsage of job (MB)
	87248  -  ResidentSetSize of job (KB)
...
006 (7861631.000.000) 05/18 16:52:34 Image size of job updated: 906312
	86  -  MemoryUsage of job (MB)
	87344  -  ResidentSetSize of job (KB)
...
006 (7861631.000.000) 05/18 16:57:35 Image size of job updated: 906312
	86  -  MemoryUsage of job (MB)
	87432  -  ResidentSetSize of job (KB)
...
006 (7861631.000.000) 05/18 17:02:36 Image size of job updated: 906312
	86  -  MemoryUsage of job (MB)
	87516  -  ResidentSetSize of job (KB)
...
006 (7861631.000.000) 05/18 17:07:36 Image size of job updated: 906312
	86  -  MemoryUsage of job (MB)
	87596  -  ResidentSetSize of job (KB)
...
006 (7861631.000.000) 05/18 17:12:36 Image size of job updated: 906312
	86  -  MemoryUsage of job (MB)
	87672  -  ResidentSetSize of job (KB)
...
006 (7861631.000.000) 05/18 17:17:37 Image size of job updated: 906312
	86  -  MemoryUsage of job (MB)
	87752  -  ResidentSetSize of job (KB)
...
006 (7861631.000.000) 05/18 17:22:38 Image size of job updated: 906312
	86  -  MemoryUsage of job (MB)
	87828  -  ResidentSetSize of job (KB)
...
006 (7861631.000.000) 05/18 17:27:38 Image size of job updated: 906312
	86  -  MemoryUsage of job (MB)
	87912  -  ResidentSetSize of job (KB)
...
006 (7861631.000.000) 05/18 17:32:38 Image size of job updated: 906312
	86  -  MemoryUsage of job (MB)
	88000  -  ResidentSetSize of job (KB)
...
006 (7861631.000.000) 05/18 17:37:40 Image size of job updated: 906312
	87  -  MemoryUsage of job (MB)
	88080  -  ResidentSetSize of job (KB)
...
006 (7861631.000.000) 05/18 17:42:40 Image size of job updated: 906312
	87  -  MemoryUsage of job (MB)
	88200  -  ResidentSetSize of job (KB)
...
006 (7861631.000.000) 05/18 17:47:40 Image size of job updated: 906312
	87  -  MemoryUsage of job (MB)
	88284  -  ResidentSetSize of job (KB)
...
006 (7861631.000.000) 05/18 17:52:41 Image size of job updated: 906312
	87  -  MemoryUsage of job (MB)
	88360  -  ResidentSetSize of job (KB)
...
006 (7861631.000.000) 05/18 17:57:42 Image size of job updated: 906312
	87  -  MemoryUsage of job (MB)
	88456  -  ResidentSetSize of job (KB)
...
006 (7861631.000.000) 05/18 18:02:42 Image size of job updated: 914504
	87  -  MemoryUsage of job (MB)
	88540  -  ResidentSetSize of job (KB)
...
006 (7861631.000.000) 05/18 18:07:42 Image size of job updated: 914504
	87  -  MemoryUsage of job (MB)
	88648  -  ResidentSetSize of job (KB)
...
006 (7861631.000.000) 05/18 18:12:43 Image size of job updated: 914504
	87  -  MemoryUsage of job (MB)
	88740  -  ResidentSetSize of job (KB)
...
006 (7861631.000.000) 05/18 18:17:44 Image size of job updated: 914504
	87  -  MemoryUsage of job (MB)
	88820  -  ResidentSetSize of job (KB)
...
006 (7861631.000.000) 05/18 18:22:44 Image size of job updated: 914504
	87  -  MemoryUsage of job (MB)
	88900  -  ResidentSetSize of job (KB)
...
006 (7861631.000.000) 05/18 18:27:44 Image size of job updated: 914504
	87  -  MemoryUsage of job (MB)
	88988  -  ResidentSetSize of job (KB)
...
006 (7861631.000.000) 05/18 18:32:45 Image size of job updated: 914504
	88  -  MemoryUsage of job (MB)
	89096  -  ResidentSetSize of job (KB)
...
006 (7861631.000.000) 05/18 18:37:46 Image size of job updated: 914504
	88  -  MemoryUsage of job (MB)
	89176  -  ResidentSetSize of job (KB)
...
006 (7861631.000.000) 05/18 18:42:46 Image size of job updated: 914504
	88  -  MemoryUsage of job (MB)
	89260  -  ResidentSetSize of job (KB)
...
006 (7861631.000.000) 05/18 18:47:47 Image size of job updated: 914504
	88  -  MemoryUsage of job (MB)
	89340  -  ResidentSetSize of job (KB)
...
006 (7861631.000.000) 05/18 18:52:48 Image size of job updated: 914504
	88  -  MemoryUsage of job (MB)
	89424  -  ResidentSetSize of job (KB)
...
006 (7861631.000.000) 05/18 18:57:48 Image size of job updated: 914504
	88  -  MemoryUsage of job (MB)
	89508  -  ResidentSetSize of job (KB)
...
006 (7861631.000.000) 05/18 19:02:48 Image size of job updated: 914504
	88  -  MemoryUsage of job (MB)
	89588  -  ResidentSetSize of job (KB)
...
006 (7861631.000.000) 05/18 19:07:49 Image size of job updated: 914504
	88  -  MemoryUsage of job (MB)
	89680  -  ResidentSetSize of job (KB)
...
006 (7861631.000.000) 05/18 19:12:50 Image size of job updated: 914504
	88  -  MemoryUsage of job (MB)
	89744  -  ResidentSetSize of job (KB)
...
006 (7861631.000.000) 05/18 19:17:50 Image size of job updated: 914504
	88  -  MemoryUsage of job (MB)
	89824  -  ResidentSetSize of job (KB)
...
006 (7861631.000.000) 05/18 19:22:50 Image size of job updated: 914504
	88  -  MemoryUsage of job (MB)
	89908  -  ResidentSetSize of job (KB)
...
006 (7861631.000.000) 05/18 19:27:51 Image size of job updated: 914504
	88  -  MemoryUsage of job (MB)
	89988  -  ResidentSetSize of job (KB)
...
006 (7861631.000.000) 05/18 19:32:52 Image size of job updated: 914504
	88  -  MemoryUsage of job (MB)
	90096  -  ResidentSetSize of job (KB)
...
006 (7861631.000.000) 05/18 19:37:52 Image size of job updated: 914504
	89  -  MemoryUsage of job (MB)
	90180  -  ResidentSetSize of job (KB)
...
006 (7861631.000.000) 05/18 19:42:53 Image size of job updated: 914504
	89  -  MemoryUsage of job (MB)
	90260  -  ResidentSetSize of job (KB)
...
006 (7861631.000.000) 05/18 19:47:54 Image size of job updated: 914504
	89  -  MemoryUsage of job (MB)
	90364  -  ResidentSetSize of job (KB)
...
006 (7861631.000.000) 05/18 19:52:54 Image size of job updated: 914504
	89  -  MemoryUsage of job (MB)
	90452  -  ResidentSetSize of job (KB)
...
006 (7861631.000.000) 05/18 19:57:54 Image size of job updated: 914504
	89  -  MemoryUsage of job (MB)
	90532  -  ResidentSetSize of job (KB)
...
006 (7861631.000.000) 05/18 20:02:55 Image size of job updated: 914504
	89  -  MemoryUsage of job (MB)
	90616  -  ResidentSetSize of job (KB)
...
006 (7861631.000.000) 05/18 20:07:56 Image size of job updated: 914504
	89  -  MemoryUsage of job (MB)
	90700  -  ResidentSetSize of job (KB)
...
006 (7861631.000.000) 05/18 20:12:56 Image size of job updated: 914504
	89  -  MemoryUsage of job (MB)
	90780  -  ResidentSetSize of job (KB)
...
006 (7861631.000.000) 05/18 20:17:56 Image size of job updated: 914504
	89  -  MemoryUsage of job (MB)
	90856  -  ResidentSetSize of job (KB)
...
006 (7861631.000.000) 05/18 20:22:57 Image size of job updated: 914504
	89  -  MemoryUsage of job (MB)
	90952  -  ResidentSetSize of job (KB)
...
006 (7861631.000.000) 05/18 20:27:57 Image size of job updated: 914504
	89  -  MemoryUsage of job (MB)
	91024  -  ResidentSetSize of job (KB)
...
006 (7861631.000.000) 05/18 20:32:57 Image size of job updated: 914504
	89  -  MemoryUsage of job (MB)
	91100  -  ResidentSetSize of job (KB)
...
006 (7861631.000.000) 05/18 20:37:58 Image size of job updated: 914504
	90  -  MemoryUsage of job (MB)
	91200  -  ResidentSetSize of job (KB)
...
006 (7861631.000.000) 05/18 20:42:59 Image size of job updated: 914504
	90  -  MemoryUsage of job (MB)
	91284  -  ResidentSetSize of job (KB)
...
006 (7861631.000.000) 05/18 20:47:59 Image size of job updated: 914504
	90  -  MemoryUsage of job (MB)
	91368  -  ResidentSetSize of job (KB)
...
006 (7861631.000.000) 05/18 20:52:59 Image size of job updated: 914504
	90  -  MemoryUsage of job (MB)
	91448  -  ResidentSetSize of job (KB)
...
006 (7861631.000.000) 05/18 20:58:00 Image size of job updated: 914504
	90  -  MemoryUsage of job (MB)
	91536  -  ResidentSetSize of job (KB)
...
006 (7861631.000.000) 05/18 21:03:01 Image size of job updated: 914504
	90  -  MemoryUsage of job (MB)
	91636  -  ResidentSetSize of job (KB)
...
006 (7861631.000.000) 05/18 21:08:02 Image size of job updated: 914504
	90  -  MemoryUsage of job (MB)
	91716  -  ResidentSetSize of job (KB)
...
006 (7861631.000.000) 05/18 21:13:03 Image size of job updated: 914504
	90  -  MemoryUsage of job (MB)
	91796  -  ResidentSetSize of job (KB)
...
006 (7861631.000.000) 05/18 21:18:03 Image size of job updated: 914504
	90  -  MemoryUsage of job (MB)
	91880  -  ResidentSetSize of job (KB)
...
006 (7861631.000.000) 05/18 21:23:03 Image size of job updated: 914504
	90  -  MemoryUsage of job (MB)
	91968  -  ResidentSetSize of job (KB)
...
006 (7861631.000.000) 05/18 21:28:04 Image size of job updated: 914504
	90  -  MemoryUsage of job (MB)
	92048  -  ResidentSetSize of job (KB)
...
006 (7861631.000.000) 05/18 21:33:05 Image size of job updated: 914504
	90  -  MemoryUsage of job (MB)
	92124  -  ResidentSetSize of job (KB)
...
006 (7861631.000.000) 05/18 21:38:05 Image size of job updated: 914504
	91  -  MemoryUsage of job (MB)
	92208  -  ResidentSetSize of job (KB)
...
006 (7861631.000.000) 05/18 21:43:05 Image size of job updated: 914504
	91  -  MemoryUsage of job (MB)
	92308  -  ResidentSetSize of job (KB)
...
006 (7861631.000.000) 05/18 21:48:06 Image size of job updated: 914504
	91  -  MemoryUsage of job (MB)
	92404  -  ResidentSetSize of job (KB)
...
006 (7861631.000.000) 05/18 21:53:06 Image size of job updated: 914504
	91  -  MemoryUsage of job (MB)
	92504  -  ResidentSetSize of job (KB)
...
006 (7861631.000.000) 05/18 21:58:06 Image size of job updated: 914504
	91  -  MemoryUsage of job (MB)
	92596  -  ResidentSetSize of job (KB)
...
006 (7861631.000.000) 05/18 22:03:07 Image size of job updated: 914504
	91  -  MemoryUsage of job (MB)
	92680  -  ResidentSetSize of job (KB)
...
006 (7861631.000.000) 05/18 22:08:08 Image size of job updated: 914504
	91  -  MemoryUsage of job (MB)
	92760  -  ResidentSetSize of job (KB)
...
006 (7861631.000.000) 05/18 22:13:08 Image size of job updated: 914504
	91  -  MemoryUsage of job (MB)
	92856  -  ResidentSetSize of job (KB)
...
006 (7861631.000.000) 05/18 22:18:08 Image size of job updated: 914504
	91  -  MemoryUsage of job (MB)
	92920  -  ResidentSetSize of job (KB)
...
006 (7861631.000.000) 05/18 22:23:09 Image size of job updated: 914504
	91  -  MemoryUsage of job (MB)
	93000  -  ResidentSetSize of job (KB)
...
006 (7861631.000.000) 05/18 22:28:09 Image size of job updated: 914504
	91  -  MemoryUsage of job (MB)
	93112  -  ResidentSetSize of job (KB)
...
006 (7861631.000.000) 05/18 22:33:09 Image size of job updated: 914504
	92  -  MemoryUsage of job (MB)
	93192  -  ResidentSetSize of job (KB)
...
006 (7861631.000.000) 05/18 22:38:10 Image size of job updated: 914504
	92  -  MemoryUsage of job (MB)
	93268  -  ResidentSetSize of job (KB)
...
006 (7861631.000.000) 05/18 22:43:11 Image size of job updated: 914504
	92  -  MemoryUsage of job (MB)
	93360  -  ResidentSetSize of job (KB)
...
006 (7861631.000.000) 05/18 22:48:11 Image size of job updated: 914504
	92  -  MemoryUsage of job (MB)
	93464  -  ResidentSetSize of job (KB)
...
006 (7861631.000.000) 05/18 22:53:11 Image size of job updated: 914504
	92  -  MemoryUsage of job (MB)
	93556  -  ResidentSetSize of job (KB)
...
006 (7861631.000.000) 05/18 22:58:12 Image size of job updated: 914504
	92  -  MemoryUsage of job (MB)
	93632  -  ResidentSetSize of job (KB)
...
006 (7861631.000.000) 05/18 23:03:13 Image size of job updated: 914504
	92  -  MemoryUsage of job (MB)
	93712  -  ResidentSetSize of job (KB)
...
006 (7861631.000.000) 05/18 23:08:13 Image size of job updated: 914504
	92  -  MemoryUsage of job (MB)
	93772  -  ResidentSetSize of job (KB)
...
006 (7861631.000.000) 05/18 23:13:14 Image size of job updated: 914504
	92  -  MemoryUsage of job (MB)
	93852  -  ResidentSetSize of job (KB)
...
006 (7861631.000.000) 05/18 23:18:15 Image size of job updated: 914504
	92  -  MemoryUsage of job (MB)
	93960  -  ResidentSetSize of job (KB)
...
006 (7861631.000.000) 05/18 23:23:15 Image size of job updated: 914504
	92  -  MemoryUsage of job (MB)
	94044  -  ResidentSetSize of job (KB)
...
006 (7861631.000.000) 05/18 23:28:15 Image size of job updated: 914504
	92  -  MemoryUsage of job (MB)
	94124  -  ResidentSetSize of job (KB)
...
006 (7861631.000.000) 05/18 23:33:16 Image size of job updated: 914504
	93  -  MemoryUsage of job (MB)
	94232  -  ResidentSetSize of job (KB)
...
006 (7861631.000.000) 05/18 23:38:17 Image size of job updated: 914504
	93  -  MemoryUsage of job (MB)
	94312  -  ResidentSetSize of job (KB)
...
006 (7861631.000.000) 05/18 23:43:17 Image size of job updated: 914504
	93  -  MemoryUsage of job (MB)
	94404  -  ResidentSetSize of job (KB)
...
006 (7861631.000.000) 05/18 23:48:17 Image size of job updated: 914504
	93  -  MemoryUsage of job (MB)
	94508  -  ResidentSetSize of job (KB)
...
006 (7861631.000.000) 05/18 23:53:18 Image size of job updated: 914504
	93  -  MemoryUsage of job (MB)
	94592  -  ResidentSetSize of job (KB)
...
006 (7861631.000.000) 05/18 23:58:19 Image size of job updated: 915860
	93  -  MemoryUsage of job (MB)
	94712  -  ResidentSetSize of job (KB)
...
006 (7861631.000.000) 05/19 00:03:19 Image size of job updated: 915860
	93  -  MemoryUsage of job (MB)
	94792  -  ResidentSetSize of job (KB)
...
006 (7861631.000.000) 05/19 00:08:19 Image size of job updated: 915860
	93  -  MemoryUsage of job (MB)
	94884  -  ResidentSetSize of job (KB)
...
006 (7861631.000.000) 05/19 00:13:20 Image size of job updated: 915860
	93  -  MemoryUsage of job (MB)
	95000  -  ResidentSetSize of job (KB)
...
006 (7861631.000.000) 05/19 00:18:20 Image size of job updated: 915860
	93  -  MemoryUsage of job (MB)
	95080  -  ResidentSetSize of job (KB)
...
006 (7861631.000.000) 05/19 00:23:20 Image size of job updated: 915860
	93  -  MemoryUsage of job (MB)
	95184  -  ResidentSetSize of job (KB)
...
006 (7861631.000.000) 05/19 00:28:21 Image size of job updated: 915860
	94  -  MemoryUsage of job (MB)
	95284  -  ResidentSetSize of job (KB)
...
006 (7861631.000.000) 05/19 00:33:22 Image size of job updated: 915860
	94  -  MemoryUsage of job (MB)
	95388  -  ResidentSetSize of job (KB)
...
006 (7861631.000.000) 05/19 00:38:22 Image size of job updated: 915860
	94  -  MemoryUsage of job (MB)
	95472  -  ResidentSetSize of job (KB)
...
006 (7861631.000.000) 05/19 00:43:22 Image size of job updated: 915860
	94  -  MemoryUsage of job (MB)
	95556  -  ResidentSetSize of job (KB)
...
006 (7861631.000.000) 05/19 00:48:24 Image size of job updated: 915860
	94  -  MemoryUsage of job (MB)
	95640  -  ResidentSetSize of job (KB)
...
006 (7861631.000.000) 05/19 00:53:24 Image size of job updated: 915860
	94  -  MemoryUsage of job (MB)
	95756  -  ResidentSetSize of job (KB)
...
006 (7861631.000.000) 05/19 00:58:24 Image size of job updated: 915860
	94  -  MemoryUsage of job (MB)
	95844  -  ResidentSetSize of job (KB)
...
006 (7861631.000.000) 05/19 01:03:25 Image size of job updated: 915860
	94  -  MemoryUsage of job (MB)
	95956  -  ResidentSetSize of job (KB)
...
006 (7861631.000.000) 05/19 01:08:26 Image size of job updated: 915860
	94  -  MemoryUsage of job (MB)
	96040  -  ResidentSetSize of job (KB)
...
006 (7861631.000.000) 05/19 01:13:26 Image size of job updated: 915860
	94  -  MemoryUsage of job (MB)
	96128  -  ResidentSetSize of job (KB)
...
006 (7861631.000.000) 05/19 01:18:26 Image size of job updated: 915860
	94  -  MemoryUsage of job (MB)
	96244  -  ResidentSetSize of job (KB)
...
006 (7861631.000.000) 05/19 01:23:27 Image size of job updated: 915860
	95  -  MemoryUsage of job (MB)
	96328  -  ResidentSetSize of job (KB)
...
006 (7861631.000.000) 05/19 01:28:28 Image size of job updated: 915860
	95  -  MemoryUsage of job (MB)
	96408  -  ResidentSetSize of job (KB)
...
006 (7861631.000.000) 05/19 01:33:28 Image size of job updated: 915860
	95  -  MemoryUsage of job (MB)
	96500  -  ResidentSetSize of job (KB)
...
006 (7861631.000.000) 05/19 01:38:29 Image size of job updated: 915860
	95  -  MemoryUsage of job (MB)
	96600  -  ResidentSetSize of job (KB)
...
006 (7861631.000.000) 05/19 01:43:30 Image size of job updated: 915860
	95  -  MemoryUsage of job (MB)
	96688  -  ResidentSetSize of job (KB)
...
006 (7861631.000.000) 05/19 01:48:30 Image size of job updated: 915860
	95  -  MemoryUsage of job (MB)
	96800  -  ResidentSetSize of job (KB)
...
006 (7861631.000.000) 05/19 01:53:31 Image size of job updated: 915860
	95  -  MemoryUsage of job (MB)
	96900  -  ResidentSetSize of job (KB)
...
006 (7861631.000.000) 05/19 01:58:32 Image size of job updated: 932244
	95  -  MemoryUsage of job (MB)
	96980  -  ResidentSetSize of job (KB)
...
006 (7861631.000.000) 05/19 02:03:32 Image size of job updated: 932244
	95  -  MemoryUsage of job (MB)
	97056  -  ResidentSetSize of job (KB)
...
006 (7861631.000.000) 05/19 02:08:33 Image size of job updated: 932244
	95  -  MemoryUsage of job (MB)
	97152  -  ResidentSetSize of job (KB)
...
006 (7861631.000.000) 05/19 02:13:34 Image size of job updated: 932244
	95  -  MemoryUsage of job (MB)
	97252  -  ResidentSetSize of job (KB)
...
006 (7861631.000.000) 05/19 02:18:34 Image size of job updated: 932244
	96  -  MemoryUsage of job (MB)
	97332  -  ResidentSetSize of job (KB)
...
006 (7861631.000.000) 05/19 02:23:35 Image size of job updated: 932244
	96  -  MemoryUsage of job (MB)
	97420  -  ResidentSetSize of job (KB)
...
006 (7861631.000.000) 05/19 02:28:36 Image size of job updated: 932244
	96  -  MemoryUsage of job (MB)
	97524  -  ResidentSetSize of job (KB)
...
006 (7861631.000.000) 05/19 02:33:36 Image size of job updated: 932244
	96  -  MemoryUsage of job (MB)
	97604  -  ResidentSetSize of job (KB)
...
006 (7861631.000.000) 05/19 02:38:37 Image size of job updated: 932244
	96  -  MemoryUsage of job (MB)
	97680  -  ResidentSetSize of job (KB)
...
006 (7861631.000.000) 05/19 02:43:38 Image size of job updated: 932244
	96  -  MemoryUsage of job (MB)
	97772  -  ResidentSetSize of job (KB)
...
006 (7861631.000.000) 05/19 02:48:38 Image size of job updated: 932244
	96  -  MemoryUsage of job (MB)
	97888  -  ResidentSetSize of job (KB)
...
006 (7861631.000.000) 05/19 02:53:39 Image size of job updated: 932244
	96  -  MemoryUsage of job (MB)
	97972  -  ResidentSetSize of job (KB)
...
006 (7861631.000.000) 05/19 02:58:40 Image size of job updated: 932244
	96  -  MemoryUsage of job (MB)
	98056  -  ResidentSetSize of job (KB)
...
006 (7861631.000.000) 05/19 03:03:40 Image size of job updated: 932244
	96  -  MemoryUsage of job (MB)
	98152  -  ResidentSetSize of job (KB)
...
006 (7861631.000.000) 05/19 03:08:41 Image size of job updated: 932244
	96  -  MemoryUsage of job (MB)
	98252  -  ResidentSetSize of job (KB)
...
006 (7861631.000.000) 05/19 03:13:42 Image size of job updated: 932244
	96  -  MemoryUsage of job (MB)
	98304  -  ResidentSetSize of job (KB)
...
006 (7861631.000.000) 05/19 03:18:42 Image size of job updated: 932244
	97  -  MemoryUsage of job (MB)
	98372  -  ResidentSetSize of job (KB)
...
006 (7861631.000.000) 05/19 03:23:42 Image size of job updated: 932244
	97  -  MemoryUsage of job (MB)
	98432  -  ResidentSetSize of job (KB)
...
006 (7861631.000.000) 05/19 03:28:43 Image size of job updated: 932244
	97  -  MemoryUsage of job (MB)
	98488  -  ResidentSetSize of job (KB)
...
006 (7861631.000.000) 05/19 03:33:43 Image size of job updated: 932244
	97  -  MemoryUsage of job (MB)
	98568  -  ResidentSetSize of job (KB)
...
006 (7861631.000.000) 05/19 03:38:43 Image size of job updated: 932244
	97  -  MemoryUsage of job (MB)
	98624  -  ResidentSetSize of job (KB)
...
006 (7861631.000.000) 05/19 03:43:44 Image size of job updated: 932244
	97  -  MemoryUsage of job (MB)
	98688  -  ResidentSetSize of job (KB)
...
006 (7861631.000.000) 05/19 03:48:44 Image size of job updated: 932244
	97  -  MemoryUsage of job (MB)
	98764  -  ResidentSetSize of job (KB)
...
006 (7861631.000.000) 05/19 03:53:44 Image size of job updated: 932244
	97  -  MemoryUsage of job (MB)
	98808  -  ResidentSetSize of job (KB)
...
006 (7861631.000.000) 05/19 03:58:45 Image size of job updated: 932244
	97  -  MemoryUsage of job (MB)
	98864  -  ResidentSetSize of job (KB)
...
006 (7861631.000.000) 05/19 04:03:45 Image size of job updated: 932244
	97  -  MemoryUsage of job (MB)
	98928  -  ResidentSetSize of job (KB)
...
006 (7861631.000.000) 05/19 04:08:45 Image size of job updated: 932244
	97  -  MemoryUsage of job (MB)
	98976  -  ResidentSetSize of job (KB)
...
006 (7861631.000.000) 05/19 04:13:47 Image size of job updated: 932244
	97  -  MemoryUsage of job (MB)
	99044  -  ResidentSetSize of job (KB)
...
006 (7861631.000.000) 05/19 04:18:47 Image size of job updated: 932244
	97  -  MemoryUsage of job (MB)
	99100  -  ResidentSetSize of job (KB)
...
006 (7861631.000.000) 05/19 04:23:47 Image size of job updated: 932244
	97  -  MemoryUsage of job (MB)
	99168  -  ResidentSetSize of job (KB)
...
006 (7861631.000.000) 05/19 04:28:49 Image size of job updated: 932244
	97  -  MemoryUsage of job (MB)
	99248  -  ResidentSetSize of job (KB)
...
006 (7861631.000.000) 05/19 04:33:49 Image size of job updated: 932244
	97  -  MemoryUsage of job (MB)
	99324  -  ResidentSetSize of job (KB)
...
006 (7861631.000.000) 05/19 04:38:49 Image size of job updated: 932244
	98  -  MemoryUsage of job (MB)
	99416  -  ResidentSetSize of job (KB)
...
006 (7861631.000.000) 05/19 04:43:50 Image size of job updated: 932244
	98  -  MemoryUsage of job (MB)
	99516  -  ResidentSetSize of job (KB)
...
006 (7861631.000.000) 05/19 04:48:51 Image size of job updated: 932244
	98  -  MemoryUsage of job (MB)
	99596  -  ResidentSetSize of job (KB)
...
006 (7861631.000.000) 05/19 04:53:51 Image size of job updated: 932244
	98  -  MemoryUsage of job (MB)
	99656  -  ResidentSetSize of job (KB)
...
006 (7861631.000.000) 05/19 04:58:52 Image size of job updated: 932244
	98  -  MemoryUsage of job (MB)
	99728  -  ResidentSetSize of job (KB)
...
006 (7861631.000.000) 05/19 05:03:53 Image size of job updated: 932244
	98  -  MemoryUsage of job (MB)
	99808  -  ResidentSetSize of job (KB)
...
006 (7861631.000.000) 05/19 05:08:53 Image size of job updated: 932244
	98  -  MemoryUsage of job (MB)
	99896  -  ResidentSetSize of job (KB)
...
006 (7861631.000.000) 05/19 05:13:53 Image size of job updated: 932244
	98  -  MemoryUsage of job (MB)
	99996  -  ResidentSetSize of job (KB)
...
006 (7861631.000.000) 05/19 05:18:54 Image size of job updated: 932244
	98  -  MemoryUsage of job (MB)
	100076  -  ResidentSetSize of job (KB)
...
006 (7861631.000.000) 05/19 05:23:54 Image size of job updated: 932244
	98  -  MemoryUsage of job (MB)
	100160  -  ResidentSetSize of job (KB)
...
006 (7861631.000.000) 05/19 05:28:54 Image size of job updated: 932244
	98  -  MemoryUsage of job (MB)
	100264  -  ResidentSetSize of job (KB)
...
006 (7861631.000.000) 05/19 05:33:55 Image size of job updated: 932244
	98  -  MemoryUsage of job (MB)
	100352  -  ResidentSetSize of job (KB)
...
006 (7861631.000.000) 05/19 05:38:56 Image size of job updated: 932244
	99  -  MemoryUsage of job (MB)
	100436  -  ResidentSetSize of job (KB)
...
006 (7861631.000.000) 05/19 05:43:56 Image size of job updated: 932244
	99  -  MemoryUsage of job (MB)
	100520  -  ResidentSetSize of job (KB)
...
006 (7861631.000.000) 05/19 05:48:56 Image size of job updated: 932244
	99  -  MemoryUsage of job (MB)
	100624  -  ResidentSetSize of job (KB)
...
006 (7861631.000.000) 05/19 05:53:56 Image size of job updated: 932244
	99  -  MemoryUsage of job (MB)
	100680  -  ResidentSetSize of job (KB)
...
006 (7861631.000.000) 05/19 05:58:57 Image size of job updated: 932244
	99  -  MemoryUsage of job (MB)
	100756  -  ResidentSetSize of job (KB)
...
006 (7861631.000.000) 05/19 06:03:58 Image size of job updated: 932244
	99  -  MemoryUsage of job (MB)
	100828  -  ResidentSetSize of job (KB)
...
006 (7861631.000.000) 05/19 06:08:58 Image size of job updated: 932244
	99  -  MemoryUsage of job (MB)
	100884  -  ResidentSetSize of job (KB)
...
006 (7861631.000.000) 05/19 06:13:58 Image size of job updated: 932244
	99  -  MemoryUsage of job (MB)
	100952  -  ResidentSetSize of job (KB)
...
006 (7861631.000.000) 05/19 06:18:59 Image size of job updated: 932244
	99  -  MemoryUsage of job (MB)
	101032  -  ResidentSetSize of job (KB)
...
006 (7861631.000.000) 05/19 06:24:00 Image size of job updated: 932244
	99  -  MemoryUsage of job (MB)
	101148  -  ResidentSetSize of job (KB)
...
006 (7861631.000.000) 05/19 06:29:00 Image size of job updated: 932244
	99  -  MemoryUsage of job (MB)
	101228  -  ResidentSetSize of job (KB)
...
006 (7861631.000.000) 05/19 06:34:00 Image size of job updated: 932244
	99  -  MemoryUsage of job (MB)
	101340  -  ResidentSetSize of job (KB)
...
006 (7861631.000.000) 05/19 06:39:01 Image size of job updated: 932244
	100  -  MemoryUsage of job (MB)
	101424  -  ResidentSetSize of job (KB)
...
006 (7861631.000.000) 05/19 06:44:02 Image size of job updated: 932244
	100  -  MemoryUsage of job (MB)
	101540  -  ResidentSetSize of job (KB)
...
006 (7861631.000.000) 05/19 06:49:02 Image size of job updated: 932244
	100  -  MemoryUsage of job (MB)
	101644  -  ResidentSetSize of job (KB)
...
006 (7861631.000.000) 05/19 06:54:02 Image size of job updated: 932244
	100  -  MemoryUsage of job (MB)
	101740  -  ResidentSetSize of job (KB)
...
006 (7861631.000.000) 05/19 06:59:03 Image size of job updated: 932244
	100  -  MemoryUsage of job (MB)
	101848  -  ResidentSetSize of job (KB)
...
006 (7861631.000.000) 05/19 07:04:04 Image size of job updated: 932244
	100  -  MemoryUsage of job (MB)
	101944  -  ResidentSetSize of job (KB)
...
006 (7861631.000.000) 05/19 07:09:04 Image size of job updated: 932244
	100  -  MemoryUsage of job (MB)
	102056  -  ResidentSetSize of job (KB)
...
006 (7861631.000.000) 05/19 07:14:04 Image size of job updated: 932244
	100  -  MemoryUsage of job (MB)
	102136  -  ResidentSetSize of job (KB)
...
006 (7861631.000.000) 05/19 07:19:05 Image size of job updated: 932244
	100  -  MemoryUsage of job (MB)
	102216  -  ResidentSetSize of job (KB)
...
006 (7861631.000.000) 05/19 07:24:06 Image size of job updated: 932244
	100  -  MemoryUsage of job (MB)
	102316  -  ResidentSetSize of job (KB)
...
006 (7861631.000.000) 05/19 07:29:06 Image size of job updated: 933444
	101  -  MemoryUsage of job (MB)
	102412  -  ResidentSetSize of job (KB)
...
006 (7861631.000.000) 05/19 07:34:06 Image size of job updated: 933444
	101  -  MemoryUsage of job (MB)
	102504  -  ResidentSetSize of job (KB)
...
006 (7861631.000.000) 05/19 07:39:07 Image size of job updated: 933444
	101  -  MemoryUsage of job (MB)
	102616  -  ResidentSetSize of job (KB)
...
006 (7861631.000.000) 05/19 07:44:08 Image size of job updated: 933444
	101  -  MemoryUsage of job (MB)
	102716  -  ResidentSetSize of job (KB)
...
006 (7861631.000.000) 05/19 07:49:08 Image size of job updated: 933444
	101  -  MemoryUsage of job (MB)
	102804  -  ResidentSetSize of job (KB)
...
006 (7861631.000.000) 05/19 07:54:08 Image size of job updated: 933444
	101  -  MemoryUsage of job (MB)
	102884  -  ResidentSetSize of job (KB)
...
006 (7861631.000.000) 05/19 07:59:09 Image size of job updated: 933444
	101  -  MemoryUsage of job (MB)
	102988  -  ResidentSetSize of job (KB)
...
006 (7861631.000.000) 05/19 08:04:10 Image size of job updated: 933444
	101  -  MemoryUsage of job (MB)
	103088  -  ResidentSetSize of job (KB)
...
006 (7861631.000.000) 05/19 08:09:10 Image size of job updated: 933444
	101  -  MemoryUsage of job (MB)
	103184  -  ResidentSetSize of job (KB)
...
006 (7861631.000.000) 05/19 08:14:10 Image size of job updated: 933444
	101  -  MemoryUsage of job (MB)
	103260  -  ResidentSetSize of job (KB)
...
006 (7861631.000.000) 05/19 08:19:11 Image size of job updated: 933444
	101  -  MemoryUsage of job (MB)
	103344  -  ResidentSetSize of job (KB)
...
006 (7861631.000.000) 05/19 08:24:12 Image size of job updated: 933444
	102  -  MemoryUsage of job (MB)
	103440  -  ResidentSetSize of job (KB)
...
006 (7861631.000.000) 05/19 08:29:12 Image size of job updated: 933444
	102  -  MemoryUsage of job (MB)
	103528  -  ResidentSetSize of job (KB)
...
006 (7861631.000.000) 05/19 08:34:12 Image size of job updated: 933444
	102  -  MemoryUsage of job (MB)
	103620  -  ResidentSetSize of job (KB)
...
006 (7861631.000.000) 05/19 08:39:13 Image size of job updated: 933444
	102  -  MemoryUsage of job (MB)
	103704  -  ResidentSetSize of job (KB)
...
006 (7861631.000.000) 05/19 08:44:14 Image size of job updated: 933444
	102  -  MemoryUsage of job (MB)
	103812  -  ResidentSetSize of job (KB)
...
006 (7861631.000.000) 05/19 08:49:14 Image size of job updated: 933444
	102  -  MemoryUsage of job (MB)
	103892  -  ResidentSetSize of job (KB)
...
006 (7861631.000.000) 05/19 08:54:14 Image size of job updated: 933444
	102  -  MemoryUsage of job (MB)
	103984  -  ResidentSetSize of job (KB)
...
006 (7861631.000.000) 05/19 08:59:15 Image size of job updated: 933444
	102  -  MemoryUsage of job (MB)
	104064  -  ResidentSetSize of job (KB)
...
006 (7861631.000.000) 05/19 09:04:16 Image size of job updated: 933444
	102  -  MemoryUsage of job (MB)
	104156  -  ResidentSetSize of job (KB)
...
006 (7861631.000.000) 05/19 09:09:16 Image size of job updated: 933444
	102  -  MemoryUsage of job (MB)
	104256  -  ResidentSetSize of job (KB)
...
006 (7861631.000.000) 05/19 09:14:16 Image size of job updated: 933444
	102  -  MemoryUsage of job (MB)
	104340  -  ResidentSetSize of job (KB)
...
006 (7861631.000.000) 05/19 09:19:17 Image size of job updated: 933444
	102  -  MemoryUsage of job (MB)
	104424  -  ResidentSetSize of job (KB)
...
006 (7861631.000.000) 05/19 09:24:18 Image size of job updated: 933444
	103  -  MemoryUsage of job (MB)
	104524  -  ResidentSetSize of job (KB)
...
006 (7861631.000.000) 05/19 09:29:18 Image size of job updated: 933444
	103  -  MemoryUsage of job (MB)
	104612  -  ResidentSetSize of job (KB)
...
006 (7861631.000.000) 05/19 09:34:18 Image size of job updated: 933444
	103  -  MemoryUsage of job (MB)
	104700  -  ResidentSetSize of job (KB)
...
006 (7861631.000.000) 05/19 09:39:19 Image size of job updated: 933444
	103  -  MemoryUsage of job (MB)
	104808  -  ResidentSetSize of job (KB)
...
006 (7861631.000.000) 05/19 09:44:20 Image size of job updated: 933444
	103  -  MemoryUsage of job (MB)
	104896  -  ResidentSetSize of job (KB)
...
040 (7861631.000.000) 05/19 09:47:44 Started transferring output files
...
040 (7861631.000.000) 05/19 09:47:44 Finished transferring output files
...
009 (7861631.000.000) 05/19 09:47:44 Job was aborted by the user.
	Job removed by SYSTEM_PERIODIC_REMOVE due to wall time exceeded allowed max.
...
