000 (7861654.000.000) 05/18 09:51:31 Job submitted from host: <137.138.76.70:9618?addrs=137.138.76.70-9618&alias=bigbird11.cern.ch&noUDP&sock=schedd_1756_0c65_15>
...
040 (7861654.000.000) 05/18 09:54:28 Started transferring input files
	Transferring to host: <128.142.72.24:9618?addrs=128.142.72.24-9618+[2001-1458-301-75--100-30c]-9618&alias=b7s11n1085.cern.ch&noUDP&sock=slot1_6_19289_9869_75041>
...
040 (7861654.000.000) 05/18 09:54:28 Finished transferring input files
...
001 (7861654.000.000) 05/18 09:54:28 Job executing on host: <128.142.72.24:9618?addrs=128.142.72.24-9618+[2001-1458-301-75--100-30c]-9618&alias=b7s11n1085.cern.ch&noUDP&sock=startd_16409_c9a2>
...
006 (7861654.000.000) 05/18 09:54:37 Image size of job updated: 224360
	52  -  MemoryUsage of job (MB)
	52952  -  ResidentSetSize of job (KB)
...
006 (7861654.000.000) 05/18 09:59:38 Image size of job updated: 892128
	61  -  MemoryUsage of job (MB)
	62448  -  ResidentSetSize of job (KB)
...
006 (7861654.000.000) 05/18 10:04:38 Image size of job updated: 892128
	64  -  MemoryUsage of job (MB)
	65092  -  ResidentSetSize of job (KB)
...
006 (7861654.000.000) 05/18 10:09:38 Image size of job updated: 892696
	64  -  MemoryUsage of job (MB)
	65236  -  ResidentSetSize of job (KB)
...
006 (7861654.000.000) 05/18 10:14:39 Image size of job updated: 892696
	71  -  MemoryUsage of job (MB)
	72012  -  ResidentSetSize of job (KB)
...
006 (7861654.000.000) 05/18 10:19:40 Image size of job updated: 892696
	71  -  MemoryUsage of job (MB)
	72140  -  ResidentSetSize of job (KB)
...
006 (7861654.000.000) 05/18 10:29:40 Image size of job updated: 892696
	71  -  MemoryUsage of job (MB)
	72236  -  ResidentSetSize of job (KB)
...
006 (7861654.000.000) 05/18 11:04:44 Image size of job updated: 895424
	71  -  MemoryUsage of job (MB)
	72236  -  ResidentSetSize of job (KB)
...
006 (7861654.000.000) 05/18 11:49:49 Image size of job updated: 895424
	72  -  MemoryUsage of job (MB)
	73416  -  ResidentSetSize of job (KB)
...
006 (7861654.000.000) 05/18 11:59:49 Image size of job updated: 895436
	72  -  MemoryUsage of job (MB)
	73416  -  ResidentSetSize of job (KB)
...
006 (7861654.000.000) 05/18 12:04:50 Image size of job updated: 895436
	73  -  MemoryUsage of job (MB)
	74292  -  ResidentSetSize of job (KB)
...
006 (7861654.000.000) 05/18 12:09:51 Image size of job updated: 895868
	73  -  MemoryUsage of job (MB)
	74292  -  ResidentSetSize of job (KB)
...
006 (7861654.000.000) 05/18 12:44:55 Image size of job updated: 895884
	73  -  MemoryUsage of job (MB)
	74292  -  ResidentSetSize of job (KB)
...
006 (7861654.000.000) 05/18 12:49:55 Image size of job updated: 895888
	73  -  MemoryUsage of job (MB)
	74292  -  ResidentSetSize of job (KB)
...
006 (7861654.000.000) 05/18 12:59:56 Image size of job updated: 895920
	73  -  MemoryUsage of job (MB)
	74292  -  ResidentSetSize of job (KB)
...
006 (7861654.000.000) 05/18 14:05:03 Image size of job updated: 895920
	74  -  MemoryUsage of job (MB)
	75032  -  ResidentSetSize of job (KB)
...
006 (7861654.000.000) 05/18 14:15:05 Image size of job updated: 898440
	74  -  MemoryUsage of job (MB)
	75032  -  ResidentSetSize of job (KB)
...
006 (7861654.000.000) 05/18 14:25:05 Image size of job updated: 898496
	74  -  MemoryUsage of job (MB)
	75032  -  ResidentSetSize of job (KB)
...
006 (7861654.000.000) 05/18 14:35:07 Image size of job updated: 898496
	74  -  MemoryUsage of job (MB)
	75316  -  ResidentSetSize of job (KB)
...
006 (7861654.000.000) 05/18 14:55:09 Image size of job updated: 898496
	75  -  MemoryUsage of job (MB)
	75852  -  ResidentSetSize of job (KB)
...
006 (7861654.000.000) 05/18 15:00:09 Image size of job updated: 899952
	75  -  MemoryUsage of job (MB)
	75852  -  ResidentSetSize of job (KB)
...
006 (7861654.000.000) 05/18 15:30:11 Image size of job updated: 899952
	75  -  MemoryUsage of job (MB)
	76240  -  ResidentSetSize of job (KB)
...
006 (7861654.000.000) 05/18 16:10:15 Image size of job updated: 901132
	75  -  MemoryUsage of job (MB)
	76240  -  ResidentSetSize of job (KB)
...
006 (7861654.000.000) 05/18 16:15:16 Image size of job updated: 901132
	75  -  MemoryUsage of job (MB)
	76380  -  ResidentSetSize of job (KB)
...
006 (7861654.000.000) 05/18 16:40:19 Image size of job updated: 901132
	76  -  MemoryUsage of job (MB)
	77628  -  ResidentSetSize of job (KB)
...
006 (7861654.000.000) 05/18 17:25:23 Image size of job updated: 901132
	77  -  MemoryUsage of job (MB)
	78012  -  ResidentSetSize of job (KB)
...
006 (7861654.000.000) 05/18 18:00:27 Image size of job updated: 901132
	77  -  MemoryUsage of job (MB)
	78188  -  ResidentSetSize of job (KB)
...
006 (7861654.000.000) 05/18 18:20:29 Image size of job updated: 905216
	77  -  MemoryUsage of job (MB)
	78188  -  ResidentSetSize of job (KB)
...
006 (7861654.000.000) 05/18 18:25:29 Image size of job updated: 905232
	77  -  MemoryUsage of job (MB)
	78188  -  ResidentSetSize of job (KB)
...
006 (7861654.000.000) 05/18 18:35:30 Image size of job updated: 905232
	77  -  MemoryUsage of job (MB)
	78400  -  ResidentSetSize of job (KB)
...
006 (7861654.000.000) 05/18 19:05:34 Image size of job updated: 905232
	77  -  MemoryUsage of job (MB)
	78628  -  ResidentSetSize of job (KB)
...
006 (7861654.000.000) 05/18 19:10:34 Image size of job updated: 905232
	78  -  MemoryUsage of job (MB)
	79484  -  ResidentSetSize of job (KB)
...
006 (7861654.000.000) 05/18 19:55:39 Image size of job updated: 905232
	78  -  MemoryUsage of job (MB)
	79632  -  ResidentSetSize of job (KB)
...
006 (7861654.000.000) 05/18 20:10:41 Image size of job updated: 905232
	79  -  MemoryUsage of job (MB)
	79980  -  ResidentSetSize of job (KB)
...
006 (7861654.000.000) 05/18 20:50:44 Image size of job updated: 905232
	79  -  MemoryUsage of job (MB)
	80128  -  ResidentSetSize of job (KB)
...
006 (7861654.000.000) 05/18 21:10:46 Image size of job updated: 905232
	79  -  MemoryUsage of job (MB)
	80232  -  ResidentSetSize of job (KB)
...
006 (7861654.000.000) 05/18 21:15:47 Image size of job updated: 905232
	79  -  MemoryUsage of job (MB)
	80860  -  ResidentSetSize of job (KB)
...
006 (7861654.000.000) 05/18 21:40:49 Image size of job updated: 905232
	80  -  MemoryUsage of job (MB)
	80976  -  ResidentSetSize of job (KB)
...
006 (7861654.000.000) 05/18 21:55:50 Image size of job updated: 905232
	80  -  MemoryUsage of job (MB)
	81124  -  ResidentSetSize of job (KB)
...
006 (7861654.000.000) 05/18 22:30:53 Image size of job updated: 905232
	80  -  MemoryUsage of job (MB)
	81268  -  ResidentSetSize of job (KB)
...
006 (7861654.000.000) 05/18 22:50:55 Image size of job updated: 905232
	80  -  MemoryUsage of job (MB)
	81352  -  ResidentSetSize of job (KB)
...
006 (7861654.000.000) 05/18 23:46:01 Image size of job updated: 905232
	81  -  MemoryUsage of job (MB)
	82832  -  ResidentSetSize of job (KB)
...
006 (7861654.000.000) 05/18 23:51:01 Image size of job updated: 905244
	81  -  MemoryUsage of job (MB)
	82832  -  ResidentSetSize of job (KB)
...
006 (7861654.000.000) 05/19 00:46:07 Image size of job updated: 905244
	82  -  MemoryUsage of job (MB)
	83368  -  ResidentSetSize of job (KB)
...
006 (7861654.000.000) 05/19 01:01:09 Image size of job updated: 905244
	82  -  MemoryUsage of job (MB)
	83476  -  ResidentSetSize of job (KB)
...
006 (7861654.000.000) 05/19 01:16:11 Image size of job updated: 905244
	82  -  MemoryUsage of job (MB)
	83612  -  ResidentSetSize of job (KB)
...
006 (7861654.000.000) 05/19 02:26:19 Image size of job updated: 914836
	83  -  MemoryUsage of job (MB)
	84384  -  ResidentSetSize of job (KB)
...
006 (7861654.000.000) 05/19 02:31:19 Image size of job updated: 914836
	84  -  MemoryUsage of job (MB)
	85412  -  ResidentSetSize of job (KB)
...
006 (7861654.000.000) 05/19 02:36:20 Image size of job updated: 914836
	84  -  MemoryUsage of job (MB)
	85496  -  ResidentSetSize of job (KB)
...
006 (7861654.000.000) 05/19 02:41:21 Image size of job updated: 914836
	84  -  MemoryUsage of job (MB)
	85588  -  ResidentSetSize of job (KB)
...
006 (7861654.000.000) 05/19 02:46:21 Image size of job updated: 914836
	84  -  MemoryUsage of job (MB)
	85636  -  ResidentSetSize of job (KB)
...
006 (7861654.000.000) 05/19 02:51:21 Image size of job updated: 914836
	84  -  MemoryUsage of job (MB)
	85720  -  ResidentSetSize of job (KB)
...
006 (7861654.000.000) 05/19 02:56:22 Image size of job updated: 914836
	84  -  MemoryUsage of job (MB)
	85768  -  ResidentSetSize of job (KB)
...
006 (7861654.000.000) 05/19 03:01:22 Image size of job updated: 914836
	84  -  MemoryUsage of job (MB)
	85832  -  ResidentSetSize of job (KB)
...
006 (7861654.000.000) 05/19 03:06:22 Image size of job updated: 914836
	84  -  MemoryUsage of job (MB)
	85936  -  ResidentSetSize of job (KB)
...
006 (7861654.000.000) 05/19 03:11:23 Image size of job updated: 914836
	84  -  MemoryUsage of job (MB)
	85992  -  ResidentSetSize of job (KB)
...
006 (7861654.000.000) 05/19 03:16:24 Image size of job updated: 914836
	84  -  MemoryUsage of job (MB)
	86016  -  ResidentSetSize of job (KB)
...
006 (7861654.000.000) 05/19 03:21:24 Image size of job updated: 914836
	85  -  MemoryUsage of job (MB)
	86056  -  ResidentSetSize of job (KB)
...
006 (7861654.000.000) 05/19 03:26:25 Image size of job updated: 914836
	85  -  MemoryUsage of job (MB)
	86100  -  ResidentSetSize of job (KB)
...
006 (7861654.000.000) 05/19 03:31:26 Image size of job updated: 914836
	85  -  MemoryUsage of job (MB)
	86128  -  ResidentSetSize of job (KB)
...
006 (7861654.000.000) 05/19 03:36:26 Image size of job updated: 914836
	85  -  MemoryUsage of job (MB)
	86168  -  ResidentSetSize of job (KB)
...
006 (7861654.000.000) 05/19 03:41:26 Image size of job updated: 914836
	85  -  MemoryUsage of job (MB)
	86192  -  ResidentSetSize of job (KB)
...
006 (7861654.000.000) 05/19 03:46:27 Image size of job updated: 914836
	85  -  MemoryUsage of job (MB)
	86232  -  ResidentSetSize of job (KB)
...
006 (7861654.000.000) 05/19 03:51:28 Image size of job updated: 914836
	85  -  MemoryUsage of job (MB)
	86272  -  ResidentSetSize of job (KB)
...
006 (7861654.000.000) 05/19 03:56:28 Image size of job updated: 914836
	85  -  MemoryUsage of job (MB)
	86296  -  ResidentSetSize of job (KB)
...
006 (7861654.000.000) 05/19 04:01:29 Image size of job updated: 914836
	85  -  MemoryUsage of job (MB)
	86332  -  ResidentSetSize of job (KB)
...
006 (7861654.000.000) 05/19 04:06:30 Image size of job updated: 914836
	85  -  MemoryUsage of job (MB)
	86372  -  ResidentSetSize of job (KB)
...
006 (7861654.000.000) 05/19 04:11:30 Image size of job updated: 914836
	85  -  MemoryUsage of job (MB)
	86416  -  ResidentSetSize of job (KB)
...
006 (7861654.000.000) 05/19 04:16:30 Image size of job updated: 914836
	85  -  MemoryUsage of job (MB)
	86448  -  ResidentSetSize of job (KB)
...
006 (7861654.000.000) 05/19 04:21:31 Image size of job updated: 914836
	85  -  MemoryUsage of job (MB)
	86484  -  ResidentSetSize of job (KB)
...
006 (7861654.000.000) 05/19 04:26:32 Image size of job updated: 914836
	85  -  MemoryUsage of job (MB)
	86520  -  ResidentSetSize of job (KB)
...
006 (7861654.000.000) 05/19 04:31:32 Image size of job updated: 914836
	85  -  MemoryUsage of job (MB)
	86564  -  ResidentSetSize of job (KB)
...
006 (7861654.000.000) 05/19 04:36:32 Image size of job updated: 914836
	85  -  MemoryUsage of job (MB)
	86620  -  ResidentSetSize of job (KB)
...
006 (7861654.000.000) 05/19 04:41:33 Image size of job updated: 914836
	85  -  MemoryUsage of job (MB)
	86660  -  ResidentSetSize of job (KB)
...
006 (7861654.000.000) 05/19 04:46:34 Image size of job updated: 914836
	85  -  MemoryUsage of job (MB)
	86704  -  ResidentSetSize of job (KB)
...
006 (7861654.000.000) 05/19 04:51:34 Image size of job updated: 914836
	85  -  MemoryUsage of job (MB)
	86744  -  ResidentSetSize of job (KB)
...
006 (7861654.000.000) 05/19 04:56:34 Image size of job updated: 914836
	85  -  MemoryUsage of job (MB)
	86780  -  ResidentSetSize of job (KB)
...
006 (7861654.000.000) 05/19 05:01:36 Image size of job updated: 914836
	85  -  MemoryUsage of job (MB)
	86820  -  ResidentSetSize of job (KB)
...
006 (7861654.000.000) 05/19 05:06:36 Image size of job updated: 914836
	85  -  MemoryUsage of job (MB)
	86872  -  ResidentSetSize of job (KB)
...
006 (7861654.000.000) 05/19 05:11:36 Image size of job updated: 914836
	85  -  MemoryUsage of job (MB)
	86920  -  ResidentSetSize of job (KB)
...
006 (7861654.000.000) 05/19 05:16:37 Image size of job updated: 914836
	85  -  MemoryUsage of job (MB)
	86964  -  ResidentSetSize of job (KB)
...
006 (7861654.000.000) 05/19 05:21:38 Image size of job updated: 914836
	85  -  MemoryUsage of job (MB)
	87012  -  ResidentSetSize of job (KB)
...
006 (7861654.000.000) 05/19 05:26:38 Image size of job updated: 914836
	86  -  MemoryUsage of job (MB)
	87072  -  ResidentSetSize of job (KB)
...
006 (7861654.000.000) 05/19 05:31:38 Image size of job updated: 914836
	86  -  MemoryUsage of job (MB)
	87288  -  ResidentSetSize of job (KB)
...
006 (7861654.000.000) 05/19 05:36:39 Image size of job updated: 914836
	86  -  MemoryUsage of job (MB)
	87332  -  ResidentSetSize of job (KB)
...
006 (7861654.000.000) 05/19 05:41:40 Image size of job updated: 914836
	86  -  MemoryUsage of job (MB)
	87380  -  ResidentSetSize of job (KB)
...
006 (7861654.000.000) 05/19 05:46:41 Image size of job updated: 914836
	86  -  MemoryUsage of job (MB)
	87428  -  ResidentSetSize of job (KB)
...
006 (7861654.000.000) 05/19 05:51:41 Image size of job updated: 914836
	86  -  MemoryUsage of job (MB)
	87468  -  ResidentSetSize of job (KB)
...
006 (7861654.000.000) 05/19 05:56:41 Image size of job updated: 914836
	86  -  MemoryUsage of job (MB)
	87500  -  ResidentSetSize of job (KB)
...
006 (7861654.000.000) 05/19 06:01:42 Image size of job updated: 914836
	86  -  MemoryUsage of job (MB)
	87540  -  ResidentSetSize of job (KB)
...
006 (7861654.000.000) 05/19 06:06:43 Image size of job updated: 914836
	86  -  MemoryUsage of job (MB)
	87584  -  ResidentSetSize of job (KB)
...
006 (7861654.000.000) 05/19 06:11:43 Image size of job updated: 914836
	86  -  MemoryUsage of job (MB)
	87624  -  ResidentSetSize of job (KB)
...
006 (7861654.000.000) 05/19 06:16:43 Image size of job updated: 914836
	86  -  MemoryUsage of job (MB)
	87660  -  ResidentSetSize of job (KB)
...
006 (7861654.000.000) 05/19 06:21:45 Image size of job updated: 914836
	86  -  MemoryUsage of job (MB)
	87708  -  ResidentSetSize of job (KB)
...
006 (7861654.000.000) 05/19 06:26:45 Image size of job updated: 914836
	86  -  MemoryUsage of job (MB)
	87752  -  ResidentSetSize of job (KB)
...
006 (7861654.000.000) 05/19 06:31:45 Image size of job updated: 914836
	86  -  MemoryUsage of job (MB)
	87804  -  ResidentSetSize of job (KB)
...
006 (7861654.000.000) 05/19 06:36:46 Image size of job updated: 914836
	86  -  MemoryUsage of job (MB)
	87852  -  ResidentSetSize of job (KB)
...
006 (7861654.000.000) 05/19 06:41:47 Image size of job updated: 914836
	86  -  MemoryUsage of job (MB)
	87908  -  ResidentSetSize of job (KB)
...
006 (7861654.000.000) 05/19 06:46:47 Image size of job updated: 914836
	86  -  MemoryUsage of job (MB)
	87952  -  ResidentSetSize of job (KB)
...
006 (7861654.000.000) 05/19 06:51:47 Image size of job updated: 914836
	86  -  MemoryUsage of job (MB)
	88000  -  ResidentSetSize of job (KB)
...
006 (7861654.000.000) 05/19 06:56:47 Image size of job updated: 914836
	86  -  MemoryUsage of job (MB)
	88056  -  ResidentSetSize of job (KB)
...
040 (7861654.000.000) 05/19 07:01:09 Started transferring output files
...
040 (7861654.000.000) 05/19 07:01:09 Finished transferring output files
...
005 (7861654.000.000) 05/19 07:01:09 Job terminated.
	(1) Normal termination (return value 0)
		Usr 0 00:08:47, Sys 0 00:01:20  -  Run Remote Usage
		Usr 0 00:00:00, Sys 0 00:00:00  -  Run Local Usage
		Usr 0 00:08:47, Sys 0 00:01:20  -  Total Remote Usage
		Usr 0 00:00:00, Sys 0 00:00:00  -  Total Local Usage
	49638  -  Run Bytes Sent By Job
	185715  -  Run Bytes Received By Job
	49638  -  Total Bytes Sent By Job
	185715  -  Total Bytes Received By Job
	Partitionable Resources :    Usage  Request Allocated 
	   Cpus                 :     0.01        4         4 
	   Disk (KB)            :   259         200    277383 
	   Memory (MB)          :    86        8000      8000 
...
