000 (7864617.000.000) 05/18 17:20:44 Job submitted from host: <137.138.76.70:9618?addrs=137.138.76.70-9618&alias=bigbird11.cern.ch&noUDP&sock=schedd_1756_0c65_15>
...
040 (7864617.000.000) 05/18 17:21:00 Started transferring input files
	Transferring to host: <188.184.169.165:9618?addrs=188.184.169.165-9618+[2001-1458-301-c0--100-478]-9618&alias=b7g52n8599.cern.ch&noUDP&sock=slot1_2_6562_45c4_28161>
...
040 (7864617.000.000) 05/18 17:21:00 Finished transferring input files
...
001 (7864617.000.000) 05/18 17:21:00 Job executing on host: <188.184.169.165:9618?addrs=188.184.169.165-9618+[2001-1458-301-c0--100-478]-9618&alias=b7g52n8599.cern.ch&noUDP&sock=startd_5169_1521>
...
006 (7864617.000.000) 05/18 17:21:08 Image size of job updated: 113448
	52  -  MemoryUsage of job (MB)
	52936  -  ResidentSetSize of job (KB)
...
006 (7864617.000.000) 05/18 17:26:08 Image size of job updated: 884540
	65  -  MemoryUsage of job (MB)
	65580  -  ResidentSetSize of job (KB)
...
006 (7864617.000.000) 05/18 17:31:09 Image size of job updated: 887324
	65  -  MemoryUsage of job (MB)
	65580  -  ResidentSetSize of job (KB)
...
006 (7864617.000.000) 05/18 17:36:10 Image size of job updated: 888280
	65  -  MemoryUsage of job (MB)
	65580  -  ResidentSetSize of job (KB)
...
006 (7864617.000.000) 05/18 17:46:10 Image size of job updated: 888332
	65  -  MemoryUsage of job (MB)
	65580  -  ResidentSetSize of job (KB)
...
006 (7864617.000.000) 05/18 17:51:11 Image size of job updated: 893612
	65  -  MemoryUsage of job (MB)
	65580  -  ResidentSetSize of job (KB)
...
006 (7864617.000.000) 05/18 17:56:12 Image size of job updated: 893612
	65  -  MemoryUsage of job (MB)
	65740  -  ResidentSetSize of job (KB)
...
006 (7864617.000.000) 05/18 18:01:12 Image size of job updated: 893612
	71  -  MemoryUsage of job (MB)
	71936  -  ResidentSetSize of job (KB)
...
006 (7864617.000.000) 05/18 18:11:13 Image size of job updated: 893956
	71  -  MemoryUsage of job (MB)
	71936  -  ResidentSetSize of job (KB)
...
006 (7864617.000.000) 05/18 18:16:14 Image size of job updated: 893956
	71  -  MemoryUsage of job (MB)
	72600  -  ResidentSetSize of job (KB)
...
006 (7864617.000.000) 05/18 18:21:14 Image size of job updated: 894304
	73  -  MemoryUsage of job (MB)
	73740  -  ResidentSetSize of job (KB)
...
006 (7864617.000.000) 05/18 18:26:14 Image size of job updated: 894304
	73  -  MemoryUsage of job (MB)
	73804  -  ResidentSetSize of job (KB)
...
006 (7864617.000.000) 05/18 18:36:16 Image size of job updated: 894352
	73  -  MemoryUsage of job (MB)
	73804  -  ResidentSetSize of job (KB)
...
006 (7864617.000.000) 05/18 18:41:16 Image size of job updated: 895668
	73  -  MemoryUsage of job (MB)
	73804  -  ResidentSetSize of job (KB)
...
006 (7864617.000.000) 05/18 19:01:18 Image size of job updated: 895668
	73  -  MemoryUsage of job (MB)
	73828  -  ResidentSetSize of job (KB)
...
006 (7864617.000.000) 05/18 19:06:18 Image size of job updated: 895668
	73  -  MemoryUsage of job (MB)
	74108  -  ResidentSetSize of job (KB)
...
006 (7864617.000.000) 05/18 19:16:20 Image size of job updated: 896364
	73  -  MemoryUsage of job (MB)
	74376  -  ResidentSetSize of job (KB)
...
006 (7864617.000.000) 05/18 19:21:20 Image size of job updated: 896364
	73  -  MemoryUsage of job (MB)
	74464  -  ResidentSetSize of job (KB)
...
006 (7864617.000.000) 05/18 19:26:20 Image size of job updated: 896364
	73  -  MemoryUsage of job (MB)
	74520  -  ResidentSetSize of job (KB)
...
006 (7864617.000.000) 05/18 19:31:21 Image size of job updated: 896364
	73  -  MemoryUsage of job (MB)
	74608  -  ResidentSetSize of job (KB)
...
006 (7864617.000.000) 05/18 19:36:21 Image size of job updated: 896364
	73  -  MemoryUsage of job (MB)
	74656  -  ResidentSetSize of job (KB)
...
006 (7864617.000.000) 05/18 19:41:21 Image size of job updated: 896364
	75  -  MemoryUsage of job (MB)
	75848  -  ResidentSetSize of job (KB)
...
006 (7864617.000.000) 05/18 19:46:22 Image size of job updated: 896364
	75  -  MemoryUsage of job (MB)
	75912  -  ResidentSetSize of job (KB)
...
006 (7864617.000.000) 05/18 19:51:23 Image size of job updated: 896364
	75  -  MemoryUsage of job (MB)
	75964  -  ResidentSetSize of job (KB)
...
006 (7864617.000.000) 05/18 19:56:23 Image size of job updated: 896364
	75  -  MemoryUsage of job (MB)
	76108  -  ResidentSetSize of job (KB)
...
006 (7864617.000.000) 05/18 20:01:23 Image size of job updated: 896364
	75  -  MemoryUsage of job (MB)
	76152  -  ResidentSetSize of job (KB)
...
006 (7864617.000.000) 05/18 20:06:24 Image size of job updated: 896364
	75  -  MemoryUsage of job (MB)
	76204  -  ResidentSetSize of job (KB)
...
006 (7864617.000.000) 05/18 20:11:25 Image size of job updated: 896364
	75  -  MemoryUsage of job (MB)
	76248  -  ResidentSetSize of job (KB)
...
006 (7864617.000.000) 05/18 20:16:25 Image size of job updated: 896364
	75  -  MemoryUsage of job (MB)
	76304  -  ResidentSetSize of job (KB)
...
006 (7864617.000.000) 05/18 20:21:25 Image size of job updated: 896364
	75  -  MemoryUsage of job (MB)
	76344  -  ResidentSetSize of job (KB)
...
040 (7864617.000.000) 05/18 20:26:03 Started transferring output files
...
040 (7864617.000.000) 05/18 20:26:04 Finished transferring output files
...
005 (7864617.000.000) 05/18 20:26:04 Job terminated.
	(1) Normal termination (return value 0)
		Usr 0 00:01:16, Sys 0 00:00:13  -  Run Remote Usage
		Usr 0 00:00:00, Sys 0 00:00:00  -  Run Local Usage
		Usr 0 00:01:16, Sys 0 00:00:13  -  Total Remote Usage
		Usr 0 00:00:00, Sys 0 00:00:00  -  Total Local Usage
	10132  -  Run Bytes Sent By Job
	127565  -  Run Bytes Received By Job
	10132  -  Total Bytes Sent By Job
	127565  -  Total Bytes Received By Job
	Partitionable Resources :    Usage  Request Allocated 
	   Cpus                 :     0.02        4         4 
	   Disk (KB)            :   157         150    274206 
	   Memory (MB)          :    75        8000      8000 
...
