000 (7864616.000.000) 05/18 17:19:32 Job submitted from host: <137.138.76.70:9618?addrs=137.138.76.70-9618&alias=bigbird11.cern.ch&noUDP&sock=schedd_1756_0c65_15>
...
040 (7864616.000.000) 05/18 17:21:01 Started transferring input files
	Transferring to host: <128.142.81.83:9618?addrs=128.142.81.83-9618+[2001-1458-301-f5--100-679]-9618&alias=b7s13n4197.cern.ch&noUDP&sock=slot1_4_5766_6b24_27869>
...
040 (7864616.000.000) 05/18 17:21:01 Finished transferring input files
...
001 (7864616.000.000) 05/18 17:21:01 Job executing on host: <128.142.81.83:9618?addrs=128.142.81.83-9618+[2001-1458-301-f5--100-679]-9618&alias=b7s13n4197.cern.ch&noUDP&sock=startd_4633_6e5d>
...
006 (7864616.000.000) 05/18 17:21:09 Image size of job updated: 597744
	48  -  MemoryUsage of job (MB)
	48380  -  ResidentSetSize of job (KB)
...
006 (7864616.000.000) 05/18 17:26:09 Image size of job updated: 891784
	65  -  MemoryUsage of job (MB)
	65712  -  ResidentSetSize of job (KB)
...
006 (7864616.000.000) 05/18 17:36:11 Image size of job updated: 892196
	67  -  MemoryUsage of job (MB)
	68332  -  ResidentSetSize of job (KB)
...
006 (7864616.000.000) 05/18 17:41:11 Image size of job updated: 892196
	67  -  MemoryUsage of job (MB)
	68496  -  ResidentSetSize of job (KB)
...
006 (7864616.000.000) 05/18 17:46:12 Image size of job updated: 893876
	67  -  MemoryUsage of job (MB)
	68496  -  ResidentSetSize of job (KB)
...
006 (7864616.000.000) 05/18 17:51:13 Image size of job updated: 893892
	67  -  MemoryUsage of job (MB)
	68496  -  ResidentSetSize of job (KB)
...
006 (7864616.000.000) 05/18 18:21:15 Image size of job updated: 894500
	67  -  MemoryUsage of job (MB)
	68496  -  ResidentSetSize of job (KB)
...
006 (7864616.000.000) 05/18 18:26:16 Image size of job updated: 894532
	67  -  MemoryUsage of job (MB)
	68496  -  ResidentSetSize of job (KB)
...
006 (7864616.000.000) 05/18 18:31:17 Image size of job updated: 894540
	67  -  MemoryUsage of job (MB)
	68496  -  ResidentSetSize of job (KB)
...
006 (7864616.000.000) 05/18 18:51:19 Image size of job updated: 894540
	72  -  MemoryUsage of job (MB)
	72944  -  ResidentSetSize of job (KB)
...
006 (7864616.000.000) 05/18 19:06:20 Image size of job updated: 896180
	73  -  MemoryUsage of job (MB)
	74140  -  ResidentSetSize of job (KB)
...
006 (7864616.000.000) 05/18 19:11:21 Image size of job updated: 896632
	73  -  MemoryUsage of job (MB)
	74140  -  ResidentSetSize of job (KB)
...
006 (7864616.000.000) 05/18 19:46:24 Image size of job updated: 896632
	73  -  MemoryUsage of job (MB)
	74528  -  ResidentSetSize of job (KB)
...
006 (7864616.000.000) 05/18 19:56:25 Image size of job updated: 896632
	73  -  MemoryUsage of job (MB)
	74552  -  ResidentSetSize of job (KB)
...
006 (7864616.000.000) 05/18 20:01:25 Image size of job updated: 896640
	73  -  MemoryUsage of job (MB)
	74552  -  ResidentSetSize of job (KB)
...
006 (7864616.000.000) 05/18 20:21:27 Image size of job updated: 896640
	74  -  MemoryUsage of job (MB)
	75432  -  ResidentSetSize of job (KB)
...
006 (7864616.000.000) 05/18 20:31:29 Image size of job updated: 896640
	74  -  MemoryUsage of job (MB)
	75636  -  ResidentSetSize of job (KB)
...
006 (7864616.000.000) 05/18 20:41:29 Image size of job updated: 896640
	75  -  MemoryUsage of job (MB)
	76112  -  ResidentSetSize of job (KB)
...
006 (7864616.000.000) 05/18 21:01:31 Image size of job updated: 898684
	75  -  MemoryUsage of job (MB)
	76112  -  ResidentSetSize of job (KB)
...
006 (7864616.000.000) 05/18 21:16:33 Image size of job updated: 898684
	75  -  MemoryUsage of job (MB)
	76612  -  ResidentSetSize of job (KB)
...
006 (7864616.000.000) 05/18 21:26:35 Image size of job updated: 898684
	75  -  MemoryUsage of job (MB)
	76628  -  ResidentSetSize of job (KB)
...
006 (7864616.000.000) 05/18 21:56:37 Image size of job updated: 898684
	76  -  MemoryUsage of job (MB)
	76928  -  ResidentSetSize of job (KB)
...
006 (7864616.000.000) 05/18 22:36:42 Image size of job updated: 899892
	76  -  MemoryUsage of job (MB)
	76928  -  ResidentSetSize of job (KB)
...
006 (7864616.000.000) 05/18 23:11:45 Image size of job updated: 899892
	76  -  MemoryUsage of job (MB)
	77824  -  ResidentSetSize of job (KB)
...
006 (7864616.000.000) 05/18 23:31:47 Image size of job updated: 899892
	77  -  MemoryUsage of job (MB)
	77852  -  ResidentSetSize of job (KB)
...
006 (7864616.000.000) 05/18 23:41:47 Image size of job updated: 899900
	77  -  MemoryUsage of job (MB)
	77852  -  ResidentSetSize of job (KB)
...
006 (7864616.000.000) 05/19 00:01:49 Image size of job updated: 899900
	77  -  MemoryUsage of job (MB)
	77940  -  ResidentSetSize of job (KB)
...
006 (7864616.000.000) 05/19 00:16:51 Image size of job updated: 899900
	77  -  MemoryUsage of job (MB)
	78316  -  ResidentSetSize of job (KB)
...
006 (7864616.000.000) 05/19 00:26:52 Image size of job updated: 903988
	78  -  MemoryUsage of job (MB)
	79212  -  ResidentSetSize of job (KB)
...
006 (7864616.000.000) 05/19 00:31:53 Image size of job updated: 903988
	78  -  MemoryUsage of job (MB)
	79272  -  ResidentSetSize of job (KB)
...
006 (7864616.000.000) 05/19 00:36:53 Image size of job updated: 903988
	78  -  MemoryUsage of job (MB)
	79388  -  ResidentSetSize of job (KB)
...
006 (7864616.000.000) 05/19 00:41:54 Image size of job updated: 903988
	78  -  MemoryUsage of job (MB)
	79468  -  ResidentSetSize of job (KB)
...
006 (7864616.000.000) 05/19 00:46:55 Image size of job updated: 903988
	78  -  MemoryUsage of job (MB)
	79516  -  ResidentSetSize of job (KB)
...
006 (7864616.000.000) 05/19 00:51:56 Image size of job updated: 903988
	78  -  MemoryUsage of job (MB)
	79576  -  ResidentSetSize of job (KB)
...
006 (7864616.000.000) 05/19 00:56:56 Image size of job updated: 903988
	78  -  MemoryUsage of job (MB)
	79640  -  ResidentSetSize of job (KB)
...
006 (7864616.000.000) 05/19 01:01:56 Image size of job updated: 903988
	78  -  MemoryUsage of job (MB)
	79732  -  ResidentSetSize of job (KB)
...
006 (7864616.000.000) 05/19 01:06:57 Image size of job updated: 903988
	78  -  MemoryUsage of job (MB)
	79784  -  ResidentSetSize of job (KB)
...
006 (7864616.000.000) 05/19 01:11:58 Image size of job updated: 903988
	78  -  MemoryUsage of job (MB)
	79844  -  ResidentSetSize of job (KB)
...
006 (7864616.000.000) 05/19 01:16:58 Image size of job updated: 903988
	79  -  MemoryUsage of job (MB)
	79912  -  ResidentSetSize of job (KB)
...
006 (7864616.000.000) 05/19 01:21:59 Image size of job updated: 903988
	79  -  MemoryUsage of job (MB)
	79960  -  ResidentSetSize of job (KB)
...
006 (7864616.000.000) 05/19 01:27:00 Image size of job updated: 903988
	79  -  MemoryUsage of job (MB)
	80016  -  ResidentSetSize of job (KB)
...
006 (7864616.000.000) 05/19 01:32:00 Image size of job updated: 903988
	79  -  MemoryUsage of job (MB)
	80104  -  ResidentSetSize of job (KB)
...
006 (7864616.000.000) 05/19 01:37:00 Image size of job updated: 903988
	79  -  MemoryUsage of job (MB)
	80152  -  ResidentSetSize of job (KB)
...
006 (7864616.000.000) 05/19 01:42:01 Image size of job updated: 903988
	79  -  MemoryUsage of job (MB)
	80228  -  ResidentSetSize of job (KB)
...
006 (7864616.000.000) 05/19 01:47:01 Image size of job updated: 903988
	79  -  MemoryUsage of job (MB)
	80272  -  ResidentSetSize of job (KB)
...
006 (7864616.000.000) 05/19 01:52:01 Image size of job updated: 903988
	79  -  MemoryUsage of job (MB)
	80340  -  ResidentSetSize of job (KB)
...
006 (7864616.000.000) 05/19 01:57:02 Image size of job updated: 903988
	79  -  MemoryUsage of job (MB)
	80396  -  ResidentSetSize of job (KB)
...
006 (7864616.000.000) 05/19 02:02:03 Image size of job updated: 903988
	79  -  MemoryUsage of job (MB)
	80440  -  ResidentSetSize of job (KB)
...
006 (7864616.000.000) 05/19 02:07:03 Image size of job updated: 903988
	79  -  MemoryUsage of job (MB)
	80508  -  ResidentSetSize of job (KB)
...
006 (7864616.000.000) 05/19 02:12:03 Image size of job updated: 903988
	79  -  MemoryUsage of job (MB)
	80568  -  ResidentSetSize of job (KB)
...
006 (7864616.000.000) 05/19 02:17:04 Image size of job updated: 903988
	79  -  MemoryUsage of job (MB)
	80612  -  ResidentSetSize of job (KB)
...
006 (7864616.000.000) 05/19 02:22:05 Image size of job updated: 903988
	79  -  MemoryUsage of job (MB)
	80664  -  ResidentSetSize of job (KB)
...
006 (7864616.000.000) 05/19 02:27:05 Image size of job updated: 903988
	79  -  MemoryUsage of job (MB)
	80716  -  ResidentSetSize of job (KB)
...
006 (7864616.000.000) 05/19 02:32:05 Image size of job updated: 903988
	79  -  MemoryUsage of job (MB)
	80768  -  ResidentSetSize of job (KB)
...
006 (7864616.000.000) 05/19 02:37:06 Image size of job updated: 903988
	79  -  MemoryUsage of job (MB)
	80828  -  ResidentSetSize of job (KB)
...
006 (7864616.000.000) 05/19 02:42:07 Image size of job updated: 903988
	79  -  MemoryUsage of job (MB)
	80880  -  ResidentSetSize of job (KB)
...
006 (7864616.000.000) 05/19 02:47:07 Image size of job updated: 903988
	80  -  MemoryUsage of job (MB)
	80928  -  ResidentSetSize of job (KB)
...
006 (7864616.000.000) 05/19 02:52:07 Image size of job updated: 903988
	80  -  MemoryUsage of job (MB)
	80980  -  ResidentSetSize of job (KB)
...
006 (7864616.000.000) 05/19 02:57:08 Image size of job updated: 903988
	80  -  MemoryUsage of job (MB)
	81052  -  ResidentSetSize of job (KB)
...
006 (7864616.000.000) 05/19 03:02:09 Image size of job updated: 903988
	80  -  MemoryUsage of job (MB)
	81096  -  ResidentSetSize of job (KB)
...
006 (7864616.000.000) 05/19 03:07:09 Image size of job updated: 903988
	80  -  MemoryUsage of job (MB)
	81148  -  ResidentSetSize of job (KB)
...
006 (7864616.000.000) 05/19 03:12:09 Image size of job updated: 903988
	80  -  MemoryUsage of job (MB)
	81188  -  ResidentSetSize of job (KB)
...
006 (7864616.000.000) 05/19 03:17:10 Image size of job updated: 903988
	80  -  MemoryUsage of job (MB)
	81748  -  ResidentSetSize of job (KB)
...
006 (7864616.000.000) 05/19 03:22:10 Image size of job updated: 903988
	80  -  MemoryUsage of job (MB)
	81808  -  ResidentSetSize of job (KB)
...
006 (7864616.000.000) 05/19 03:27:10 Image size of job updated: 903988
	80  -  MemoryUsage of job (MB)
	81836  -  ResidentSetSize of job (KB)
...
006 (7864616.000.000) 05/19 03:32:11 Image size of job updated: 903988
	80  -  MemoryUsage of job (MB)
	81876  -  ResidentSetSize of job (KB)
...
006 (7864616.000.000) 05/19 03:37:12 Image size of job updated: 903988
	80  -  MemoryUsage of job (MB)
	81916  -  ResidentSetSize of job (KB)
...
006 (7864616.000.000) 05/19 03:42:12 Image size of job updated: 903988
	81  -  MemoryUsage of job (MB)
	81952  -  ResidentSetSize of job (KB)
...
006 (7864616.000.000) 05/19 03:47:12 Image size of job updated: 903988
	81  -  MemoryUsage of job (MB)
	81992  -  ResidentSetSize of job (KB)
...
006 (7864616.000.000) 05/19 03:52:13 Image size of job updated: 903988
	81  -  MemoryUsage of job (MB)
	82028  -  ResidentSetSize of job (KB)
...
006 (7864616.000.000) 05/19 03:57:14 Image size of job updated: 903988
	81  -  MemoryUsage of job (MB)
	82064  -  ResidentSetSize of job (KB)
...
006 (7864616.000.000) 05/19 04:02:14 Image size of job updated: 903988
	81  -  MemoryUsage of job (MB)
	82088  -  ResidentSetSize of job (KB)
...
006 (7864616.000.000) 05/19 04:07:14 Image size of job updated: 903988
	81  -  MemoryUsage of job (MB)
	82132  -  ResidentSetSize of job (KB)
...
006 (7864616.000.000) 05/19 04:12:15 Image size of job updated: 903988
	81  -  MemoryUsage of job (MB)
	82168  -  ResidentSetSize of job (KB)
...
006 (7864616.000.000) 05/19 04:17:16 Image size of job updated: 903988
	81  -  MemoryUsage of job (MB)
	82204  -  ResidentSetSize of job (KB)
...
006 (7864616.000.000) 05/19 04:22:16 Image size of job updated: 903988
	81  -  MemoryUsage of job (MB)
	82240  -  ResidentSetSize of job (KB)
...
006 (7864616.000.000) 05/19 04:27:16 Image size of job updated: 903988
	81  -  MemoryUsage of job (MB)
	82280  -  ResidentSetSize of job (KB)
...
006 (7864616.000.000) 05/19 04:32:17 Image size of job updated: 903988
	81  -  MemoryUsage of job (MB)
	82324  -  ResidentSetSize of job (KB)
...
006 (7864616.000.000) 05/19 04:37:17 Image size of job updated: 903988
	81  -  MemoryUsage of job (MB)
	82376  -  ResidentSetSize of job (KB)
...
006 (7864616.000.000) 05/19 04:42:17 Image size of job updated: 903988
	81  -  MemoryUsage of job (MB)
	82420  -  ResidentSetSize of job (KB)
...
006 (7864616.000.000) 05/19 04:47:18 Image size of job updated: 903988
	81  -  MemoryUsage of job (MB)
	82476  -  ResidentSetSize of job (KB)
...
006 (7864616.000.000) 05/19 04:52:19 Image size of job updated: 903988
	81  -  MemoryUsage of job (MB)
	82516  -  ResidentSetSize of job (KB)
...
006 (7864616.000.000) 05/19 04:57:19 Image size of job updated: 903988
	81  -  MemoryUsage of job (MB)
	82584  -  ResidentSetSize of job (KB)
...
006 (7864616.000.000) 05/19 05:02:19 Image size of job updated: 903988
	81  -  MemoryUsage of job (MB)
	82624  -  ResidentSetSize of job (KB)
...
006 (7864616.000.000) 05/19 05:07:20 Image size of job updated: 903988
	81  -  MemoryUsage of job (MB)
	82680  -  ResidentSetSize of job (KB)
...
006 (7864616.000.000) 05/19 05:12:21 Image size of job updated: 903988
	81  -  MemoryUsage of job (MB)
	82732  -  ResidentSetSize of job (KB)
...
006 (7864616.000.000) 05/19 05:17:21 Image size of job updated: 903988
	81  -  MemoryUsage of job (MB)
	82784  -  ResidentSetSize of job (KB)
...
006 (7864616.000.000) 05/19 05:22:22 Image size of job updated: 903988
	81  -  MemoryUsage of job (MB)
	82836  -  ResidentSetSize of job (KB)
...
006 (7864616.000.000) 05/19 05:27:23 Image size of job updated: 903988
	81  -  MemoryUsage of job (MB)
	82876  -  ResidentSetSize of job (KB)
...
006 (7864616.000.000) 05/19 05:32:23 Image size of job updated: 903988
	81  -  MemoryUsage of job (MB)
	82936  -  ResidentSetSize of job (KB)
...
006 (7864616.000.000) 05/19 05:37:23 Image size of job updated: 903988
	82  -  MemoryUsage of job (MB)
	82980  -  ResidentSetSize of job (KB)
...
006 (7864616.000.000) 05/19 05:42:24 Image size of job updated: 903988
	82  -  MemoryUsage of job (MB)
	83084  -  ResidentSetSize of job (KB)
...
006 (7864616.000.000) 05/19 05:47:25 Image size of job updated: 903988
	82  -  MemoryUsage of job (MB)
	83132  -  ResidentSetSize of job (KB)
...
006 (7864616.000.000) 05/19 05:52:25 Image size of job updated: 903988
	82  -  MemoryUsage of job (MB)
	83172  -  ResidentSetSize of job (KB)
...
006 (7864616.000.000) 05/19 05:57:26 Image size of job updated: 903988
	82  -  MemoryUsage of job (MB)
	83212  -  ResidentSetSize of job (KB)
...
006 (7864616.000.000) 05/19 06:02:27 Image size of job updated: 903988
	82  -  MemoryUsage of job (MB)
	83256  -  ResidentSetSize of job (KB)
...
006 (7864616.000.000) 05/19 06:07:27 Image size of job updated: 903988
	82  -  MemoryUsage of job (MB)
	83296  -  ResidentSetSize of job (KB)
...
006 (7864616.000.000) 05/19 06:12:27 Image size of job updated: 903988
	82  -  MemoryUsage of job (MB)
	83332  -  ResidentSetSize of job (KB)
...
006 (7864616.000.000) 05/19 06:17:28 Image size of job updated: 903988
	82  -  MemoryUsage of job (MB)
	83372  -  ResidentSetSize of job (KB)
...
006 (7864616.000.000) 05/19 06:22:29 Image size of job updated: 903988
	82  -  MemoryUsage of job (MB)
	83424  -  ResidentSetSize of job (KB)
...
006 (7864616.000.000) 05/19 06:27:29 Image size of job updated: 903988
	82  -  MemoryUsage of job (MB)
	83552  -  ResidentSetSize of job (KB)
...
006 (7864616.000.000) 05/19 06:32:30 Image size of job updated: 903988
	82  -  MemoryUsage of job (MB)
	83596  -  ResidentSetSize of job (KB)
...
006 (7864616.000.000) 05/19 06:37:31 Image size of job updated: 903988
	82  -  MemoryUsage of job (MB)
	83656  -  ResidentSetSize of job (KB)
...
006 (7864616.000.000) 05/19 06:42:31 Image size of job updated: 903988
	82  -  MemoryUsage of job (MB)
	83708  -  ResidentSetSize of job (KB)
...
006 (7864616.000.000) 05/19 06:47:31 Image size of job updated: 903988
	82  -  MemoryUsage of job (MB)
	83752  -  ResidentSetSize of job (KB)
...
006 (7864616.000.000) 05/19 06:52:32 Image size of job updated: 903988
	82  -  MemoryUsage of job (MB)
	83808  -  ResidentSetSize of job (KB)
...
006 (7864616.000.000) 05/19 06:57:33 Image size of job updated: 903988
	82  -  MemoryUsage of job (MB)
	83860  -  ResidentSetSize of job (KB)
...
006 (7864616.000.000) 05/19 07:02:33 Image size of job updated: 903988
	82  -  MemoryUsage of job (MB)
	83908  -  ResidentSetSize of job (KB)
...
006 (7864616.000.000) 05/19 07:07:34 Image size of job updated: 903988
	83  -  MemoryUsage of job (MB)
	84024  -  ResidentSetSize of job (KB)
...
006 (7864616.000.000) 05/19 07:12:35 Image size of job updated: 903988
	83  -  MemoryUsage of job (MB)
	84080  -  ResidentSetSize of job (KB)
...
006 (7864616.000.000) 05/19 07:17:35 Image size of job updated: 903988
	83  -  MemoryUsage of job (MB)
	84124  -  ResidentSetSize of job (KB)
...
006 (7864616.000.000) 05/19 07:22:35 Image size of job updated: 903988
	83  -  MemoryUsage of job (MB)
	84184  -  ResidentSetSize of job (KB)
...
006 (7864616.000.000) 05/19 07:27:36 Image size of job updated: 903988
	83  -  MemoryUsage of job (MB)
	84224  -  ResidentSetSize of job (KB)
...
006 (7864616.000.000) 05/19 07:32:37 Image size of job updated: 903988
	83  -  MemoryUsage of job (MB)
	84280  -  ResidentSetSize of job (KB)
...
006 (7864616.000.000) 05/19 07:37:37 Image size of job updated: 903988
	83  -  MemoryUsage of job (MB)
	84324  -  ResidentSetSize of job (KB)
...
006 (7864616.000.000) 05/19 07:42:38 Image size of job updated: 903988
	83  -  MemoryUsage of job (MB)
	84376  -  ResidentSetSize of job (KB)
...
006 (7864616.000.000) 05/19 07:47:39 Image size of job updated: 912180
	83  -  MemoryUsage of job (MB)
	84416  -  ResidentSetSize of job (KB)
...
006 (7864616.000.000) 05/19 07:52:39 Image size of job updated: 912180
	83  -  MemoryUsage of job (MB)
	84456  -  ResidentSetSize of job (KB)
...
006 (7864616.000.000) 05/19 07:57:39 Image size of job updated: 912180
	83  -  MemoryUsage of job (MB)
	84508  -  ResidentSetSize of job (KB)
...
006 (7864616.000.000) 05/19 08:02:40 Image size of job updated: 912180
	83  -  MemoryUsage of job (MB)
	84548  -  ResidentSetSize of job (KB)
...
006 (7864616.000.000) 05/19 08:07:41 Image size of job updated: 913376
	83  -  MemoryUsage of job (MB)
	84596  -  ResidentSetSize of job (KB)
...
006 (7864616.000.000) 05/19 08:12:41 Image size of job updated: 913376
	83  -  MemoryUsage of job (MB)
	84648  -  ResidentSetSize of job (KB)
...
006 (7864616.000.000) 05/19 08:17:42 Image size of job updated: 913376
	83  -  MemoryUsage of job (MB)
	84744  -  ResidentSetSize of job (KB)
...
006 (7864616.000.000) 05/19 08:22:43 Image size of job updated: 913376
	83  -  MemoryUsage of job (MB)
	84796  -  ResidentSetSize of job (KB)
...
006 (7864616.000.000) 05/19 08:27:43 Image size of job updated: 913376
	83  -  MemoryUsage of job (MB)
	84860  -  ResidentSetSize of job (KB)
...
006 (7864616.000.000) 05/19 08:32:43 Image size of job updated: 913376
	83  -  MemoryUsage of job (MB)
	84904  -  ResidentSetSize of job (KB)
...
006 (7864616.000.000) 05/19 08:37:45 Image size of job updated: 913376
	83  -  MemoryUsage of job (MB)
	84956  -  ResidentSetSize of job (KB)
...
006 (7864616.000.000) 05/19 08:42:45 Image size of job updated: 913376
	84  -  MemoryUsage of job (MB)
	85012  -  ResidentSetSize of job (KB)
...
006 (7864616.000.000) 05/19 08:47:45 Image size of job updated: 913376
	84  -  MemoryUsage of job (MB)
	85056  -  ResidentSetSize of job (KB)
...
006 (7864616.000.000) 05/19 08:52:46 Image size of job updated: 913376
	84  -  MemoryUsage of job (MB)
	85112  -  ResidentSetSize of job (KB)
...
006 (7864616.000.000) 05/19 08:57:47 Image size of job updated: 913376
	84  -  MemoryUsage of job (MB)
	85152  -  ResidentSetSize of job (KB)
...
006 (7864616.000.000) 05/19 09:02:47 Image size of job updated: 913376
	84  -  MemoryUsage of job (MB)
	85196  -  ResidentSetSize of job (KB)
...
006 (7864616.000.000) 05/19 09:07:47 Image size of job updated: 913376
	84  -  MemoryUsage of job (MB)
	85244  -  ResidentSetSize of job (KB)
...
006 (7864616.000.000) 05/19 09:12:49 Image size of job updated: 913376
	84  -  MemoryUsage of job (MB)
	85304  -  ResidentSetSize of job (KB)
...
006 (7864616.000.000) 05/19 09:17:49 Image size of job updated: 913376
	84  -  MemoryUsage of job (MB)
	85352  -  ResidentSetSize of job (KB)
...
006 (7864616.000.000) 05/19 09:22:49 Image size of job updated: 913376
	84  -  MemoryUsage of job (MB)
	85400  -  ResidentSetSize of job (KB)
...
006 (7864616.000.000) 05/19 09:27:50 Image size of job updated: 913376
	84  -  MemoryUsage of job (MB)
	85444  -  ResidentSetSize of job (KB)
...
006 (7864616.000.000) 05/19 09:32:51 Image size of job updated: 913376
	84  -  MemoryUsage of job (MB)
	85484  -  ResidentSetSize of job (KB)
...
006 (7864616.000.000) 05/19 09:37:51 Image size of job updated: 913376
	84  -  MemoryUsage of job (MB)
	85528  -  ResidentSetSize of job (KB)
...
006 (7864616.000.000) 05/19 09:42:52 Image size of job updated: 913376
	84  -  MemoryUsage of job (MB)
	85604  -  ResidentSetSize of job (KB)
...
006 (7864616.000.000) 05/19 09:47:53 Image size of job updated: 913376
	84  -  MemoryUsage of job (MB)
	85644  -  ResidentSetSize of job (KB)
...
006 (7864616.000.000) 05/19 09:52:53 Image size of job updated: 913376
	84  -  MemoryUsage of job (MB)
	85692  -  ResidentSetSize of job (KB)
...
006 (7864616.000.000) 05/19 09:57:53 Image size of job updated: 913376
	85  -  MemoryUsage of job (MB)
	86056  -  ResidentSetSize of job (KB)
...
006 (7864616.000.000) 05/19 10:02:54 Image size of job updated: 913376
	85  -  MemoryUsage of job (MB)
	86108  -  ResidentSetSize of job (KB)
...
006 (7864616.000.000) 05/19 10:07:54 Image size of job updated: 913376
	85  -  MemoryUsage of job (MB)
	86152  -  ResidentSetSize of job (KB)
...
006 (7864616.000.000) 05/19 10:12:54 Image size of job updated: 913376
	85  -  MemoryUsage of job (MB)
	86204  -  ResidentSetSize of job (KB)
...
006 (7864616.000.000) 05/19 10:17:55 Image size of job updated: 913376
	85  -  MemoryUsage of job (MB)
	86252  -  ResidentSetSize of job (KB)
...
006 (7864616.000.000) 05/19 10:22:55 Image size of job updated: 913376
	85  -  MemoryUsage of job (MB)
	86292  -  ResidentSetSize of job (KB)
...
006 (7864616.000.000) 05/19 10:27:55 Image size of job updated: 913376
	85  -  MemoryUsage of job (MB)
	86400  -  ResidentSetSize of job (KB)
...
006 (7864616.000.000) 05/19 10:32:56 Image size of job updated: 913376
	85  -  MemoryUsage of job (MB)
	86460  -  ResidentSetSize of job (KB)
...
006 (7864616.000.000) 05/19 10:37:57 Image size of job updated: 913376
	85  -  MemoryUsage of job (MB)
	86504  -  ResidentSetSize of job (KB)
...
006 (7864616.000.000) 05/19 10:42:57 Image size of job updated: 913376
	85  -  MemoryUsage of job (MB)
	86556  -  ResidentSetSize of job (KB)
...
006 (7864616.000.000) 05/19 10:47:57 Image size of job updated: 913376
	85  -  MemoryUsage of job (MB)
	86600  -  ResidentSetSize of job (KB)
...
006 (7864616.000.000) 05/19 10:52:58 Image size of job updated: 913376
	85  -  MemoryUsage of job (MB)
	86652  -  ResidentSetSize of job (KB)
...
006 (7864616.000.000) 05/19 10:57:59 Image size of job updated: 913376
	85  -  MemoryUsage of job (MB)
	86696  -  ResidentSetSize of job (KB)
...
006 (7864616.000.000) 05/19 11:02:59 Image size of job updated: 913376
	85  -  MemoryUsage of job (MB)
	86740  -  ResidentSetSize of job (KB)
...
006 (7864616.000.000) 05/19 11:07:59 Image size of job updated: 913376
	85  -  MemoryUsage of job (MB)
	86792  -  ResidentSetSize of job (KB)
...
006 (7864616.000.000) 05/19 11:13:00 Image size of job updated: 913376
	85  -  MemoryUsage of job (MB)
	86836  -  ResidentSetSize of job (KB)
...
006 (7864616.000.000) 05/19 11:18:00 Image size of job updated: 913376
	85  -  MemoryUsage of job (MB)
	86892  -  ResidentSetSize of job (KB)
...
006 (7864616.000.000) 05/19 11:23:00 Image size of job updated: 913376
	85  -  MemoryUsage of job (MB)
	86940  -  ResidentSetSize of job (KB)
...
006 (7864616.000.000) 05/19 11:28:00 Image size of job updated: 913376
	86  -  MemoryUsage of job (MB)
	87052  -  ResidentSetSize of job (KB)
...
006 (7864616.000.000) 05/19 11:33:01 Image size of job updated: 913376
	86  -  MemoryUsage of job (MB)
	87120  -  ResidentSetSize of job (KB)
...
006 (7864616.000.000) 05/19 11:38:01 Image size of job updated: 913376
	86  -  MemoryUsage of job (MB)
	87168  -  ResidentSetSize of job (KB)
...
006 (7864616.000.000) 05/19 11:43:01 Image size of job updated: 913376
	86  -  MemoryUsage of job (MB)
	87212  -  ResidentSetSize of job (KB)
...
006 (7864616.000.000) 05/19 11:48:02 Image size of job updated: 913376
	86  -  MemoryUsage of job (MB)
	87264  -  ResidentSetSize of job (KB)
...
006 (7864616.000.000) 05/19 11:53:03 Image size of job updated: 913376
	86  -  MemoryUsage of job (MB)
	87332  -  ResidentSetSize of job (KB)
...
006 (7864616.000.000) 05/19 11:58:03 Image size of job updated: 913376
	86  -  MemoryUsage of job (MB)
	87420  -  ResidentSetSize of job (KB)
...
006 (7864616.000.000) 05/19 12:03:04 Image size of job updated: 913376
	86  -  MemoryUsage of job (MB)
	87460  -  ResidentSetSize of job (KB)
...
006 (7864616.000.000) 05/19 12:08:05 Image size of job updated: 913376
	86  -  MemoryUsage of job (MB)
	87504  -  ResidentSetSize of job (KB)
...
