000 (7861663.000.000) 05/18 09:52:10 Job submitted from host: <137.138.76.70:9618?addrs=137.138.76.70-9618&alias=bigbird11.cern.ch&noUDP&sock=schedd_1756_0c65_15>
...
040 (7861663.000.000) 05/18 09:54:11 Started transferring input files
	Transferring to host: <128.142.72.208:9618?addrs=128.142.72.208-9618+[2001-1458-301-75--100-109]-9618&alias=b7s11n4875.cern.ch&noUDP&sock=slot1_8_6016_90ee_16411>
...
040 (7861663.000.000) 05/18 09:54:11 Finished transferring input files
...
001 (7861663.000.000) 05/18 09:54:11 Job executing on host: <128.142.72.208:9618?addrs=128.142.72.208-9618+[2001-1458-301-75--100-109]-9618&alias=b7s11n4875.cern.ch&noUDP&sock=startd_4902_f157>
...
006 (7861663.000.000) 05/18 09:54:20 Image size of job updated: 395644
	52  -  MemoryUsage of job (MB)
	52944  -  ResidentSetSize of job (KB)
...
006 (7861663.000.000) 05/18 09:59:21 Image size of job updated: 892064
	62  -  MemoryUsage of job (MB)
	62512  -  ResidentSetSize of job (KB)
...
006 (7861663.000.000) 05/18 10:04:22 Image size of job updated: 892064
	62  -  MemoryUsage of job (MB)
	62708  -  ResidentSetSize of job (KB)
...
006 (7861663.000.000) 05/18 10:09:22 Image size of job updated: 892064
	62  -  MemoryUsage of job (MB)
	62768  -  ResidentSetSize of job (KB)
...
006 (7861663.000.000) 05/18 10:14:23 Image size of job updated: 892064
	70  -  MemoryUsage of job (MB)
	71372  -  ResidentSetSize of job (KB)
...
006 (7861663.000.000) 05/18 10:24:24 Image size of job updated: 892440
	70  -  MemoryUsage of job (MB)
	71372  -  ResidentSetSize of job (KB)
...
006 (7861663.000.000) 05/18 10:29:24 Image size of job updated: 892532
	70  -  MemoryUsage of job (MB)
	71372  -  ResidentSetSize of job (KB)
...
006 (7861663.000.000) 05/18 10:34:25 Image size of job updated: 892532
	71  -  MemoryUsage of job (MB)
	71704  -  ResidentSetSize of job (KB)
...
006 (7861663.000.000) 05/18 10:39:26 Image size of job updated: 892532
	71  -  MemoryUsage of job (MB)
	71728  -  ResidentSetSize of job (KB)
...
006 (7861663.000.000) 05/18 10:44:26 Image size of job updated: 892532
	71  -  MemoryUsage of job (MB)
	71772  -  ResidentSetSize of job (KB)
...
006 (7861663.000.000) 05/18 10:49:26 Image size of job updated: 892532
	71  -  MemoryUsage of job (MB)
	71816  -  ResidentSetSize of job (KB)
...
006 (7861663.000.000) 05/18 10:54:27 Image size of job updated: 894108
	71  -  MemoryUsage of job (MB)
	71856  -  ResidentSetSize of job (KB)
...
006 (7861663.000.000) 05/18 10:59:28 Image size of job updated: 894108
	71  -  MemoryUsage of job (MB)
	71896  -  ResidentSetSize of job (KB)
...
006 (7861663.000.000) 05/18 11:04:28 Image size of job updated: 894108
	71  -  MemoryUsage of job (MB)
	72700  -  ResidentSetSize of job (KB)
...
006 (7861663.000.000) 05/18 11:14:29 Image size of job updated: 894344
	71  -  MemoryUsage of job (MB)
	72700  -  ResidentSetSize of job (KB)
...
006 (7861663.000.000) 05/18 11:19:29 Image size of job updated: 894348
	71  -  MemoryUsage of job (MB)
	72700  -  ResidentSetSize of job (KB)
...
006 (7861663.000.000) 05/18 11:44:31 Image size of job updated: 894356
	72  -  MemoryUsage of job (MB)
	73016  -  ResidentSetSize of job (KB)
...
006 (7861663.000.000) 05/18 11:54:32 Image size of job updated: 894388
	72  -  MemoryUsage of job (MB)
	73016  -  ResidentSetSize of job (KB)
...
006 (7861663.000.000) 05/18 12:19:34 Image size of job updated: 895684
	74  -  MemoryUsage of job (MB)
	74984  -  ResidentSetSize of job (KB)
...
006 (7861663.000.000) 05/18 12:24:36 Image size of job updated: 895684
	74  -  MemoryUsage of job (MB)
	75012  -  ResidentSetSize of job (KB)
...
006 (7861663.000.000) 05/18 12:29:36 Image size of job updated: 895684
	74  -  MemoryUsage of job (MB)
	75108  -  ResidentSetSize of job (KB)
...
006 (7861663.000.000) 05/18 12:34:36 Image size of job updated: 895684
	74  -  MemoryUsage of job (MB)
	75156  -  ResidentSetSize of job (KB)
...
006 (7861663.000.000) 05/18 12:39:37 Image size of job updated: 895684
	74  -  MemoryUsage of job (MB)
	75320  -  ResidentSetSize of job (KB)
...
006 (7861663.000.000) 05/18 12:44:38 Image size of job updated: 895684
	74  -  MemoryUsage of job (MB)
	75372  -  ResidentSetSize of job (KB)
...
006 (7861663.000.000) 05/18 12:49:38 Image size of job updated: 895684
	74  -  MemoryUsage of job (MB)
	75416  -  ResidentSetSize of job (KB)
...
006 (7861663.000.000) 05/18 12:54:38 Image size of job updated: 895684
	74  -  MemoryUsage of job (MB)
	75460  -  ResidentSetSize of job (KB)
...
006 (7861663.000.000) 05/18 12:59:39 Image size of job updated: 895684
	74  -  MemoryUsage of job (MB)
	75592  -  ResidentSetSize of job (KB)
...
006 (7861663.000.000) 05/18 13:04:40 Image size of job updated: 895684
	74  -  MemoryUsage of job (MB)
	75636  -  ResidentSetSize of job (KB)
...
006 (7861663.000.000) 05/18 13:09:40 Image size of job updated: 895684
	74  -  MemoryUsage of job (MB)
	75672  -  ResidentSetSize of job (KB)
...
006 (7861663.000.000) 05/18 13:14:41 Image size of job updated: 895684
	74  -  MemoryUsage of job (MB)
	75720  -  ResidentSetSize of job (KB)
...
006 (7861663.000.000) 05/18 13:19:42 Image size of job updated: 895684
	74  -  MemoryUsage of job (MB)
	75760  -  ResidentSetSize of job (KB)
...
006 (7861663.000.000) 05/18 13:34:43 Image size of job updated: 895692
	74  -  MemoryUsage of job (MB)
	75760  -  ResidentSetSize of job (KB)
...
006 (7861663.000.000) 05/18 13:39:44 Image size of job updated: 897268
	74  -  MemoryUsage of job (MB)
	75760  -  ResidentSetSize of job (KB)
...
006 (7861663.000.000) 05/18 14:49:51 Image size of job updated: 899272
	74  -  MemoryUsage of job (MB)
	75760  -  ResidentSetSize of job (KB)
...
040 (7861663.000.000) 05/18 15:02:14 Started transferring output files
...
040 (7861663.000.000) 05/18 15:02:14 Finished transferring output files
...
005 (7861663.000.000) 05/18 15:02:14 Job terminated.
	(1) Normal termination (return value 0)
		Usr 0 00:02:09, Sys 0 00:00:18  -  Run Remote Usage
		Usr 0 00:00:00, Sys 0 00:00:00  -  Run Local Usage
		Usr 0 00:02:09, Sys 0 00:00:18  -  Total Remote Usage
		Usr 0 00:00:00, Sys 0 00:00:00  -  Total Local Usage
	12956  -  Run Bytes Sent By Job
	75079  -  Run Bytes Received By Job
	12956  -  Total Bytes Sent By Job
	75079  -  Total Bytes Received By Job
	Partitionable Resources :    Usage  Request Allocated 
	   Cpus                 :     0.01        4         4 
	   Disk (KB)            :   114         100    272340 
	   Memory (MB)          :    74        8000      8000 
...
