000 (7864615.000.000) 05/18 17:18:10 Job submitted from host: <137.138.76.70:9618?addrs=137.138.76.70-9618&alias=bigbird11.cern.ch&noUDP&sock=schedd_1756_0c65_15>
...
040 (7864615.000.000) 05/18 17:21:01 Started transferring input files
	Transferring to host: <128.142.83.12:9618?addrs=128.142.83.12-9618+[2001-1458-301-f5--100-474]-9618&alias=b7s13n5992.cern.ch&noUDP&sock=slot1_1_5513_2839_21980>
...
040 (7864615.000.000) 05/18 17:21:01 Finished transferring input files
...
001 (7864615.000.000) 05/18 17:21:01 Job executing on host: <128.142.83.12:9618?addrs=128.142.83.12-9618+[2001-1458-301-f5--100-474]-9618&alias=b7s13n5992.cern.ch&noUDP&sock=startd_4296_46f3>
...
006 (7864615.000.000) 05/18 17:21:10 Image size of job updated: 93056
	52  -  MemoryUsage of job (MB)
	52944  -  ResidentSetSize of job (KB)
...
006 (7864615.000.000) 05/18 17:26:11 Image size of job updated: 893868
	63  -  MemoryUsage of job (MB)
	63888  -  ResidentSetSize of job (KB)
...
006 (7864615.000.000) 05/18 17:31:11 Image size of job updated: 894184
	63  -  MemoryUsage of job (MB)
	64100  -  ResidentSetSize of job (KB)
...
006 (7864615.000.000) 05/18 17:36:11 Image size of job updated: 894184
	66  -  MemoryUsage of job (MB)
	67080  -  ResidentSetSize of job (KB)
...
006 (7864615.000.000) 05/18 17:41:12 Image size of job updated: 894784
	66  -  MemoryUsage of job (MB)
	67144  -  ResidentSetSize of job (KB)
...
006 (7864615.000.000) 05/18 17:46:13 Image size of job updated: 894784
	66  -  MemoryUsage of job (MB)
	67188  -  ResidentSetSize of job (KB)
...
006 (7864615.000.000) 05/18 17:51:13 Image size of job updated: 894820
	66  -  MemoryUsage of job (MB)
	67188  -  ResidentSetSize of job (KB)
...
006 (7864615.000.000) 05/18 18:01:15 Image size of job updated: 895776
	66  -  MemoryUsage of job (MB)
	67188  -  ResidentSetSize of job (KB)
...
006 (7864615.000.000) 05/18 18:11:15 Image size of job updated: 895808
	66  -  MemoryUsage of job (MB)
	67188  -  ResidentSetSize of job (KB)
...
006 (7864615.000.000) 05/18 18:16:16 Image size of job updated: 895808
	76  -  MemoryUsage of job (MB)
	77656  -  ResidentSetSize of job (KB)
...
006 (7864615.000.000) 05/18 18:21:17 Image size of job updated: 895808
	77  -  MemoryUsage of job (MB)
	77856  -  ResidentSetSize of job (KB)
...
006 (7864615.000.000) 05/18 18:26:17 Image size of job updated: 895808
	77  -  MemoryUsage of job (MB)
	77916  -  ResidentSetSize of job (KB)
...
006 (7864615.000.000) 05/18 18:31:17 Image size of job updated: 895808
	77  -  MemoryUsage of job (MB)
	77988  -  ResidentSetSize of job (KB)
...
006 (7864615.000.000) 05/18 18:36:18 Image size of job updated: 895808
	77  -  MemoryUsage of job (MB)
	78032  -  ResidentSetSize of job (KB)
...
006 (7864615.000.000) 05/18 18:41:19 Image size of job updated: 895808
	77  -  MemoryUsage of job (MB)
	78080  -  ResidentSetSize of job (KB)
...
006 (7864615.000.000) 05/18 18:46:19 Image size of job updated: 895808
	77  -  MemoryUsage of job (MB)
	78140  -  ResidentSetSize of job (KB)
...
006 (7864615.000.000) 05/18 18:51:20 Image size of job updated: 895808
	77  -  MemoryUsage of job (MB)
	78204  -  ResidentSetSize of job (KB)
...
006 (7864615.000.000) 05/18 18:56:21 Image size of job updated: 895808
	77  -  MemoryUsage of job (MB)
	78284  -  ResidentSetSize of job (KB)
...
006 (7864615.000.000) 05/18 19:01:21 Image size of job updated: 895808
	77  -  MemoryUsage of job (MB)
	78352  -  ResidentSetSize of job (KB)
...
006 (7864615.000.000) 05/18 19:06:21 Image size of job updated: 895808
	77  -  MemoryUsage of job (MB)
	78404  -  ResidentSetSize of job (KB)
...
006 (7864615.000.000) 05/18 19:16:23 Image size of job updated: 896660
	77  -  MemoryUsage of job (MB)
	78404  -  ResidentSetSize of job (KB)
...
006 (7864615.000.000) 05/18 19:41:25 Image size of job updated: 896664
	77  -  MemoryUsage of job (MB)
	78404  -  ResidentSetSize of job (KB)
...
006 (7864615.000.000) 05/18 19:51:26 Image size of job updated: 898772
	78  -  MemoryUsage of job (MB)
	79092  -  ResidentSetSize of job (KB)
...
006 (7864615.000.000) 05/18 20:01:26 Image size of job updated: 898772
	78  -  MemoryUsage of job (MB)
	79144  -  ResidentSetSize of job (KB)
...
006 (7864615.000.000) 05/18 20:16:28 Image size of job updated: 899696
	78  -  MemoryUsage of job (MB)
	79144  -  ResidentSetSize of job (KB)
...
006 (7864615.000.000) 05/18 20:36:30 Image size of job updated: 899696
	78  -  MemoryUsage of job (MB)
	79156  -  ResidentSetSize of job (KB)
...
006 (7864615.000.000) 05/18 20:41:30 Image size of job updated: 899696
	81  -  MemoryUsage of job (MB)
	82512  -  ResidentSetSize of job (KB)
...
006 (7864615.000.000) 05/18 20:51:32 Image size of job updated: 899700
	81  -  MemoryUsage of job (MB)
	82540  -  ResidentSetSize of job (KB)
...
006 (7864615.000.000) 05/18 20:56:32 Image size of job updated: 899740
	81  -  MemoryUsage of job (MB)
	82540  -  ResidentSetSize of job (KB)
...
006 (7864615.000.000) 05/18 21:01:32 Image size of job updated: 901656
	81  -  MemoryUsage of job (MB)
	82540  -  ResidentSetSize of job (KB)
...
006 (7864615.000.000) 05/18 21:51:37 Image size of job updated: 901668
	81  -  MemoryUsage of job (MB)
	82540  -  ResidentSetSize of job (KB)
...
006 (7864615.000.000) 05/18 21:56:37 Image size of job updated: 901680
	81  -  MemoryUsage of job (MB)
	82540  -  ResidentSetSize of job (KB)
...
006 (7864615.000.000) 05/18 23:41:47 Image size of job updated: 901996
	81  -  MemoryUsage of job (MB)
	82540  -  ResidentSetSize of job (KB)
...
006 (7864615.000.000) 05/18 23:46:47 Image size of job updated: 902852
	81  -  MemoryUsage of job (MB)
	82540  -  ResidentSetSize of job (KB)
...
006 (7864615.000.000) 05/18 23:51:49 Image size of job updated: 902872
	81  -  MemoryUsage of job (MB)
	82540  -  ResidentSetSize of job (KB)
...
006 (7864615.000.000) 05/19 00:36:53 Image size of job updated: 906960
	81  -  MemoryUsage of job (MB)
	82540  -  ResidentSetSize of job (KB)
...
006 (7864615.000.000) 05/19 00:41:53 Image size of job updated: 906984
	81  -  MemoryUsage of job (MB)
	82540  -  ResidentSetSize of job (KB)
...
006 (7864615.000.000) 05/19 01:41:59 Image size of job updated: 906988
	81  -  MemoryUsage of job (MB)
	82540  -  ResidentSetSize of job (KB)
...
006 (7864615.000.000) 05/19 03:02:08 Image size of job updated: 907016
	81  -  MemoryUsage of job (MB)
	82540  -  ResidentSetSize of job (KB)
...
006 (7864615.000.000) 05/19 04:57:21 Image size of job updated: 907016
	81  -  MemoryUsage of job (MB)
	82908  -  ResidentSetSize of job (KB)
...
006 (7864615.000.000) 05/19 05:37:25 Image size of job updated: 908220
	81  -  MemoryUsage of job (MB)
	82908  -  ResidentSetSize of job (KB)
...
006 (7864615.000.000) 05/19 05:42:25 Image size of job updated: 908220
	82  -  MemoryUsage of job (MB)
	83348  -  ResidentSetSize of job (KB)
...
006 (7864615.000.000) 05/19 06:12:28 Image size of job updated: 908220
	82  -  MemoryUsage of job (MB)
	83516  -  ResidentSetSize of job (KB)
...
006 (7864615.000.000) 05/19 06:52:32 Image size of job updated: 908220
	82  -  MemoryUsage of job (MB)
	83936  -  ResidentSetSize of job (KB)
...
006 (7864615.000.000) 05/19 07:32:36 Image size of job updated: 908220
	82  -  MemoryUsage of job (MB)
	83956  -  ResidentSetSize of job (KB)
...
006 (7864615.000.000) 05/19 07:37:37 Image size of job updated: 908220
	83  -  MemoryUsage of job (MB)
	84020  -  ResidentSetSize of job (KB)
...
006 (7864615.000.000) 05/19 07:42:37 Image size of job updated: 915120
	83  -  MemoryUsage of job (MB)
	84660  -  ResidentSetSize of job (KB)
...
006 (7864615.000.000) 05/19 07:47:37 Image size of job updated: 916360
	83  -  MemoryUsage of job (MB)
	84892  -  ResidentSetSize of job (KB)
...
006 (7864615.000.000) 05/19 07:52:38 Image size of job updated: 916360
	84  -  MemoryUsage of job (MB)
	85044  -  ResidentSetSize of job (KB)
...
006 (7864615.000.000) 05/19 07:57:39 Image size of job updated: 916360
	84  -  MemoryUsage of job (MB)
	85780  -  ResidentSetSize of job (KB)
...
006 (7864615.000.000) 05/19 08:02:39 Image size of job updated: 916360
	84  -  MemoryUsage of job (MB)
	85852  -  ResidentSetSize of job (KB)
...
006 (7864615.000.000) 05/19 08:07:39 Image size of job updated: 916360
	84  -  MemoryUsage of job (MB)
	86012  -  ResidentSetSize of job (KB)
...
006 (7864615.000.000) 05/19 08:12:40 Image size of job updated: 916360
	85  -  MemoryUsage of job (MB)
	86064  -  ResidentSetSize of job (KB)
...
006 (7864615.000.000) 05/19 08:17:41 Image size of job updated: 916360
	85  -  MemoryUsage of job (MB)
	86128  -  ResidentSetSize of job (KB)
...
006 (7864615.000.000) 05/19 08:22:41 Image size of job updated: 916360
	85  -  MemoryUsage of job (MB)
	86180  -  ResidentSetSize of job (KB)
...
006 (7864615.000.000) 05/19 08:27:41 Image size of job updated: 916360
	85  -  MemoryUsage of job (MB)
	86228  -  ResidentSetSize of job (KB)
...
006 (7864615.000.000) 05/19 08:32:42 Image size of job updated: 916360
	85  -  MemoryUsage of job (MB)
	86320  -  ResidentSetSize of job (KB)
...
006 (7864615.000.000) 05/19 08:37:43 Image size of job updated: 916360
	85  -  MemoryUsage of job (MB)
	86388  -  ResidentSetSize of job (KB)
...
006 (7864615.000.000) 05/19 08:42:43 Image size of job updated: 916360
	85  -  MemoryUsage of job (MB)
	86440  -  ResidentSetSize of job (KB)
...
006 (7864615.000.000) 05/19 08:47:44 Image size of job updated: 916360
	85  -  MemoryUsage of job (MB)
	86492  -  ResidentSetSize of job (KB)
...
006 (7864615.000.000) 05/19 08:52:45 Image size of job updated: 916360
	85  -  MemoryUsage of job (MB)
	86544  -  ResidentSetSize of job (KB)
...
006 (7864615.000.000) 05/19 08:57:45 Image size of job updated: 916360
	85  -  MemoryUsage of job (MB)
	86588  -  ResidentSetSize of job (KB)
...
006 (7864615.000.000) 05/19 09:02:45 Image size of job updated: 916360
	85  -  MemoryUsage of job (MB)
	86668  -  ResidentSetSize of job (KB)
...
006 (7864615.000.000) 05/19 09:07:46 Image size of job updated: 916360
	85  -  MemoryUsage of job (MB)
	86716  -  ResidentSetSize of job (KB)
...
006 (7864615.000.000) 05/19 09:12:47 Image size of job updated: 916360
	85  -  MemoryUsage of job (MB)
	87016  -  ResidentSetSize of job (KB)
...
006 (7864615.000.000) 05/19 09:17:47 Image size of job updated: 916360
	86  -  MemoryUsage of job (MB)
	87068  -  ResidentSetSize of job (KB)
...
006 (7864615.000.000) 05/19 09:22:47 Image size of job updated: 916360
	86  -  MemoryUsage of job (MB)
	87124  -  ResidentSetSize of job (KB)
...
006 (7864615.000.000) 05/19 09:27:48 Image size of job updated: 916360
	86  -  MemoryUsage of job (MB)
	87168  -  ResidentSetSize of job (KB)
...
006 (7864615.000.000) 05/19 09:32:49 Image size of job updated: 916360
	86  -  MemoryUsage of job (MB)
	87232  -  ResidentSetSize of job (KB)
...
006 (7864615.000.000) 05/19 09:37:49 Image size of job updated: 916360
	86  -  MemoryUsage of job (MB)
	87308  -  ResidentSetSize of job (KB)
...
006 (7864615.000.000) 05/19 09:42:49 Image size of job updated: 916360
	86  -  MemoryUsage of job (MB)
	87352  -  ResidentSetSize of job (KB)
...
006 (7864615.000.000) 05/19 09:47:50 Image size of job updated: 916360
	86  -  MemoryUsage of job (MB)
	87404  -  ResidentSetSize of job (KB)
...
006 (7864615.000.000) 05/19 09:52:51 Image size of job updated: 916360
	86  -  MemoryUsage of job (MB)
	87496  -  ResidentSetSize of job (KB)
...
006 (7864615.000.000) 05/19 09:57:51 Image size of job updated: 916360
	86  -  MemoryUsage of job (MB)
	87544  -  ResidentSetSize of job (KB)
...
006 (7864615.000.000) 05/19 10:02:51 Image size of job updated: 916360
	86  -  MemoryUsage of job (MB)
	87600  -  ResidentSetSize of job (KB)
...
006 (7864615.000.000) 05/19 10:07:52 Image size of job updated: 916360
	86  -  MemoryUsage of job (MB)
	87660  -  ResidentSetSize of job (KB)
...
006 (7864615.000.000) 05/19 10:12:54 Image size of job updated: 916360
	86  -  MemoryUsage of job (MB)
	87712  -  ResidentSetSize of job (KB)
...
006 (7864615.000.000) 05/19 10:17:54 Image size of job updated: 916360
	86  -  MemoryUsage of job (MB)
	87764  -  ResidentSetSize of job (KB)
...
006 (7864615.000.000) 05/19 10:22:54 Image size of job updated: 916360
	86  -  MemoryUsage of job (MB)
	87896  -  ResidentSetSize of job (KB)
...
006 (7864615.000.000) 05/19 10:27:55 Image size of job updated: 916360
	86  -  MemoryUsage of job (MB)
	87960  -  ResidentSetSize of job (KB)
...
006 (7864615.000.000) 05/19 10:32:57 Image size of job updated: 916360
	86  -  MemoryUsage of job (MB)
	88004  -  ResidentSetSize of job (KB)
...
006 (7864615.000.000) 05/19 10:37:57 Image size of job updated: 916360
	86  -  MemoryUsage of job (MB)
	88060  -  ResidentSetSize of job (KB)
...
006 (7864615.000.000) 05/19 10:42:57 Image size of job updated: 916360
	87  -  MemoryUsage of job (MB)
	88104  -  ResidentSetSize of job (KB)
...
006 (7864615.000.000) 05/19 10:47:57 Image size of job updated: 916360
	87  -  MemoryUsage of job (MB)
	88156  -  ResidentSetSize of job (KB)
...
006 (7864615.000.000) 05/19 10:52:58 Image size of job updated: 916360
	87  -  MemoryUsage of job (MB)
	88216  -  ResidentSetSize of job (KB)
...
006 (7864615.000.000) 05/19 10:57:59 Image size of job updated: 916360
	87  -  MemoryUsage of job (MB)
	88276  -  ResidentSetSize of job (KB)
...
006 (7864615.000.000) 05/19 11:02:59 Image size of job updated: 916360
	87  -  MemoryUsage of job (MB)
	88332  -  ResidentSetSize of job (KB)
...
006 (7864615.000.000) 05/19 11:07:59 Image size of job updated: 916360
	87  -  MemoryUsage of job (MB)
	88380  -  ResidentSetSize of job (KB)
...
006 (7864615.000.000) 05/19 11:13:01 Image size of job updated: 916360
	87  -  MemoryUsage of job (MB)
	88440  -  ResidentSetSize of job (KB)
...
006 (7864615.000.000) 05/19 11:18:01 Image size of job updated: 916360
	87  -  MemoryUsage of job (MB)
	88536  -  ResidentSetSize of job (KB)
...
006 (7864615.000.000) 05/19 11:23:01 Image size of job updated: 916360
	87  -  MemoryUsage of job (MB)
	88580  -  ResidentSetSize of job (KB)
...
006 (7864615.000.000) 05/19 11:28:01 Image size of job updated: 916360
	87  -  MemoryUsage of job (MB)
	88660  -  ResidentSetSize of job (KB)
...
006 (7864615.000.000) 05/19 11:33:02 Image size of job updated: 916360
	87  -  MemoryUsage of job (MB)
	88708  -  ResidentSetSize of job (KB)
...
006 (7864615.000.000) 05/19 11:38:02 Image size of job updated: 916360
	87  -  MemoryUsage of job (MB)
	88764  -  ResidentSetSize of job (KB)
...
006 (7864615.000.000) 05/19 11:43:02 Image size of job updated: 916360
	87  -  MemoryUsage of job (MB)
	88820  -  ResidentSetSize of job (KB)
...
006 (7864615.000.000) 05/19 11:48:04 Image size of job updated: 916360
	87  -  MemoryUsage of job (MB)
	88872  -  ResidentSetSize of job (KB)
...
006 (7864615.000.000) 05/19 11:53:04 Image size of job updated: 916360
	87  -  MemoryUsage of job (MB)
	88972  -  ResidentSetSize of job (KB)
...
006 (7864615.000.000) 05/19 11:58:04 Image size of job updated: 916360
	87  -  MemoryUsage of job (MB)
	89020  -  ResidentSetSize of job (KB)
...
006 (7864615.000.000) 05/19 12:03:05 Image size of job updated: 916360
	87  -  MemoryUsage of job (MB)
	89072  -  ResidentSetSize of job (KB)
...
006 (7864615.000.000) 05/19 12:08:06 Image size of job updated: 916360
	88  -  MemoryUsage of job (MB)
	89132  -  ResidentSetSize of job (KB)
...
006 (7864615.000.000) 05/19 12:13:07 Image size of job updated: 916360
	88  -  MemoryUsage of job (MB)
	89176  -  ResidentSetSize of job (KB)
...
006 (7864615.000.000) 05/19 12:18:08 Image size of job updated: 916360
	88  -  MemoryUsage of job (MB)
	89228  -  ResidentSetSize of job (KB)
...
006 (7864615.000.000) 05/19 12:23:08 Image size of job updated: 916360
	88  -  MemoryUsage of job (MB)
	89280  -  ResidentSetSize of job (KB)
...
