000 (7861632.000.000) 05/18 09:48:13 Job submitted from host: <137.138.76.70:9618?addrs=137.138.76.70-9618&alias=bigbird11.cern.ch&noUDP&sock=schedd_1756_0c65_15>
...
040 (7861632.000.000) 05/18 09:51:33 Started transferring input files
	Transferring to host: <128.142.85.191:9618?addrs=128.142.85.191-9618+[2001-1458-301-f6--100-456]-9618&alias=b7s14n1479.cern.ch&noUDP&sock=slot1_7_16696_97a0_75160>
...
040 (7861632.000.000) 05/18 09:51:33 Finished transferring input files
...
001 (7861632.000.000) 05/18 09:51:33 Job executing on host: <128.142.85.191:9618?addrs=128.142.85.191-9618+[2001-1458-301-f6--100-456]-9618&alias=b7s14n1479.cern.ch&noUDP&sock=startd_16707_30db>
...
006 (7861632.000.000) 05/18 09:51:42 Image size of job updated: 127464
	52  -  MemoryUsage of job (MB)
	52952  -  ResidentSetSize of job (KB)
...
006 (7861632.000.000) 05/18 09:56:43 Image size of job updated: 895092
	63  -  MemoryUsage of job (MB)
	64304  -  ResidentSetSize of job (KB)
...
006 (7861632.000.000) 05/18 10:01:44 Image size of job updated: 895092
	66  -  MemoryUsage of job (MB)
	67460  -  ResidentSetSize of job (KB)
...
006 (7861632.000.000) 05/18 10:06:44 Image size of job updated: 895092
	67  -  MemoryUsage of job (MB)
	67652  -  ResidentSetSize of job (KB)
...
006 (7861632.000.000) 05/18 10:11:44 Image size of job updated: 896792
	67  -  MemoryUsage of job (MB)
	67652  -  ResidentSetSize of job (KB)
...
006 (7861632.000.000) 05/18 10:31:46 Image size of job updated: 896792
	72  -  MemoryUsage of job (MB)
	73436  -  ResidentSetSize of job (KB)
...
006 (7861632.000.000) 05/18 10:36:47 Image size of job updated: 897260
	76  -  MemoryUsage of job (MB)
	77660  -  ResidentSetSize of job (KB)
...
006 (7861632.000.000) 05/18 10:41:48 Image size of job updated: 897316
	76  -  MemoryUsage of job (MB)
	77660  -  ResidentSetSize of job (KB)
...
006 (7861632.000.000) 05/18 10:51:49 Image size of job updated: 897316
	76  -  MemoryUsage of job (MB)
	77692  -  ResidentSetSize of job (KB)
...
006 (7861632.000.000) 05/18 10:56:50 Image size of job updated: 897320
	76  -  MemoryUsage of job (MB)
	77692  -  ResidentSetSize of job (KB)
...
006 (7861632.000.000) 05/18 11:06:50 Image size of job updated: 898496
	76  -  MemoryUsage of job (MB)
	77692  -  ResidentSetSize of job (KB)
...
006 (7861632.000.000) 05/18 11:11:51 Image size of job updated: 898576
	76  -  MemoryUsage of job (MB)
	77692  -  ResidentSetSize of job (KB)
...
006 (7861632.000.000) 05/18 12:06:57 Image size of job updated: 901440
	76  -  MemoryUsage of job (MB)
	77692  -  ResidentSetSize of job (KB)
...
006 (7861632.000.000) 05/18 12:37:01 Image size of job updated: 901452
	76  -  MemoryUsage of job (MB)
	77692  -  ResidentSetSize of job (KB)
...
006 (7861632.000.000) 05/18 12:42:01 Image size of job updated: 901460
	76  -  MemoryUsage of job (MB)
	77692  -  ResidentSetSize of job (KB)
...
006 (7861632.000.000) 05/18 12:52:02 Image size of job updated: 902680
	79  -  MemoryUsage of job (MB)
	80516  -  ResidentSetSize of job (KB)
...
006 (7861632.000.000) 05/18 13:02:03 Image size of job updated: 903760
	79  -  MemoryUsage of job (MB)
	80720  -  ResidentSetSize of job (KB)
...
006 (7861632.000.000) 05/18 13:22:05 Image size of job updated: 903760
	80  -  MemoryUsage of job (MB)
	80972  -  ResidentSetSize of job (KB)
...
006 (7861632.000.000) 05/18 13:27:06 Image size of job updated: 903760
	80  -  MemoryUsage of job (MB)
	81252  -  ResidentSetSize of job (KB)
...
006 (7861632.000.000) 05/18 13:42:07 Image size of job updated: 903760
	80  -  MemoryUsage of job (MB)
	81368  -  ResidentSetSize of job (KB)
...
006 (7861632.000.000) 05/18 13:47:08 Image size of job updated: 903764
	80  -  MemoryUsage of job (MB)
	81368  -  ResidentSetSize of job (KB)
...
006 (7861632.000.000) 05/18 13:52:08 Image size of job updated: 903776
	84  -  MemoryUsage of job (MB)
	85116  -  ResidentSetSize of job (KB)
...
006 (7861632.000.000) 05/18 13:57:08 Image size of job updated: 903808
	84  -  MemoryUsage of job (MB)
	85116  -  ResidentSetSize of job (KB)
...
006 (7861632.000.000) 05/18 14:07:10 Image size of job updated: 904844
	84  -  MemoryUsage of job (MB)
	85436  -  ResidentSetSize of job (KB)
...
006 (7861632.000.000) 05/18 14:12:10 Image size of job updated: 905016
	84  -  MemoryUsage of job (MB)
	85436  -  ResidentSetSize of job (KB)
...
006 (7861632.000.000) 05/18 14:17:11 Image size of job updated: 909120
	84  -  MemoryUsage of job (MB)
	85436  -  ResidentSetSize of job (KB)
...
006 (7861632.000.000) 05/18 14:37:13 Image size of job updated: 909120
	84  -  MemoryUsage of job (MB)
	85848  -  ResidentSetSize of job (KB)
...
006 (7861632.000.000) 05/18 14:47:14 Image size of job updated: 909120
	85  -  MemoryUsage of job (MB)
	86120  -  ResidentSetSize of job (KB)
...
006 (7861632.000.000) 05/18 14:57:16 Image size of job updated: 909128
	85  -  MemoryUsage of job (MB)
	86120  -  ResidentSetSize of job (KB)
...
006 (7861632.000.000) 05/18 15:07:16 Image size of job updated: 909128
	85  -  MemoryUsage of job (MB)
	86160  -  ResidentSetSize of job (KB)
...
006 (7861632.000.000) 05/18 15:22:17 Image size of job updated: 909128
	85  -  MemoryUsage of job (MB)
	86416  -  ResidentSetSize of job (KB)
...
006 (7861632.000.000) 05/18 15:32:19 Image size of job updated: 909128
	85  -  MemoryUsage of job (MB)
	86848  -  ResidentSetSize of job (KB)
...
006 (7861632.000.000) 05/18 15:37:19 Image size of job updated: 909128
	85  -  MemoryUsage of job (MB)
	86924  -  ResidentSetSize of job (KB)
...
006 (7861632.000.000) 05/18 15:52:20 Image size of job updated: 909128
	89  -  MemoryUsage of job (MB)
	90644  -  ResidentSetSize of job (KB)
...
006 (7861632.000.000) 05/18 15:57:20 Image size of job updated: 909128
	89  -  MemoryUsage of job (MB)
	90724  -  ResidentSetSize of job (KB)
...
006 (7861632.000.000) 05/18 16:02:21 Image size of job updated: 912544
	89  -  MemoryUsage of job (MB)
	90808  -  ResidentSetSize of job (KB)
...
006 (7861632.000.000) 05/18 16:07:22 Image size of job updated: 912716
	89  -  MemoryUsage of job (MB)
	90864  -  ResidentSetSize of job (KB)
...
006 (7861632.000.000) 05/18 16:12:22 Image size of job updated: 912716
	89  -  MemoryUsage of job (MB)
	90944  -  ResidentSetSize of job (KB)
...
006 (7861632.000.000) 05/18 16:17:23 Image size of job updated: 912716
	89  -  MemoryUsage of job (MB)
	91020  -  ResidentSetSize of job (KB)
...
006 (7861632.000.000) 05/18 16:22:25 Image size of job updated: 912716
	89  -  MemoryUsage of job (MB)
	91104  -  ResidentSetSize of job (KB)
...
006 (7861632.000.000) 05/18 16:27:25 Image size of job updated: 912716
	90  -  MemoryUsage of job (MB)
	91344  -  ResidentSetSize of job (KB)
...
006 (7861632.000.000) 05/18 16:37:26 Image size of job updated: 912744
	90  -  MemoryUsage of job (MB)
	91344  -  ResidentSetSize of job (KB)
...
006 (7861632.000.000) 05/18 16:52:27 Image size of job updated: 912744
	90  -  MemoryUsage of job (MB)
	91592  -  ResidentSetSize of job (KB)
...
006 (7861632.000.000) 05/18 16:57:28 Image size of job updated: 912744
	90  -  MemoryUsage of job (MB)
	91688  -  ResidentSetSize of job (KB)
...
006 (7861632.000.000) 05/18 17:02:29 Image size of job updated: 912744
	90  -  MemoryUsage of job (MB)
	91760  -  ResidentSetSize of job (KB)
...
006 (7861632.000.000) 05/18 17:07:29 Image size of job updated: 912744
	90  -  MemoryUsage of job (MB)
	91848  -  ResidentSetSize of job (KB)
...
006 (7861632.000.000) 05/18 17:12:29 Image size of job updated: 912744
	94  -  MemoryUsage of job (MB)
	95536  -  ResidentSetSize of job (KB)
...
006 (7861632.000.000) 05/18 17:57:37 Image size of job updated: 912744
	95  -  MemoryUsage of job (MB)
	96272  -  ResidentSetSize of job (KB)
...
006 (7861632.000.000) 05/18 18:27:39 Image size of job updated: 917280
	95  -  MemoryUsage of job (MB)
	96272  -  ResidentSetSize of job (KB)
...
006 (7861632.000.000) 05/18 18:32:39 Image size of job updated: 920864
	95  -  MemoryUsage of job (MB)
	96816  -  ResidentSetSize of job (KB)
...
006 (7861632.000.000) 05/18 18:37:40 Image size of job updated: 920864
	95  -  MemoryUsage of job (MB)
	96908  -  ResidentSetSize of job (KB)
...
006 (7861632.000.000) 05/18 18:42:41 Image size of job updated: 920864
	95  -  MemoryUsage of job (MB)
	97012  -  ResidentSetSize of job (KB)
...
006 (7861632.000.000) 05/18 18:47:41 Image size of job updated: 920864
	95  -  MemoryUsage of job (MB)
	97116  -  ResidentSetSize of job (KB)
...
006 (7861632.000.000) 05/18 18:52:41 Image size of job updated: 920864
	95  -  MemoryUsage of job (MB)
	97196  -  ResidentSetSize of job (KB)
...
006 (7861632.000.000) 05/18 18:57:42 Image size of job updated: 920864
	95  -  MemoryUsage of job (MB)
	97280  -  ResidentSetSize of job (KB)
...
006 (7861632.000.000) 05/18 19:02:43 Image size of job updated: 920864
	96  -  MemoryUsage of job (MB)
	97372  -  ResidentSetSize of job (KB)
...
006 (7861632.000.000) 05/18 19:07:43 Image size of job updated: 920864
	96  -  MemoryUsage of job (MB)
	97452  -  ResidentSetSize of job (KB)
...
006 (7861632.000.000) 05/18 19:12:43 Image size of job updated: 920864
	96  -  MemoryUsage of job (MB)
	97536  -  ResidentSetSize of job (KB)
...
006 (7861632.000.000) 05/18 19:17:44 Image size of job updated: 920864
	96  -  MemoryUsage of job (MB)
	97628  -  ResidentSetSize of job (KB)
...
006 (7861632.000.000) 05/18 19:22:45 Image size of job updated: 920864
	96  -  MemoryUsage of job (MB)
	97712  -  ResidentSetSize of job (KB)
...
006 (7861632.000.000) 05/18 19:27:45 Image size of job updated: 920864
	96  -  MemoryUsage of job (MB)
	97792  -  ResidentSetSize of job (KB)
...
006 (7861632.000.000) 05/18 19:32:45 Image size of job updated: 920864
	96  -  MemoryUsage of job (MB)
	97880  -  ResidentSetSize of job (KB)
...
006 (7861632.000.000) 05/18 19:37:46 Image size of job updated: 920864
	96  -  MemoryUsage of job (MB)
	97980  -  ResidentSetSize of job (KB)
...
006 (7861632.000.000) 05/18 19:42:47 Image size of job updated: 920864
	96  -  MemoryUsage of job (MB)
	98068  -  ResidentSetSize of job (KB)
...
006 (7861632.000.000) 05/18 19:47:47 Image size of job updated: 920864
	96  -  MemoryUsage of job (MB)
	98176  -  ResidentSetSize of job (KB)
...
006 (7861632.000.000) 05/18 19:52:48 Image size of job updated: 920864
	96  -  MemoryUsage of job (MB)
	98248  -  ResidentSetSize of job (KB)
...
006 (7861632.000.000) 05/18 19:57:49 Image size of job updated: 920864
	97  -  MemoryUsage of job (MB)
	98344  -  ResidentSetSize of job (KB)
...
006 (7861632.000.000) 05/18 20:02:49 Image size of job updated: 920864
	97  -  MemoryUsage of job (MB)
	98424  -  ResidentSetSize of job (KB)
...
006 (7861632.000.000) 05/18 20:07:49 Image size of job updated: 920864
	97  -  MemoryUsage of job (MB)
	98512  -  ResidentSetSize of job (KB)
...
006 (7861632.000.000) 05/18 20:12:50 Image size of job updated: 920864
	97  -  MemoryUsage of job (MB)
	98620  -  ResidentSetSize of job (KB)
...
006 (7861632.000.000) 05/18 20:17:51 Image size of job updated: 920864
	97  -  MemoryUsage of job (MB)
	98704  -  ResidentSetSize of job (KB)
...
006 (7861632.000.000) 05/18 20:22:51 Image size of job updated: 920864
	97  -  MemoryUsage of job (MB)
	98784  -  ResidentSetSize of job (KB)
...
006 (7861632.000.000) 05/18 20:27:51 Image size of job updated: 920864
	97  -  MemoryUsage of job (MB)
	98896  -  ResidentSetSize of job (KB)
...
006 (7861632.000.000) 05/18 20:32:52 Image size of job updated: 920864
	97  -  MemoryUsage of job (MB)
	98980  -  ResidentSetSize of job (KB)
...
006 (7861632.000.000) 05/18 20:37:53 Image size of job updated: 920864
	97  -  MemoryUsage of job (MB)
	99064  -  ResidentSetSize of job (KB)
...
006 (7861632.000.000) 05/18 20:42:53 Image size of job updated: 920864
	97  -  MemoryUsage of job (MB)
	99140  -  ResidentSetSize of job (KB)
...
006 (7861632.000.000) 05/18 20:47:53 Image size of job updated: 920864
	97  -  MemoryUsage of job (MB)
	99236  -  ResidentSetSize of job (KB)
...
006 (7861632.000.000) 05/18 20:52:54 Image size of job updated: 920864
	97  -  MemoryUsage of job (MB)
	99324  -  ResidentSetSize of job (KB)
...
006 (7861632.000.000) 05/18 20:57:55 Image size of job updated: 920864
	98  -  MemoryUsage of job (MB)
	99408  -  ResidentSetSize of job (KB)
...
006 (7861632.000.000) 05/18 21:02:55 Image size of job updated: 920864
	98  -  MemoryUsage of job (MB)
	99484  -  ResidentSetSize of job (KB)
...
006 (7861632.000.000) 05/18 21:07:55 Image size of job updated: 920864
	98  -  MemoryUsage of job (MB)
	99572  -  ResidentSetSize of job (KB)
...
006 (7861632.000.000) 05/18 21:12:57 Image size of job updated: 920864
	98  -  MemoryUsage of job (MB)
	99652  -  ResidentSetSize of job (KB)
...
006 (7861632.000.000) 05/18 21:17:57 Image size of job updated: 920864
	98  -  MemoryUsage of job (MB)
	99724  -  ResidentSetSize of job (KB)
...
006 (7861632.000.000) 05/18 21:22:57 Image size of job updated: 920864
	98  -  MemoryUsage of job (MB)
	99800  -  ResidentSetSize of job (KB)
...
006 (7861632.000.000) 05/18 21:27:58 Image size of job updated: 920864
	98  -  MemoryUsage of job (MB)
	99888  -  ResidentSetSize of job (KB)
...
006 (7861632.000.000) 05/18 21:33:00 Image size of job updated: 920864
	98  -  MemoryUsage of job (MB)
	99968  -  ResidentSetSize of job (KB)
...
006 (7861632.000.000) 05/18 21:38:00 Image size of job updated: 920864
	98  -  MemoryUsage of job (MB)
	100048  -  ResidentSetSize of job (KB)
...
006 (7861632.000.000) 05/18 21:43:00 Image size of job updated: 920864
	98  -  MemoryUsage of job (MB)
	100128  -  ResidentSetSize of job (KB)
...
006 (7861632.000.000) 05/18 21:48:01 Image size of job updated: 920864
	98  -  MemoryUsage of job (MB)
	100208  -  ResidentSetSize of job (KB)
...
006 (7861632.000.000) 05/18 21:53:02 Image size of job updated: 920864
	98  -  MemoryUsage of job (MB)
	100292  -  ResidentSetSize of job (KB)
...
006 (7861632.000.000) 05/18 21:58:02 Image size of job updated: 920864
	99  -  MemoryUsage of job (MB)
	100368  -  ResidentSetSize of job (KB)
...
006 (7861632.000.000) 05/18 22:03:02 Image size of job updated: 920864
	99  -  MemoryUsage of job (MB)
	100456  -  ResidentSetSize of job (KB)
...
006 (7861632.000.000) 05/18 22:08:03 Image size of job updated: 920864
	99  -  MemoryUsage of job (MB)
	100540  -  ResidentSetSize of job (KB)
...
006 (7861632.000.000) 05/18 22:13:04 Image size of job updated: 920864
	99  -  MemoryUsage of job (MB)
	100616  -  ResidentSetSize of job (KB)
...
006 (7861632.000.000) 05/18 22:18:04 Image size of job updated: 920864
	99  -  MemoryUsage of job (MB)
	100692  -  ResidentSetSize of job (KB)
...
006 (7861632.000.000) 05/18 22:23:04 Image size of job updated: 920864
	99  -  MemoryUsage of job (MB)
	100772  -  ResidentSetSize of job (KB)
...
006 (7861632.000.000) 05/18 22:28:05 Image size of job updated: 920864
	99  -  MemoryUsage of job (MB)
	100868  -  ResidentSetSize of job (KB)
...
006 (7861632.000.000) 05/18 22:33:06 Image size of job updated: 920864
	99  -  MemoryUsage of job (MB)
	100948  -  ResidentSetSize of job (KB)
...
006 (7861632.000.000) 05/18 22:38:06 Image size of job updated: 920864
	99  -  MemoryUsage of job (MB)
	101024  -  ResidentSetSize of job (KB)
...
006 (7861632.000.000) 05/18 22:43:06 Image size of job updated: 920864
	99  -  MemoryUsage of job (MB)
	101108  -  ResidentSetSize of job (KB)
...
006 (7861632.000.000) 05/18 22:48:07 Image size of job updated: 920864
	99  -  MemoryUsage of job (MB)
	101184  -  ResidentSetSize of job (KB)
...
006 (7861632.000.000) 05/18 22:53:08 Image size of job updated: 920864
	99  -  MemoryUsage of job (MB)
	101232  -  ResidentSetSize of job (KB)
...
006 (7861632.000.000) 05/18 22:58:08 Image size of job updated: 920864
	99  -  MemoryUsage of job (MB)
	101308  -  ResidentSetSize of job (KB)
...
006 (7861632.000.000) 05/18 23:03:08 Image size of job updated: 924368
	100  -  MemoryUsage of job (MB)
	101392  -  ResidentSetSize of job (KB)
...
006 (7861632.000.000) 05/18 23:08:09 Image size of job updated: 924536
	103  -  MemoryUsage of job (MB)
	105116  -  ResidentSetSize of job (KB)
...
006 (7861632.000.000) 05/18 23:13:10 Image size of job updated: 924536
	103  -  MemoryUsage of job (MB)
	105200  -  ResidentSetSize of job (KB)
...
006 (7861632.000.000) 05/18 23:18:10 Image size of job updated: 924536
	103  -  MemoryUsage of job (MB)
	105276  -  ResidentSetSize of job (KB)
...
006 (7861632.000.000) 05/18 23:23:10 Image size of job updated: 924536
	103  -  MemoryUsage of job (MB)
	105356  -  ResidentSetSize of job (KB)
...
006 (7861632.000.000) 05/18 23:28:11 Image size of job updated: 924536
	103  -  MemoryUsage of job (MB)
	105436  -  ResidentSetSize of job (KB)
...
006 (7861632.000.000) 05/18 23:33:12 Image size of job updated: 924536
	104  -  MemoryUsage of job (MB)
	105516  -  ResidentSetSize of job (KB)
...
006 (7861632.000.000) 05/18 23:38:12 Image size of job updated: 928064
	107  -  MemoryUsage of job (MB)
	109140  -  ResidentSetSize of job (KB)
...
006 (7861632.000.000) 05/18 23:43:12 Image size of job updated: 928064
	107  -  MemoryUsage of job (MB)
	109228  -  ResidentSetSize of job (KB)
...
006 (7861632.000.000) 05/18 23:48:13 Image size of job updated: 928064
	107  -  MemoryUsage of job (MB)
	109312  -  ResidentSetSize of job (KB)
...
006 (7861632.000.000) 05/18 23:53:14 Image size of job updated: 928064
	107  -  MemoryUsage of job (MB)
	109396  -  ResidentSetSize of job (KB)
...
006 (7861632.000.000) 05/18 23:58:14 Image size of job updated: 928064
	107  -  MemoryUsage of job (MB)
	109476  -  ResidentSetSize of job (KB)
...
006 (7861632.000.000) 05/19 00:03:15 Image size of job updated: 928064
	107  -  MemoryUsage of job (MB)
	109568  -  ResidentSetSize of job (KB)
...
006 (7861632.000.000) 05/19 00:08:16 Image size of job updated: 928064
	108  -  MemoryUsage of job (MB)
	109668  -  ResidentSetSize of job (KB)
...
006 (7861632.000.000) 05/19 00:13:16 Image size of job updated: 928064
	108  -  MemoryUsage of job (MB)
	109756  -  ResidentSetSize of job (KB)
...
006 (7861632.000.000) 05/19 00:18:16 Image size of job updated: 928064
	108  -  MemoryUsage of job (MB)
	109836  -  ResidentSetSize of job (KB)
...
006 (7861632.000.000) 05/19 00:23:17 Image size of job updated: 928064
	108  -  MemoryUsage of job (MB)
	109924  -  ResidentSetSize of job (KB)
...
006 (7861632.000.000) 05/19 00:28:18 Image size of job updated: 928064
	108  -  MemoryUsage of job (MB)
	110008  -  ResidentSetSize of job (KB)
...
006 (7861632.000.000) 05/19 00:33:18 Image size of job updated: 928064
	108  -  MemoryUsage of job (MB)
	110116  -  ResidentSetSize of job (KB)
...
006 (7861632.000.000) 05/19 00:38:18 Image size of job updated: 928064
	108  -  MemoryUsage of job (MB)
	110200  -  ResidentSetSize of job (KB)
...
006 (7861632.000.000) 05/19 00:43:18 Image size of job updated: 928064
	108  -  MemoryUsage of job (MB)
	110300  -  ResidentSetSize of job (KB)
...
006 (7861632.000.000) 05/19 00:48:19 Image size of job updated: 928064
	108  -  MemoryUsage of job (MB)
	110388  -  ResidentSetSize of job (KB)
...
006 (7861632.000.000) 05/19 00:53:20 Image size of job updated: 928064
	108  -  MemoryUsage of job (MB)
	110472  -  ResidentSetSize of job (KB)
...
006 (7861632.000.000) 05/19 00:58:20 Image size of job updated: 928064
	108  -  MemoryUsage of job (MB)
	110552  -  ResidentSetSize of job (KB)
...
006 (7861632.000.000) 05/19 01:03:20 Image size of job updated: 928064
	109  -  MemoryUsage of job (MB)
	110664  -  ResidentSetSize of job (KB)
...
006 (7861632.000.000) 05/19 01:08:21 Image size of job updated: 931660
	112  -  MemoryUsage of job (MB)
	114312  -  ResidentSetSize of job (KB)
...
006 (7861632.000.000) 05/19 01:13:22 Image size of job updated: 931660
	112  -  MemoryUsage of job (MB)
	114456  -  ResidentSetSize of job (KB)
...
006 (7861632.000.000) 05/19 01:18:22 Image size of job updated: 931660
	112  -  MemoryUsage of job (MB)
	114540  -  ResidentSetSize of job (KB)
...
006 (7861632.000.000) 05/19 01:23:22 Image size of job updated: 931660
	112  -  MemoryUsage of job (MB)
	114620  -  ResidentSetSize of job (KB)
...
006 (7861632.000.000) 05/19 01:28:23 Image size of job updated: 931660
	113  -  MemoryUsage of job (MB)
	114700  -  ResidentSetSize of job (KB)
...
006 (7861632.000.000) 05/19 01:33:24 Image size of job updated: 931660
	113  -  MemoryUsage of job (MB)
	114780  -  ResidentSetSize of job (KB)
...
006 (7861632.000.000) 05/19 01:38:24 Image size of job updated: 931660
	113  -  MemoryUsage of job (MB)
	114888  -  ResidentSetSize of job (KB)
...
006 (7861632.000.000) 05/19 01:43:25 Image size of job updated: 931660
	113  -  MemoryUsage of job (MB)
	114968  -  ResidentSetSize of job (KB)
...
006 (7861632.000.000) 05/19 01:48:26 Image size of job updated: 931660
	113  -  MemoryUsage of job (MB)
	115048  -  ResidentSetSize of job (KB)
...
006 (7861632.000.000) 05/19 01:53:26 Image size of job updated: 931660
	113  -  MemoryUsage of job (MB)
	115160  -  ResidentSetSize of job (KB)
...
006 (7861632.000.000) 05/19 01:58:26 Image size of job updated: 931660
	113  -  MemoryUsage of job (MB)
	115244  -  ResidentSetSize of job (KB)
...
006 (7861632.000.000) 05/19 02:03:27 Image size of job updated: 931660
	113  -  MemoryUsage of job (MB)
	115324  -  ResidentSetSize of job (KB)
...
006 (7861632.000.000) 05/19 02:08:28 Image size of job updated: 931660
	113  -  MemoryUsage of job (MB)
	115432  -  ResidentSetSize of job (KB)
...
006 (7861632.000.000) 05/19 02:13:28 Image size of job updated: 931660
	113  -  MemoryUsage of job (MB)
	115512  -  ResidentSetSize of job (KB)
...
006 (7861632.000.000) 05/19 02:18:28 Image size of job updated: 931660
	113  -  MemoryUsage of job (MB)
	115600  -  ResidentSetSize of job (KB)
...
006 (7861632.000.000) 05/19 02:23:29 Image size of job updated: 931660
	113  -  MemoryUsage of job (MB)
	115688  -  ResidentSetSize of job (KB)
...
006 (7861632.000.000) 05/19 02:28:30 Image size of job updated: 948044
	114  -  MemoryUsage of job (MB)
	115788  -  ResidentSetSize of job (KB)
...
006 (7861632.000.000) 05/19 02:33:30 Image size of job updated: 948044
	114  -  MemoryUsage of job (MB)
	115868  -  ResidentSetSize of job (KB)
...
006 (7861632.000.000) 05/19 02:38:31 Image size of job updated: 948044
	114  -  MemoryUsage of job (MB)
	115948  -  ResidentSetSize of job (KB)
...
006 (7861632.000.000) 05/19 02:43:32 Image size of job updated: 948044
	114  -  MemoryUsage of job (MB)
	116048  -  ResidentSetSize of job (KB)
...
006 (7861632.000.000) 05/19 02:48:32 Image size of job updated: 948044
	114  -  MemoryUsage of job (MB)
	116136  -  ResidentSetSize of job (KB)
...
006 (7861632.000.000) 05/19 02:53:32 Image size of job updated: 948044
	114  -  MemoryUsage of job (MB)
	116216  -  ResidentSetSize of job (KB)
...
006 (7861632.000.000) 05/19 02:58:33 Image size of job updated: 948044
	114  -  MemoryUsage of job (MB)
	116304  -  ResidentSetSize of job (KB)
...
006 (7861632.000.000) 05/19 03:03:34 Image size of job updated: 948044
	114  -  MemoryUsage of job (MB)
	116412  -  ResidentSetSize of job (KB)
...
006 (7861632.000.000) 05/19 03:08:34 Image size of job updated: 948044
	114  -  MemoryUsage of job (MB)
	116488  -  ResidentSetSize of job (KB)
...
006 (7861632.000.000) 05/19 03:13:35 Image size of job updated: 948044
	114  -  MemoryUsage of job (MB)
	116548  -  ResidentSetSize of job (KB)
...
006 (7861632.000.000) 05/19 03:18:36 Image size of job updated: 948044
	114  -  MemoryUsage of job (MB)
	116612  -  ResidentSetSize of job (KB)
...
006 (7861632.000.000) 05/19 03:23:37 Image size of job updated: 948044
	114  -  MemoryUsage of job (MB)
	116672  -  ResidentSetSize of job (KB)
...
006 (7861632.000.000) 05/19 03:28:37 Image size of job updated: 948044
	114  -  MemoryUsage of job (MB)
	116732  -  ResidentSetSize of job (KB)
...
006 (7861632.000.000) 05/19 03:33:37 Image size of job updated: 948044
	115  -  MemoryUsage of job (MB)
	116800  -  ResidentSetSize of job (KB)
...
006 (7861632.000.000) 05/19 03:38:39 Image size of job updated: 948044
	115  -  MemoryUsage of job (MB)
	116860  -  ResidentSetSize of job (KB)
...
006 (7861632.000.000) 05/19 03:43:39 Image size of job updated: 948044
	115  -  MemoryUsage of job (MB)
	116924  -  ResidentSetSize of job (KB)
...
006 (7861632.000.000) 05/19 03:48:39 Image size of job updated: 948044
	115  -  MemoryUsage of job (MB)
	116984  -  ResidentSetSize of job (KB)
...
006 (7861632.000.000) 05/19 03:53:40 Image size of job updated: 948044
	115  -  MemoryUsage of job (MB)
	117044  -  ResidentSetSize of job (KB)
...
006 (7861632.000.000) 05/19 03:58:42 Image size of job updated: 948044
	115  -  MemoryUsage of job (MB)
	117112  -  ResidentSetSize of job (KB)
...
006 (7861632.000.000) 05/19 04:03:42 Image size of job updated: 948044
	115  -  MemoryUsage of job (MB)
	117164  -  ResidentSetSize of job (KB)
...
006 (7861632.000.000) 05/19 04:08:42 Image size of job updated: 948044
	115  -  MemoryUsage of job (MB)
	117240  -  ResidentSetSize of job (KB)
...
006 (7861632.000.000) 05/19 04:13:42 Image size of job updated: 948044
	115  -  MemoryUsage of job (MB)
	117316  -  ResidentSetSize of job (KB)
...
006 (7861632.000.000) 05/19 04:18:43 Image size of job updated: 951636
	119  -  MemoryUsage of job (MB)
	120936  -  ResidentSetSize of job (KB)
...
006 (7861632.000.000) 05/19 04:23:44 Image size of job updated: 951636
	119  -  MemoryUsage of job (MB)
	120992  -  ResidentSetSize of job (KB)
...
006 (7861632.000.000) 05/19 04:28:44 Image size of job updated: 951636
	119  -  MemoryUsage of job (MB)
	121064  -  ResidentSetSize of job (KB)
...
006 (7861632.000.000) 05/19 04:33:45 Image size of job updated: 951636
	119  -  MemoryUsage of job (MB)
	121148  -  ResidentSetSize of job (KB)
...
006 (7861632.000.000) 05/19 04:38:47 Image size of job updated: 951636
	119  -  MemoryUsage of job (MB)
	121228  -  ResidentSetSize of job (KB)
...
006 (7861632.000.000) 05/19 04:43:47 Image size of job updated: 951636
	119  -  MemoryUsage of job (MB)
	121364  -  ResidentSetSize of job (KB)
...
006 (7861632.000.000) 05/19 04:48:47 Image size of job updated: 951636
	119  -  MemoryUsage of job (MB)
	121440  -  ResidentSetSize of job (KB)
...
006 (7861632.000.000) 05/19 04:53:47 Image size of job updated: 951636
	119  -  MemoryUsage of job (MB)
	121488  -  ResidentSetSize of job (KB)
...
006 (7861632.000.000) 05/19 04:58:48 Image size of job updated: 951636
	119  -  MemoryUsage of job (MB)
	121560  -  ResidentSetSize of job (KB)
...
006 (7861632.000.000) 05/19 05:03:49 Image size of job updated: 951636
	119  -  MemoryUsage of job (MB)
	121640  -  ResidentSetSize of job (KB)
...
006 (7861632.000.000) 05/19 05:08:49 Image size of job updated: 951636
	119  -  MemoryUsage of job (MB)
	121724  -  ResidentSetSize of job (KB)
...
006 (7861632.000.000) 05/19 05:13:50 Image size of job updated: 951636
	119  -  MemoryUsage of job (MB)
	121832  -  ResidentSetSize of job (KB)
...
006 (7861632.000.000) 05/19 05:18:51 Image size of job updated: 951636
	120  -  MemoryUsage of job (MB)
	121912  -  ResidentSetSize of job (KB)
...
006 (7861632.000.000) 05/19 05:23:51 Image size of job updated: 951636
	120  -  MemoryUsage of job (MB)
	121992  -  ResidentSetSize of job (KB)
...
006 (7861632.000.000) 05/19 05:28:51 Image size of job updated: 951636
	120  -  MemoryUsage of job (MB)
	122072  -  ResidentSetSize of job (KB)
...
006 (7861632.000.000) 05/19 05:33:52 Image size of job updated: 951636
	120  -  MemoryUsage of job (MB)
	122160  -  ResidentSetSize of job (KB)
...
006 (7861632.000.000) 05/19 05:38:53 Image size of job updated: 951636
	120  -  MemoryUsage of job (MB)
	122264  -  ResidentSetSize of job (KB)
...
006 (7861632.000.000) 05/19 05:43:53 Image size of job updated: 951636
	120  -  MemoryUsage of job (MB)
	122344  -  ResidentSetSize of job (KB)
...
006 (7861632.000.000) 05/19 05:48:53 Image size of job updated: 951636
	120  -  MemoryUsage of job (MB)
	122428  -  ResidentSetSize of job (KB)
...
006 (7861632.000.000) 05/19 05:53:54 Image size of job updated: 951636
	120  -  MemoryUsage of job (MB)
	122500  -  ResidentSetSize of job (KB)
...
006 (7861632.000.000) 05/19 05:58:54 Image size of job updated: 951636
	120  -  MemoryUsage of job (MB)
	122576  -  ResidentSetSize of job (KB)
...
006 (7861632.000.000) 05/19 06:03:54 Image size of job updated: 951636
	120  -  MemoryUsage of job (MB)
	122624  -  ResidentSetSize of job (KB)
...
006 (7861632.000.000) 05/19 06:08:55 Image size of job updated: 951636
	120  -  MemoryUsage of job (MB)
	122696  -  ResidentSetSize of job (KB)
...
006 (7861632.000.000) 05/19 06:13:56 Image size of job updated: 951636
	120  -  MemoryUsage of job (MB)
	122760  -  ResidentSetSize of job (KB)
...
006 (7861632.000.000) 05/19 06:18:56 Image size of job updated: 951636
	120  -  MemoryUsage of job (MB)
	122848  -  ResidentSetSize of job (KB)
...
006 (7861632.000.000) 05/19 06:23:56 Image size of job updated: 951636
	121  -  MemoryUsage of job (MB)
	122932  -  ResidentSetSize of job (KB)
...
006 (7861632.000.000) 05/19 06:28:57 Image size of job updated: 951636
	121  -  MemoryUsage of job (MB)
	123008  -  ResidentSetSize of job (KB)
...
006 (7861632.000.000) 05/19 06:33:58 Image size of job updated: 951636
	121  -  MemoryUsage of job (MB)
	123092  -  ResidentSetSize of job (KB)
...
006 (7861632.000.000) 05/19 06:38:58 Image size of job updated: 951636
	121  -  MemoryUsage of job (MB)
	123180  -  ResidentSetSize of job (KB)
...
006 (7861632.000.000) 05/19 06:43:58 Image size of job updated: 951636
	121  -  MemoryUsage of job (MB)
	123280  -  ResidentSetSize of job (KB)
...
006 (7861632.000.000) 05/19 06:48:59 Image size of job updated: 951636
	121  -  MemoryUsage of job (MB)
	123364  -  ResidentSetSize of job (KB)
...
006 (7861632.000.000) 05/19 06:54:00 Image size of job updated: 951636
	121  -  MemoryUsage of job (MB)
	123444  -  ResidentSetSize of job (KB)
...
006 (7861632.000.000) 05/19 06:59:00 Image size of job updated: 951636
	121  -  MemoryUsage of job (MB)
	123532  -  ResidentSetSize of job (KB)
...
006 (7861632.000.000) 05/19 07:04:00 Image size of job updated: 951636
	121  -  MemoryUsage of job (MB)
	123632  -  ResidentSetSize of job (KB)
...
006 (7861632.000.000) 05/19 07:09:02 Image size of job updated: 951636
	121  -  MemoryUsage of job (MB)
	123712  -  ResidentSetSize of job (KB)
...
006 (7861632.000.000) 05/19 07:14:02 Image size of job updated: 951636
	121  -  MemoryUsage of job (MB)
	123796  -  ResidentSetSize of job (KB)
...
006 (7861632.000.000) 05/19 07:19:02 Image size of job updated: 951636
	121  -  MemoryUsage of job (MB)
	123868  -  ResidentSetSize of job (KB)
...
006 (7861632.000.000) 05/19 07:24:03 Image size of job updated: 951636
	122  -  MemoryUsage of job (MB)
	123944  -  ResidentSetSize of job (KB)
...
006 (7861632.000.000) 05/19 07:29:04 Image size of job updated: 951636
	122  -  MemoryUsage of job (MB)
	124032  -  ResidentSetSize of job (KB)
...
006 (7861632.000.000) 05/19 07:34:04 Image size of job updated: 951636
	122  -  MemoryUsage of job (MB)
	124140  -  ResidentSetSize of job (KB)
...
006 (7861632.000.000) 05/19 07:39:04 Image size of job updated: 951636
	122  -  MemoryUsage of job (MB)
	124216  -  ResidentSetSize of job (KB)
...
006 (7861632.000.000) 05/19 07:44:05 Image size of job updated: 951636
	122  -  MemoryUsage of job (MB)
	124296  -  ResidentSetSize of job (KB)
...
006 (7861632.000.000) 05/19 07:49:05 Image size of job updated: 951636
	122  -  MemoryUsage of job (MB)
	124376  -  ResidentSetSize of job (KB)
...
006 (7861632.000.000) 05/19 07:54:05 Image size of job updated: 951636
	122  -  MemoryUsage of job (MB)
	124460  -  ResidentSetSize of job (KB)
...
006 (7861632.000.000) 05/19 07:59:06 Image size of job updated: 951636
	122  -  MemoryUsage of job (MB)
	124568  -  ResidentSetSize of job (KB)
...
006 (7861632.000.000) 05/19 08:04:07 Image size of job updated: 951636
	122  -  MemoryUsage of job (MB)
	124648  -  ResidentSetSize of job (KB)
...
006 (7861632.000.000) 05/19 08:09:07 Image size of job updated: 951636
	122  -  MemoryUsage of job (MB)
	124732  -  ResidentSetSize of job (KB)
...
006 (7861632.000.000) 05/19 08:14:07 Image size of job updated: 951636
	122  -  MemoryUsage of job (MB)
	124812  -  ResidentSetSize of job (KB)
...
006 (7861632.000.000) 05/19 08:19:08 Image size of job updated: 951636
	122  -  MemoryUsage of job (MB)
	124908  -  ResidentSetSize of job (KB)
...
006 (7861632.000.000) 05/19 08:24:09 Image size of job updated: 951636
	123  -  MemoryUsage of job (MB)
	124996  -  ResidentSetSize of job (KB)
...
006 (7861632.000.000) 05/19 08:29:09 Image size of job updated: 951636
	123  -  MemoryUsage of job (MB)
	125044  -  ResidentSetSize of job (KB)
...
006 (7861632.000.000) 05/19 08:34:09 Image size of job updated: 951636
	123  -  MemoryUsage of job (MB)
	125120  -  ResidentSetSize of job (KB)
...
006 (7861632.000.000) 05/19 08:39:10 Image size of job updated: 951636
	123  -  MemoryUsage of job (MB)
	125200  -  ResidentSetSize of job (KB)
...
006 (7861632.000.000) 05/19 08:44:11 Image size of job updated: 951636
	123  -  MemoryUsage of job (MB)
	125280  -  ResidentSetSize of job (KB)
...
006 (7861632.000.000) 05/19 08:49:11 Image size of job updated: 951636
	123  -  MemoryUsage of job (MB)
	125356  -  ResidentSetSize of job (KB)
...
006 (7861632.000.000) 05/19 08:54:11 Image size of job updated: 951636
	123  -  MemoryUsage of job (MB)
	125436  -  ResidentSetSize of job (KB)
...
006 (7861632.000.000) 05/19 08:59:12 Image size of job updated: 951636
	123  -  MemoryUsage of job (MB)
	125536  -  ResidentSetSize of job (KB)
...
006 (7861632.000.000) 05/19 09:04:13 Image size of job updated: 955236
	127  -  MemoryUsage of job (MB)
	129200  -  ResidentSetSize of job (KB)
...
006 (7861632.000.000) 05/19 09:09:13 Image size of job updated: 955236
	127  -  MemoryUsage of job (MB)
	129280  -  ResidentSetSize of job (KB)
...
006 (7861632.000.000) 05/19 09:14:13 Image size of job updated: 955236
	127  -  MemoryUsage of job (MB)
	129360  -  ResidentSetSize of job (KB)
...
006 (7861632.000.000) 05/19 09:19:14 Image size of job updated: 955236
	127  -  MemoryUsage of job (MB)
	129440  -  ResidentSetSize of job (KB)
...
006 (7861632.000.000) 05/19 09:24:15 Image size of job updated: 955236
	127  -  MemoryUsage of job (MB)
	129520  -  ResidentSetSize of job (KB)
...
006 (7861632.000.000) 05/19 09:29:15 Image size of job updated: 955236
	127  -  MemoryUsage of job (MB)
	129600  -  ResidentSetSize of job (KB)
...
006 (7861632.000.000) 05/19 09:34:15 Image size of job updated: 955236
	127  -  MemoryUsage of job (MB)
	129696  -  ResidentSetSize of job (KB)
...
006 (7861632.000.000) 05/19 09:39:16 Image size of job updated: 955236
	127  -  MemoryUsage of job (MB)
	129788  -  ResidentSetSize of job (KB)
...
006 (7861632.000.000) 05/19 09:44:17 Image size of job updated: 955236
	127  -  MemoryUsage of job (MB)
	129868  -  ResidentSetSize of job (KB)
...
006 (7861632.000.000) 05/19 09:49:17 Image size of job updated: 955236
	127  -  MemoryUsage of job (MB)
	129944  -  ResidentSetSize of job (KB)
...
040 (7861632.000.000) 05/19 09:51:34 Started transferring output files
...
040 (7861632.000.000) 05/19 09:51:34 Finished transferring output files
...
009 (7861632.000.000) 05/19 09:51:35 Job was aborted by the user.
	Job removed by SYSTEM_PERIODIC_REMOVE due to wall time exceeded allowed max.
...
