subject   : /DC=ch/DC=cern/OU=Organic Units/OU=Users/CN=kuanyu/CN=852171/CN=Kuanyu Chen/CN=1888444563
issuer    : /DC=ch/DC=cern/OU=Organic Units/OU=Users/CN=kuanyu/CN=852171/CN=Kuanyu Chen
identity  : /DC=ch/DC=cern/OU=Organic Units/OU=Users/CN=kuanyu/CN=852171/CN=Kuanyu Chen
type      : RFC3820 compliant impersonation proxy
strength  : 2048
path      : /afs/cern.ch/user/k/kuanyu/private/x509up
timeleft  : 159:38:44
key usage : Digital Signature, Key Encipherment
=== VO cms extension information ===
VO        : cms
subject   : /DC=ch/DC=cern/OU=Organic Units/OU=Users/CN=kuanyu/CN=852171/CN=Kuanyu Chen
issuer    : /DC=ch/DC=cern/OU=computers/CN=lcg-voms2.cern.ch
attribute : /cms/Role=NULL/Capability=NULL
timeleft  : 159:38:44
uri       : lcg-voms2.cern.ch:15002

subject   : /DC=ch/DC=cern/OU=Organic Units/OU=Users/CN=kuanyu/CN=852171/CN=Kuanyu Chen/CN=1888444563
issuer    : /DC=ch/DC=cern/OU=Organic Units/OU=Users/CN=kuanyu/CN=852171/CN=Kuanyu Chen
identity  : /DC=ch/DC=cern/OU=Organic Units/OU=Users/CN=kuanyu/CN=852171/CN=Kuanyu Chen
type      : RFC3820 compliant impersonation proxy
strength  : 2048
path      : /afs/cern.ch/user/k/kuanyu/private/x509up
timeleft  : 159:38:44
key usage : Digital Signature, Key Encipherment
=== VO cms extension information ===
VO        : cms
subject   : /DC=ch/DC=cern/OU=Organic Units/OU=Users/CN=kuanyu/CN=852171/CN=Kuanyu Chen
issuer    : /DC=ch/DC=cern/OU=computers/CN=lcg-voms2.cern.ch
attribute : /cms/Role=NULL/Capability=NULL
timeleft  : 159:38:44
uri       : lcg-voms2.cern.ch:15002

1 is DYJetsToLL_Pt-650ToInf_TuneCUETP8M1_13TeV-amcatnloFXFX-pythia8.txt
2 is fullDYPT650_Inf.root
   ------------------------------------------------------------------
  | Welcome to ROOT 6.22/08                        https://root.cern |
  | (c) 1995-2020, The ROOT Team; conception: R. Brun, F. Rademakers |
  | Built for linuxx8664gcc on Mar 10 2021, 14:20:04                 |
  | From tags/v6-22-08@v6-22-08                                      |
  | Try '.help', '.demo', '.license', '.credits', '.quit'/'.q'       |
   ------------------------------------------------------------------


Processing ./xAna_ztoee.C("DYJetsToLL_Pt-650ToInf_TuneCUETP8M1_13TeV-amcatnloFXFX-pythia8.txt","fullDYPT650_Inf.root")...
SumWeight = 668552
finish the code
